<?xml version="1.0" ?>
<!DOCTYPE coverage SYSTEM "http://cobertura.sourceforge.net/xml/coverage-04.dtd">
<coverage lines-valid="968"  lines-covered="692"  line-rate="0.7149"  branches-valid="478"  branches-covered="273"  branch-rate="0.5710999999999999"  timestamp="1464979805773" complexity="0" version="0.1">
<sources>
	<source>/Users/Verbal/edmond/mean</source>
</sources>
<packages>
	<package name="mean"  line-rate="1"  branch-rate="1" >
	<classes>
		<class name="test.js"  filename="test.js"  line-rate="1"  branch-rate="1" >
		<methods>
			<method name="(anonymous_1)"  hits="1"  signature="()V" >
				<lines><line number="10"  hits="1" /></lines>
			</method>
		</methods>
		<lines>
			<line number="7"  hits="1"  branch="false" />
			<line number="8"  hits="1"  branch="false" />
			<line number="10"  hits="1"  branch="false" />
			<line number="11"  hits="1"  branch="false" />
		</lines>
		</class>
	</classes>
	</package>
	<package name="mean.config"  line-rate="0.8049"  branch-rate="0.5946" >
	<classes>
		<class name="config.js"  filename="config/config.js"  line-rate="0.8049"  branch-rate="0.5946" >
		<methods>
			<method name="(anonymous_1)"  hits="37"  signature="()V" >
				<lines><line number="15"  hits="37" /></lines>
			</method>
			<method name="(anonymous_2)"  hits="22"  signature="()V" >
				<lines><line number="24"  hits="22" /></lines>
			</method>
			<method name="(anonymous_3)"  hits="78"  signature="()V" >
				<lines><line number="33"  hits="78" /></lines>
			</method>
			<method name="(anonymous_4)"  hits="1"  signature="()V" >
				<lines><line number="56"  hits="1" /></lines>
			</method>
			<method name="(anonymous_5)"  hits="1"  signature="()V" >
				<lines><line number="75"  hits="1" /></lines>
			</method>
			<method name="(anonymous_6)"  hits="5"  signature="()V" >
				<lines><line number="95"  hits="5" /></lines>
			</method>
			<method name="(anonymous_7)"  hits="1"  signature="()V" >
				<lines><line number="117"  hits="1" /></lines>
			</method>
			<method name="(anonymous_8)"  hits="1"  signature="()V" >
				<lines><line number="131"  hits="1" /></lines>
			</method>
			<method name="(anonymous_9)"  hits="1"  signature="()V" >
				<lines><line number="166"  hits="1" /></lines>
			</method>
		</methods>
		<lines>
			<line number="6"  hits="1"  branch="false" />
			<line number="15"  hits="1"  branch="false" />
			<line number="17"  hits="37"  branch="false" />
			<line number="20"  hits="37"  branch="false" />
			<line number="23"  hits="37"  branch="true"  condition-coverage="100% (2/2)" />
			<line number="24"  hits="6"  branch="false" />
			<line number="25"  hits="22"  branch="false" />
			<line number="27"  hits="31"  branch="true"  condition-coverage="100% (2/2)" />
			<line number="28"  hits="30"  branch="true"  condition-coverage="50% (1/2)" />
			<line number="29"  hits="0"  branch="false" />
			<line number="31"  hits="30"  branch="false" />
			<line number="32"  hits="30"  branch="true"  condition-coverage="100% (2/2)" />
			<line number="33"  hits="20"  branch="false" />
			<line number="34"  hits="78"  branch="true"  condition-coverage="100% (2/2)" />
			<line number="35"  hits="60"  branch="false" />
			<line number="36"  hits="60"  branch="true"  condition-coverage="50% (1/2)" />
			<line number="37"  hits="60"  branch="false" />
			<line number="41"  hits="18"  branch="false" />
			<line number="43"  hits="78"  branch="false" />
			<line number="46"  hits="30"  branch="false" />
			<line number="50"  hits="37"  branch="false" />
			<line number="56"  hits="1"  branch="false" />
			<line number="57"  hits="1"  branch="false" />
			<line number="58"  hits="1"  branch="false" />
			<line number="59"  hits="1"  branch="true"  condition-coverage="50% (1/2)" />
			<line number="60"  hits="0"  branch="true"  condition-coverage="0% (0/2)" />
			<line number="61"  hits="0"  branch="false" />
			<line number="63"  hits="0"  branch="false" />
			<line number="65"  hits="0"  branch="false" />
			<line number="68"  hits="1"  branch="false" />
			<line number="75"  hits="1"  branch="false" />
			<line number="77"  hits="1"  branch="true"  condition-coverage="50% (2/4)" />
			<line number="78"  hits="1"  branch="false" />
			<line number="81"  hits="0"  branch="false" />
			<line number="82"  hits="0"  branch="false" />
			<line number="84"  hits="0"  branch="true"  condition-coverage="0% (0/4)" />
			<line number="85"  hits="0"  branch="false" />
			<line number="86"  hits="0"  branch="false" />
			<line number="87"  hits="0"  branch="false" />
			<line number="88"  hits="0"  branch="false" />
			<line number="95"  hits="1"  branch="false" />
			<line number="97"  hits="5"  branch="true"  condition-coverage="100% (2/2)" />
			<line number="98"  hits="3"  branch="false" />
			<line number="101"  hits="2"  branch="true"  condition-coverage="100% (2/2)" />
			<line number="102"  hits="1"  branch="true"  condition-coverage="50% (1/2)" />
			<line number="103"  hits="0"  branch="false" />
			<line number="104"  hits="0"  branch="false" />
			<line number="105"  hits="0"  branch="false" />
			<line number="106"  hits="0"  branch="false" />
			<line number="108"  hits="1"  branch="false" />
			<line number="110"  hits="1"  branch="false" />
			<line number="117"  hits="1"  branch="false" />
			<line number="119"  hits="1"  branch="false" />
			<line number="125"  hits="1"  branch="false" />
			<line number="131"  hits="1"  branch="false" />
			<line number="133"  hits="1"  branch="false" />
			<line number="139"  hits="1"  branch="false" />
			<line number="142"  hits="1"  branch="false" />
			<line number="145"  hits="1"  branch="false" />
			<line number="148"  hits="1"  branch="false" />
			<line number="151"  hits="1"  branch="false" />
			<line number="154"  hits="1"  branch="false" />
			<line number="157"  hits="1"  branch="false" />
			<line number="160"  hits="1"  branch="false" />
			<line number="166"  hits="1"  branch="false" />
			<line number="168"  hits="1"  branch="false" />
			<line number="171"  hits="1"  branch="false" />
			<line number="174"  hits="1"  branch="true"  condition-coverage="50% (1/2)" />
			<line number="177"  hits="1"  branch="false" />
			<line number="180"  hits="1"  branch="false" />
			<line number="183"  hits="1"  branch="true"  condition-coverage="50% (1/2)" />
			<line number="186"  hits="1"  branch="false" />
			<line number="189"  hits="1"  branch="false" />
			<line number="190"  hits="1"  branch="false" />
			<line number="193"  hits="1"  branch="true"  condition-coverage="66.66666666666666% (2/3)" />
			<line number="196"  hits="1"  branch="false" />
			<line number="199"  hits="1"  branch="false" />
			<line number="202"  hits="1"  branch="false" />
			<line number="205"  hits="1"  branch="false" />
			<line number="208"  hits="1"  branch="false" />
			<line number="213"  hits="1"  branch="false" />
			<line number="219"  hits="1"  branch="false" />
		</lines>
		</class>
	</classes>
	</package>
	<package name="mean.config.assets"  line-rate="1"  branch-rate="1" >
	<classes>
		<class name="default.js"  filename="config/assets/default.js"  line-rate="1"  branch-rate="1" >
		<methods>
		</methods>
		<lines>
			<line number="3"  hits="1"  branch="false" />
		</lines>
		</class>
		<class name="test.js"  filename="config/assets/test.js"  line-rate="1"  branch-rate="1" >
		<methods>
		</methods>
		<lines>
			<line number="3"  hits="1"  branch="false" />
		</lines>
		</class>
	</classes>
	</package>
	<package name="mean.config.env"  line-rate="1"  branch-rate="1" >
	<classes>
		<class name="default.js"  filename="config/env/default.js"  line-rate="1"  branch-rate="1" >
		<methods>
		</methods>
		<lines>
			<line number="3"  hits="1"  branch="false" />
		</lines>
		</class>
		<class name="test.js"  filename="config/env/test.js"  line-rate="1"  branch-rate="1" >
		<methods>
		</methods>
		<lines>
			<line number="3"  hits="1"  branch="false" />
			<line number="5"  hits="1"  branch="false" />
		</lines>
		</class>
	</classes>
	</package>
	<package name="mean.config.lib"  line-rate="0.7363"  branch-rate="0.4902" >
	<classes>
		<class name="app.js"  filename="config/lib/app.js"  line-rate="0.35710000000000003"  branch-rate="0.3333" >
		<methods>
			<method name="seedDB"  hits="1"  signature="()V" >
				<lines><line number="12"  hits="1" /></lines>
			</method>
			<method name="loadModels"  hits="0"  signature="()V" >
				<lines><line number="22"  hits="0" /></lines>
			</method>
			<method name="init"  hits="1"  signature="()V" >
				<lines><line number="26"  hits="1" /></lines>
			</method>
			<method name="(anonymous_4)"  hits="1"  signature="()V" >
				<lines><line number="27"  hits="1" /></lines>
			</method>
			<method name="start"  hits="0"  signature="()V" >
				<lines><line number="35"  hits="0" /></lines>
			</method>
			<method name="(anonymous_6)"  hits="0"  signature="()V" >
				<lines><line number="38"  hits="0" /></lines>
			</method>
			<method name="(anonymous_7)"  hits="0"  signature="()V" >
				<lines><line number="41"  hits="0" /></lines>
			</method>
		</methods>
		<lines>
			<line number="6"  hits="1"  branch="false" />
			<line number="12"  hits="1"  branch="false" />
			<line number="13"  hits="1"  branch="true"  condition-coverage="75% (3/4)" />
			<line number="14"  hits="0"  branch="false" />
			<line number="15"  hits="0"  branch="false" />
			<line number="20"  hits="1"  branch="false" />
			<line number="22"  hits="1"  branch="false" />
			<line number="23"  hits="0"  branch="false" />
			<line number="26"  hits="1"  branch="false" />
			<line number="27"  hits="1"  branch="false" />
			<line number="29"  hits="1"  branch="false" />
			<line number="30"  hits="1"  branch="true"  condition-coverage="50% (1/2)" />
			<line number="35"  hits="1"  branch="false" />
			<line number="36"  hits="0"  branch="false" />
			<line number="38"  hits="0"  branch="false" />
			<line number="41"  hits="0"  branch="false" />
			<line number="43"  hits="0"  branch="true"  condition-coverage="0% (0/2)" />
			<line number="45"  hits="0"  branch="false" />
			<line number="46"  hits="0"  branch="false" />
			<line number="47"  hits="0"  branch="false" />
			<line number="48"  hits="0"  branch="false" />
			<line number="49"  hits="0"  branch="false" />
			<line number="50"  hits="0"  branch="false" />
			<line number="51"  hits="0"  branch="false" />
			<line number="52"  hits="0"  branch="true"  condition-coverage="0% (0/2)" />
			<line number="53"  hits="0"  branch="false" />
			<line number="54"  hits="0"  branch="false" />
			<line number="56"  hits="0"  branch="true"  condition-coverage="0% (0/2)" />
		</lines>
		</class>
		<class name="express.js"  filename="config/lib/express.js"  line-rate="0.907"  branch-rate="0.4286" >
		<methods>
			<method name="(anonymous_1)"  hits="4"  signature="()V" >
				<lines><line number="27"  hits="4" /></lines>
			</method>
			<method name="(anonymous_2)"  hits="97"  signature="()V" >
				<lines><line number="44"  hits="97" /></lines>
			</method>
			<method name="(anonymous_3)"  hits="4"  signature="()V" >
				<lines><line number="54"  hits="4" /></lines>
			</method>
			<method name="(anonymous_4)"  hits="97"  signature="()V" >
				<lines><line number="63"  hits="97" /></lines>
			</method>
			<method name="(anonymous_5)"  hits="4"  signature="()V" >
				<lines><line number="100"  hits="4" /></lines>
			</method>
			<method name="(anonymous_6)"  hits="4"  signature="()V" >
				<lines><line number="112"  hits="4" /></lines>
			</method>
			<method name="(anonymous_7)"  hits="4"  signature="()V" >
				<lines><line number="137"  hits="4" /></lines>
			</method>
			<method name="(anonymous_8)"  hits="12"  signature="()V" >
				<lines><line number="138"  hits="12" /></lines>
			</method>
			<method name="(anonymous_9)"  hits="4"  signature="()V" >
				<lines><line number="146"  hits="4" /></lines>
			</method>
			<method name="(anonymous_10)"  hits="4"  signature="()V" >
				<lines><line number="164"  hits="4" /></lines>
			</method>
			<method name="(anonymous_11)"  hits="20"  signature="()V" >
				<lines><line number="169"  hits="20" /></lines>
			</method>
			<method name="(anonymous_12)"  hits="4"  signature="()V" >
				<lines><line number="177"  hits="4" /></lines>
			</method>
			<method name="(anonymous_13)"  hits="12"  signature="()V" >
				<lines><line number="179"  hits="12" /></lines>
			</method>
			<method name="(anonymous_14)"  hits="4"  signature="()V" >
				<lines><line number="187"  hits="4" /></lines>
			</method>
			<method name="(anonymous_15)"  hits="24"  signature="()V" >
				<lines><line number="189"  hits="24" /></lines>
			</method>
			<method name="(anonymous_16)"  hits="4"  signature="()V" >
				<lines><line number="197"  hits="4" /></lines>
			</method>
			<method name="(anonymous_17)"  hits="0"  signature="()V" >
				<lines><line number="198"  hits="0" /></lines>
			</method>
			<method name="(anonymous_18)"  hits="4"  signature="()V" >
				<lines><line number="215"  hits="4" /></lines>
			</method>
			<method name="(anonymous_19)"  hits="4"  signature="()V" >
				<lines><line number="226"  hits="4" /></lines>
			</method>
		</methods>
		<lines>
			<line number="6"  hits="1"  branch="false" />
			<line number="27"  hits="1"  branch="false" />
			<line number="29"  hits="4"  branch="false" />
			<line number="30"  hits="4"  branch="false" />
			<line number="31"  hits="4"  branch="true"  condition-coverage="50% (2/4)" />
			<line number="32"  hits="0"  branch="false" />
			<line number="34"  hits="4"  branch="false" />
			<line number="35"  hits="4"  branch="false" />
			<line number="36"  hits="4"  branch="false" />
			<line number="37"  hits="4"  branch="false" />
			<line number="38"  hits="4"  branch="false" />
			<line number="39"  hits="4"  branch="false" />
			<line number="40"  hits="4"  branch="false" />
			<line number="41"  hits="4"  branch="false" />
			<line number="44"  hits="4"  branch="false" />
			<line number="45"  hits="97"  branch="false" />
			<line number="46"  hits="97"  branch="false" />
			<line number="47"  hits="97"  branch="false" />
			<line number="54"  hits="1"  branch="false" />
			<line number="56"  hits="4"  branch="false" />
			<line number="59"  hits="4"  branch="false" />
			<line number="62"  hits="4"  branch="false" />
			<line number="64"  hits="97"  branch="false" />
			<line number="70"  hits="4"  branch="false" />
			<line number="73"  hits="4"  branch="true"  condition-coverage="50% (1/2)" />
			<line number="74"  hits="0"  branch="false" />
			<line number="78"  hits="4"  branch="true"  condition-coverage="50% (1/2)" />
			<line number="80"  hits="0"  branch="false" />
			<line number="81"  hits="4"  branch="true"  condition-coverage="50% (1/2)" />
			<line number="82"  hits="0"  branch="false" />
			<line number="86"  hits="4"  branch="false" />
			<line number="89"  hits="4"  branch="false" />
			<line number="90"  hits="4"  branch="false" />
			<line number="93"  hits="4"  branch="false" />
			<line number="94"  hits="4"  branch="false" />
			<line number="100"  hits="1"  branch="false" />
			<line number="102"  hits="4"  branch="false" />
			<line number="105"  hits="4"  branch="false" />
			<line number="106"  hits="4"  branch="false" />
			<line number="112"  hits="1"  branch="false" />
			<line number="114"  hits="4"  branch="false" />
			<line number="131"  hits="4"  branch="false" />
			<line number="137"  hits="1"  branch="false" />
			<line number="138"  hits="4"  branch="false" />
			<line number="139"  hits="12"  branch="false" />
			<line number="146"  hits="1"  branch="false" />
			<line number="148"  hits="4"  branch="false" />
			<line number="149"  hits="4"  branch="false" />
			<line number="150"  hits="4"  branch="false" />
			<line number="151"  hits="4"  branch="false" />
			<line number="152"  hits="4"  branch="false" />
			<line number="153"  hits="4"  branch="false" />
			<line number="158"  hits="4"  branch="false" />
			<line number="164"  hits="1"  branch="false" />
			<line number="166"  hits="4"  branch="false" />
			<line number="169"  hits="4"  branch="false" />
			<line number="170"  hits="20"  branch="false" />
			<line number="177"  hits="1"  branch="false" />
			<line number="179"  hits="4"  branch="false" />
			<line number="180"  hits="12"  branch="false" />
			<line number="187"  hits="1"  branch="false" />
			<line number="189"  hits="4"  branch="false" />
			<line number="190"  hits="24"  branch="false" />
			<line number="197"  hits="1"  branch="false" />
			<line number="198"  hits="4"  branch="false" />
			<line number="200"  hits="0"  branch="true"  condition-coverage="0% (0/2)" />
			<line number="201"  hits="0"  branch="false" />
			<line number="205"  hits="0"  branch="false" />
			<line number="208"  hits="0"  branch="false" />
			<line number="215"  hits="1"  branch="false" />
			<line number="217"  hits="4"  branch="false" />
			<line number="220"  hits="4"  branch="false" />
			<line number="226"  hits="1"  branch="false" />
			<line number="228"  hits="4"  branch="false" />
			<line number="231"  hits="4"  branch="false" />
			<line number="234"  hits="4"  branch="false" />
			<line number="237"  hits="4"  branch="false" />
			<line number="240"  hits="4"  branch="false" />
			<line number="243"  hits="4"  branch="false" />
			<line number="246"  hits="4"  branch="false" />
			<line number="249"  hits="4"  branch="false" />
			<line number="252"  hits="4"  branch="false" />
			<line number="255"  hits="4"  branch="false" />
			<line number="258"  hits="4"  branch="false" />
			<line number="261"  hits="4"  branch="false" />
			<line number="263"  hits="4"  branch="false" />
		</lines>
		</class>
		<class name="logger.js"  filename="config/lib/logger.js"  line-rate="0.6667000000000001"  branch-rate="0.6154" >
		<methods>
			<method name="(anonymous_1)"  hits="0"  signature="()V" >
				<lines><line number="32"  hits="0" /></lines>
			</method>
			<method name="setupFileLogger"  hits="1"  signature="()V" >
				<lines><line number="42"  hits="1" /></lines>
			</method>
			<method name="getLogOptions"  hits="4"  signature="()V" >
				<lines><line number="75"  hits="4" /></lines>
			</method>
			<method name="getMorganOptions"  hits="1"  signature="()V" >
				<lines><line number="114"  hits="1" /></lines>
			</method>
			<method name="getLogFormat"  hits="2"  signature="()V" >
				<lines><line number="127"  hits="2" /></lines>
			</method>
		</methods>
		<lines>
			<line number="3"  hits="1"  branch="false" />
			<line number="10"  hits="1"  branch="false" />
			<line number="14"  hits="1"  branch="false" />
			<line number="31"  hits="1"  branch="false" />
			<line number="33"  hits="0"  branch="false" />
			<line number="42"  hits="1"  branch="false" />
			<line number="44"  hits="1"  branch="false" />
			<line number="45"  hits="1"  branch="true"  condition-coverage="50% (1/2)" />
			<line number="46"  hits="1"  branch="false" />
			<line number="49"  hits="0"  branch="false" />
			<line number="52"  hits="0"  branch="true"  condition-coverage="0% (0/2)" />
			<line number="53"  hits="0"  branch="false" />
			<line number="56"  hits="0"  branch="false" />
			<line number="58"  hits="0"  branch="true"  condition-coverage="0% (0/2)" />
			<line number="59"  hits="0"  branch="false" />
			<line number="60"  hits="0"  branch="false" />
			<line number="61"  hits="0"  branch="false" />
			<line number="62"  hits="0"  branch="false" />
			<line number="65"  hits="0"  branch="false" />
			<line number="75"  hits="1"  branch="false" />
			<line number="77"  hits="4"  branch="false" />
			<line number="78"  hits="4"  branch="true"  condition-coverage="100% (2/2)" />
			<line number="79"  hits="3"  branch="false" />
			<line number="82"  hits="4"  branch="false" />
			<line number="84"  hits="4"  branch="true"  condition-coverage="100% (4/4)" />
			<line number="85"  hits="3"  branch="false" />
			<line number="86"  hits="3"  branch="false" />
			<line number="89"  hits="1"  branch="false" />
			<line number="91"  hits="1"  branch="false" />
			<line number="114"  hits="1"  branch="false" />
			<line number="116"  hits="1"  branch="false" />
			<line number="127"  hits="1"  branch="false" />
			<line number="128"  hits="2"  branch="true"  condition-coverage="75% (3/4)" />
			<line number="131"  hits="2"  branch="true"  condition-coverage="100% (2/2)" />
			<line number="132"  hits="1"  branch="false" />
			<line number="134"  hits="1"  branch="true"  condition-coverage="50% (1/2)" />
			<line number="135"  hits="0"  branch="false" />
			<line number="136"  hits="0"  branch="false" />
			<line number="137"  hits="0"  branch="false" />
			<line number="141"  hits="2"  branch="false" />
			<line number="144"  hits="1"  branch="false" />
			<line number="146"  hits="1"  branch="false" />
		</lines>
		</class>
		<class name="mongoose.js"  filename="config/lib/mongoose.js"  line-rate="0.7059000000000001"  branch-rate="0.5" >
		<methods>
			<method name="(anonymous_1)"  hits="1"  signature="()V" >
				<lines><line number="12"  hits="1" /></lines>
			</method>
			<method name="(anonymous_2)"  hits="3"  signature="()V" >
				<lines><line number="14"  hits="3" /></lines>
			</method>
			<method name="(anonymous_3)"  hits="1"  signature="()V" >
				<lines><line number="22"  hits="1" /></lines>
			</method>
			<method name="(anonymous_4)"  hits="1"  signature="()V" >
				<lines><line number="25"  hits="1" /></lines>
			</method>
			<method name="(anonymous_5)"  hits="0"  signature="()V" >
				<lines><line number="41"  hits="0" /></lines>
			</method>
			<method name="(anonymous_6)"  hits="0"  signature="()V" >
				<lines><line number="42"  hits="0" /></lines>
			</method>
		</methods>
		<lines>
			<line number="6"  hits="1"  branch="false" />
			<line number="12"  hits="1"  branch="false" />
			<line number="14"  hits="1"  branch="false" />
			<line number="15"  hits="3"  branch="false" />
			<line number="18"  hits="1"  branch="true"  condition-coverage="50% (1/2)" />
			<line number="22"  hits="1"  branch="false" />
			<line number="23"  hits="1"  branch="false" />
			<line number="25"  hits="1"  branch="false" />
			<line number="27"  hits="1"  branch="true"  condition-coverage="50% (1/2)" />
			<line number="28"  hits="0"  branch="false" />
			<line number="29"  hits="0"  branch="false" />
			<line number="33"  hits="1"  branch="false" />
			<line number="36"  hits="1"  branch="true"  condition-coverage="50% (1/2)" />
			<line number="41"  hits="1"  branch="false" />
			<line number="42"  hits="0"  branch="false" />
			<line number="43"  hits="0"  branch="false" />
			<line number="44"  hits="0"  branch="false" />
		</lines>
		</class>
		<class name="multer.js"  filename="config/lib/multer.js"  line-rate="0.25"  branch-rate="0" >
		<methods>
			<method name="(anonymous_1)"  hits="0"  signature="()V" >
				<lines><line number="3"  hits="0" /></lines>
			</method>
		</methods>
		<lines>
			<line number="3"  hits="1"  branch="false" />
			<line number="4"  hits="0"  branch="true"  condition-coverage="0% (0/6)" />
			<line number="5"  hits="0"  branch="false" />
			<line number="7"  hits="0"  branch="false" />
		</lines>
		</class>
		<class name="seed.js"  filename="config/lib/seed.js"  line-rate="0.9118"  branch-rate="0.7917000000000001" >
		<methods>
			<method name="removeUser"  hits="7"  signature="()V" >
				<lines><line number="12"  hits="7" /></lines>
			</method>
			<method name="(anonymous_2)"  hits="7"  signature="()V" >
				<lines><line number="13"  hits="7" /></lines>
			</method>
			<method name="(anonymous_3)"  hits="7"  signature="()V" >
				<lines><line number="15"  hits="7" /></lines>
			</method>
			<method name="saveUser"  hits="10"  signature="()V" >
				<lines><line number="24"  hits="10" /></lines>
			</method>
			<method name="(anonymous_5)"  hits="9"  signature="()V" >
				<lines><line number="25"  hits="9" /></lines>
			</method>
			<method name="(anonymous_6)"  hits="9"  signature="()V" >
				<lines><line number="26"  hits="9" /></lines>
			</method>
			<method name="(anonymous_7)"  hits="9"  signature="()V" >
				<lines><line number="28"  hits="9" /></lines>
			</method>
			<method name="checkUserNotExists"  hits="3"  signature="()V" >
				<lines><line number="39"  hits="3" /></lines>
			</method>
			<method name="(anonymous_9)"  hits="3"  signature="()V" >
				<lines><line number="40"  hits="3" /></lines>
			</method>
			<method name="(anonymous_10)"  hits="3"  signature="()V" >
				<lines><line number="42"  hits="3" /></lines>
			</method>
			<method name="reportSuccess"  hits="10"  signature="()V" >
				<lines><line number="56"  hits="10" /></lines>
			</method>
			<method name="(anonymous_12)"  hits="8"  signature="()V" >
				<lines><line number="57"  hits="8" /></lines>
			</method>
			<method name="(anonymous_13)"  hits="8"  signature="()V" >
				<lines><line number="58"  hits="8" /></lines>
			</method>
			<method name="seedTheUser"  hits="11"  signature="()V" >
				<lines><line number="68"  hits="11" /></lines>
			</method>
			<method name="(anonymous_15)"  hits="10"  signature="()V" >
				<lines><line number="69"  hits="10" /></lines>
			</method>
			<method name="(anonymous_16)"  hits="10"  signature="()V" >
				<lines><line number="70"  hits="10" /></lines>
			</method>
			<method name="(anonymous_17)"  hits="2"  signature="()V" >
				<lines><line number="81"  hits="2" /></lines>
			</method>
			<method name="(anonymous_18)"  hits="1"  signature="()V" >
				<lines><line number="84"  hits="1" /></lines>
			</method>
			<method name="(anonymous_19)"  hits="6"  signature="()V" >
				<lines><line number="91"  hits="6" /></lines>
			</method>
			<method name="(anonymous_20)"  hits="1"  signature="()V" >
				<lines><line number="94"  hits="1" /></lines>
			</method>
			<method name="reportError"  hits="7"  signature="()V" >
				<lines><line number="103"  hits="7" /></lines>
			</method>
			<method name="(anonymous_22)"  hits="2"  signature="()V" >
				<lines><line number="104"  hits="2" /></lines>
			</method>
			<method name="start"  hits="7"  signature="()V" >
				<lines><line number="114"  hits="7" /></lines>
			</method>
			<method name="(anonymous_24)"  hits="7"  signature="()V" >
				<lines><line number="133"  hits="7" /></lines>
			</method>
			<method name="(anonymous_25)"  hits="2"  signature="()V" >
				<lines><line number="142"  hits="2" /></lines>
			</method>
			<method name="(anonymous_26)"  hits="3"  signature="()V" >
				<lines><line number="153"  hits="3" /></lines>
			</method>
		</methods>
		<lines>
			<line number="3"  hits="1"  branch="false" />
			<line number="10"  hits="1"  branch="false" />
			<line number="12"  hits="1"  branch="false" />
			<line number="13"  hits="7"  branch="false" />
			<line number="14"  hits="7"  branch="false" />
			<line number="15"  hits="7"  branch="false" />
			<line number="16"  hits="7"  branch="true"  condition-coverage="50% (1/2)" />
			<line number="17"  hits="0"  branch="false" />
			<line number="19"  hits="7"  branch="false" />
			<line number="24"  hits="1"  branch="false" />
			<line number="25"  hits="10"  branch="false" />
			<line number="26"  hits="9"  branch="false" />
			<line number="28"  hits="9"  branch="false" />
			<line number="29"  hits="9"  branch="true"  condition-coverage="100% (2/2)" />
			<line number="30"  hits="1"  branch="false" />
			<line number="32"  hits="8"  branch="false" />
			<line number="39"  hits="1"  branch="false" />
			<line number="40"  hits="3"  branch="false" />
			<line number="41"  hits="3"  branch="false" />
			<line number="42"  hits="3"  branch="false" />
			<line number="43"  hits="3"  branch="true"  condition-coverage="50% (1/2)" />
			<line number="44"  hits="0"  branch="false" />
			<line number="47"  hits="3"  branch="true"  condition-coverage="100% (2/2)" />
			<line number="48"  hits="2"  branch="false" />
			<line number="50"  hits="1"  branch="false" />
			<line number="56"  hits="1"  branch="false" />
			<line number="57"  hits="10"  branch="false" />
			<line number="58"  hits="8"  branch="false" />
			<line number="59"  hits="8"  branch="true"  condition-coverage="50% (1/2)" />
			<line number="60"  hits="0"  branch="false" />
			<line number="62"  hits="8"  branch="false" />
			<line number="68"  hits="1"  branch="false" />
			<line number="69"  hits="11"  branch="false" />
			<line number="70"  hits="10"  branch="false" />
			<line number="72"  hits="10"  branch="false" />
			<line number="73"  hits="10"  branch="false" />
			<line number="75"  hits="10"  branch="false" />
			<line number="77"  hits="10"  branch="true"  condition-coverage="100% (4/4)" />
			<line number="78"  hits="3"  branch="false" />
			<line number="82"  hits="2"  branch="false" />
			<line number="85"  hits="1"  branch="false" />
			<line number="88"  hits="7"  branch="false" />
			<line number="92"  hits="6"  branch="false" />
			<line number="95"  hits="1"  branch="false" />
			<line number="103"  hits="1"  branch="false" />
			<line number="104"  hits="7"  branch="false" />
			<line number="105"  hits="2"  branch="true"  condition-coverage="50% (1/2)" />
			<line number="106"  hits="0"  branch="false" />
			<line number="107"  hits="0"  branch="false" />
			<line number="108"  hits="0"  branch="false" />
			<line number="110"  hits="2"  branch="false" />
			<line number="114"  hits="1"  branch="false" />
			<line number="116"  hits="7"  branch="false" />
			<line number="120"  hits="7"  branch="true"  condition-coverage="50% (1/2)" />
			<line number="121"  hits="7"  branch="false" />
			<line number="124"  hits="7"  branch="true"  condition-coverage="100% (2/2)" />
			<line number="125"  hits="2"  branch="false" />
			<line number="128"  hits="7"  branch="true"  condition-coverage="100% (2/2)" />
			<line number="129"  hits="2"  branch="false" />
			<line number="132"  hits="7"  branch="false" />
			<line number="133"  hits="7"  branch="false" />
			<line number="135"  hits="7"  branch="false" />
			<line number="136"  hits="7"  branch="false" />
			<line number="139"  hits="7"  branch="true"  condition-coverage="100% (2/2)" />
			<line number="140"  hits="3"  branch="false" />
			<line number="143"  hits="2"  branch="false" />
			<line number="149"  hits="4"  branch="false" />
			<line number="154"  hits="3"  branch="false" />
		</lines>
		</class>
		<class name="socket.io.js"  filename="config/lib/socket.io.js"  line-rate="0.35710000000000003"  branch-rate="0.1429" >
		<methods>
			<method name="(anonymous_1)"  hits="4"  signature="()V" >
				<lines><line number="16"  hits="4" /></lines>
			</method>
			<method name="(anonymous_2)"  hits="0"  signature="()V" >
				<lines><line number="70"  hits="0" /></lines>
			</method>
			<method name="(anonymous_3)"  hits="0"  signature="()V" >
				<lines><line number="72"  hits="0" /></lines>
			</method>
			<method name="(anonymous_4)"  hits="0"  signature="()V" >
				<lines><line number="79"  hits="0" /></lines>
			</method>
			<method name="(anonymous_5)"  hits="0"  signature="()V" >
				<lines><line number="87"  hits="0" /></lines>
			</method>
			<method name="(anonymous_6)"  hits="0"  signature="()V" >
				<lines><line number="88"  hits="0" /></lines>
			</method>
			<method name="(anonymous_7)"  hits="0"  signature="()V" >
				<lines><line number="101"  hits="0" /></lines>
			</method>
			<method name="(anonymous_8)"  hits="0"  signature="()V" >
				<lines><line number="102"  hits="0" /></lines>
			</method>
		</methods>
		<lines>
			<line number="4"  hits="1"  branch="false" />
			<line number="16"  hits="1"  branch="false" />
			<line number="17"  hits="4"  branch="false" />
			<line number="18"  hits="4"  branch="true"  condition-coverage="50% (2/4)" />
			<line number="20"  hits="0"  branch="false" />
			<line number="21"  hits="0"  branch="false" />
			<line number="22"  hits="0"  branch="false" />
			<line number="55"  hits="0"  branch="false" />
			<line number="58"  hits="4"  branch="false" />
			<line number="61"  hits="4"  branch="false" />
			<line number="64"  hits="4"  branch="false" />
			<line number="70"  hits="4"  branch="false" />
			<line number="72"  hits="0"  branch="false" />
			<line number="74"  hits="0"  branch="true"  condition-coverage="0% (0/2)" />
			<line number="76"  hits="0"  branch="true"  condition-coverage="0% (0/2)" />
			<line number="79"  hits="0"  branch="false" />
			<line number="80"  hits="0"  branch="true"  condition-coverage="0% (0/2)" />
			<line number="81"  hits="0"  branch="true"  condition-coverage="0% (0/2)" />
			<line number="84"  hits="0"  branch="false" />
			<line number="87"  hits="0"  branch="false" />
			<line number="88"  hits="0"  branch="false" />
			<line number="89"  hits="0"  branch="true"  condition-coverage="0% (0/2)" />
			<line number="90"  hits="0"  branch="false" />
			<line number="92"  hits="0"  branch="false" />
			<line number="101"  hits="4"  branch="false" />
			<line number="102"  hits="0"  branch="false" />
			<line number="103"  hits="0"  branch="false" />
			<line number="107"  hits="4"  branch="false" />
		</lines>
		</class>
	</classes>
	</package>
	<package name="mean.modules.articles.server.config"  line-rate="1"  branch-rate="1" >
	<classes>
		<class name="articles.server.config.js"  filename="modules/articles/server/config/articles.server.config.js"  line-rate="1"  branch-rate="1" >
		<methods>
			<method name="(anonymous_1)"  hits="4"  signature="()V" >
				<lines><line number="12"  hits="4" /></lines>
			</method>
		</methods>
		<lines>
			<line number="6"  hits="1"  branch="false" />
			<line number="12"  hits="1"  branch="false" />
		</lines>
		</class>
	</classes>
	</package>
	<package name="mean.modules.articles.server.controllers"  line-rate="0.9024"  branch-rate="0.7368000000000001" >
	<classes>
		<class name="articles.server.controller.js"  filename="modules/articles/server/controllers/articles.server.controller.js"  line-rate="0.9024"  branch-rate="0.7368000000000001" >
		<methods>
			<method name="(anonymous_1)"  hits="7"  signature="()V" >
				<lines><line number="14"  hits="7" /></lines>
			</method>
			<method name="(anonymous_2)"  hits="7"  signature="()V" >
				<lines><line number="18"  hits="7" /></lines>
			</method>
			<method name="(anonymous_3)"  hits="5"  signature="()V" >
				<lines><line number="32"  hits="5" /></lines>
			</method>
			<method name="(anonymous_4)"  hits="1"  signature="()V" >
				<lines><line number="46"  hits="1" /></lines>
			</method>
			<method name="(anonymous_5)"  hits="1"  signature="()V" >
				<lines><line number="52"  hits="1" /></lines>
			</method>
			<method name="(anonymous_6)"  hits="1"  signature="()V" >
				<lines><line number="66"  hits="1" /></lines>
			</method>
			<method name="(anonymous_7)"  hits="1"  signature="()V" >
				<lines><line number="69"  hits="1" /></lines>
			</method>
			<method name="(anonymous_8)"  hits="2"  signature="()V" >
				<lines><line number="83"  hits="2" /></lines>
			</method>
			<method name="(anonymous_9)"  hits="2"  signature="()V" >
				<lines><line number="84"  hits="2" /></lines>
			</method>
			<method name="(anonymous_10)"  hits="10"  signature="()V" >
				<lines><line number="98"  hits="10" /></lines>
			</method>
			<method name="(anonymous_11)"  hits="9"  signature="()V" >
				<lines><line number="106"  hits="9" /></lines>
			</method>
		</methods>
		<lines>
			<line number="6"  hits="1"  branch="false" />
			<line number="14"  hits="1"  branch="false" />
			<line number="15"  hits="7"  branch="false" />
			<line number="16"  hits="7"  branch="false" />
			<line number="18"  hits="7"  branch="false" />
			<line number="19"  hits="7"  branch="true"  condition-coverage="100% (2/2)" />
			<line number="20"  hits="1"  branch="false" />
			<line number="24"  hits="6"  branch="false" />
			<line number="32"  hits="1"  branch="false" />
			<line number="34"  hits="5"  branch="true"  condition-coverage="50% (1/2)" />
			<line number="38"  hits="5"  branch="true"  condition-coverage="100% (3/3)" />
			<line number="40"  hits="5"  branch="false" />
			<line number="46"  hits="1"  branch="false" />
			<line number="47"  hits="1"  branch="false" />
			<line number="49"  hits="1"  branch="false" />
			<line number="50"  hits="1"  branch="false" />
			<line number="52"  hits="1"  branch="false" />
			<line number="53"  hits="1"  branch="true"  condition-coverage="50% (1/2)" />
			<line number="54"  hits="0"  branch="false" />
			<line number="58"  hits="1"  branch="false" />
			<line number="66"  hits="1"  branch="false" />
			<line number="67"  hits="1"  branch="false" />
			<line number="69"  hits="1"  branch="false" />
			<line number="70"  hits="1"  branch="true"  condition-coverage="50% (1/2)" />
			<line number="71"  hits="0"  branch="false" />
			<line number="75"  hits="1"  branch="false" />
			<line number="83"  hits="1"  branch="false" />
			<line number="84"  hits="2"  branch="false" />
			<line number="85"  hits="2"  branch="true"  condition-coverage="50% (1/2)" />
			<line number="86"  hits="0"  branch="false" />
			<line number="90"  hits="2"  branch="false" />
			<line number="98"  hits="1"  branch="false" />
			<line number="100"  hits="10"  branch="true"  condition-coverage="100% (2/2)" />
			<line number="101"  hits="1"  branch="false" />
			<line number="106"  hits="9"  branch="false" />
			<line number="107"  hits="9"  branch="true"  condition-coverage="50% (1/2)" />
			<line number="108"  hits="0"  branch="false" />
			<line number="109"  hits="9"  branch="true"  condition-coverage="100% (2/2)" />
			<line number="110"  hits="1"  branch="false" />
			<line number="114"  hits="8"  branch="false" />
			<line number="115"  hits="8"  branch="false" />
		</lines>
		</class>
	</classes>
	</package>
	<package name="mean.modules.articles.server.models"  line-rate="1"  branch-rate="1" >
	<classes>
		<class name="article.server.model.js"  filename="modules/articles/server/models/article.server.model.js"  line-rate="1"  branch-rate="1" >
		<methods>
		</methods>
		<lines>
			<line number="6"  hits="1"  branch="false" />
			<line number="12"  hits="1"  branch="false" />
			<line number="34"  hits="1"  branch="false" />
		</lines>
		</class>
	</classes>
	</package>
	<package name="mean.modules.articles.server.policies"  line-rate="0.9286"  branch-rate="0.9167000000000001" >
	<classes>
		<class name="articles.server.policy.js"  filename="modules/articles/server/policies/articles.server.policy.js"  line-rate="0.9286"  branch-rate="0.9167000000000001" >
		<methods>
			<method name="(anonymous_1)"  hits="4"  signature="()V" >
				<lines><line number="14"  hits="4" /></lines>
			</method>
			<method name="(anonymous_2)"  hits="18"  signature="()V" >
				<lines><line number="48"  hits="18" /></lines>
			</method>
			<method name="(anonymous_3)"  hits="15"  signature="()V" >
				<lines><line number="57"  hits="15" /></lines>
			</method>
		</methods>
		<lines>
			<line number="6"  hits="1"  branch="false" />
			<line number="9"  hits="1"  branch="false" />
			<line number="14"  hits="1"  branch="false" />
			<line number="15"  hits="4"  branch="false" />
			<line number="48"  hits="1"  branch="false" />
			<line number="49"  hits="18"  branch="true"  condition-coverage="100% (2/2)" />
			<line number="52"  hits="18"  branch="true"  condition-coverage="100% (6/6)" />
			<line number="53"  hits="3"  branch="false" />
			<line number="57"  hits="15"  branch="false" />
			<line number="58"  hits="15"  branch="true"  condition-coverage="50% (1/2)" />
			<line number="60"  hits="0"  branch="false" />
			<line number="62"  hits="15"  branch="true"  condition-coverage="100% (2/2)" />
			<line number="64"  hits="13"  branch="false" />
			<line number="66"  hits="2"  branch="false" />
		</lines>
		</class>
	</classes>
	</package>
	<package name="mean.modules.articles.server.routes"  line-rate="1"  branch-rate="1" >
	<classes>
		<class name="articles.server.routes.js"  filename="modules/articles/server/routes/articles.server.routes.js"  line-rate="1"  branch-rate="1" >
		<methods>
			<method name="(anonymous_1)"  hits="4"  signature="()V" >
				<lines><line number="9"  hits="4" /></lines>
			</method>
		</methods>
		<lines>
			<line number="6"  hits="1"  branch="false" />
			<line number="9"  hits="1"  branch="false" />
			<line number="11"  hits="4"  branch="false" />
			<line number="16"  hits="4"  branch="false" />
			<line number="22"  hits="4"  branch="false" />
		</lines>
		</class>
	</classes>
	</package>
	<package name="mean.modules.blues.server.config"  line-rate="1"  branch-rate="1" >
	<classes>
		<class name="blues.server.config.js"  filename="modules/blues/server/config/blues.server.config.js"  line-rate="1"  branch-rate="1" >
		<methods>
			<method name="(anonymous_1)"  hits="4"  signature="()V" >
				<lines><line number="12"  hits="4" /></lines>
			</method>
		</methods>
		<lines>
			<line number="6"  hits="1"  branch="false" />
			<line number="12"  hits="1"  branch="false" />
		</lines>
		</class>
	</classes>
	</package>
	<package name="mean.modules.blues.server.controllers"  line-rate="0.9"  branch-rate="0.6842" >
	<classes>
		<class name="blues.server.controller.js"  filename="modules/blues/server/controllers/blues.server.controller.js"  line-rate="0.9"  branch-rate="0.6842" >
		<methods>
			<method name="(anonymous_1)"  hits="5"  signature="()V" >
				<lines><line number="15"  hits="5" /></lines>
			</method>
			<method name="(anonymous_2)"  hits="5"  signature="()V" >
				<lines><line number="19"  hits="5" /></lines>
			</method>
			<method name="(anonymous_3)"  hits="2"  signature="()V" >
				<lines><line number="33"  hits="2" /></lines>
			</method>
			<method name="(anonymous_4)"  hits="1"  signature="()V" >
				<lines><line number="47"  hits="1" /></lines>
			</method>
			<method name="(anonymous_5)"  hits="1"  signature="()V" >
				<lines><line number="52"  hits="1" /></lines>
			</method>
			<method name="(anonymous_6)"  hits="1"  signature="()V" >
				<lines><line number="66"  hits="1" /></lines>
			</method>
			<method name="(anonymous_7)"  hits="1"  signature="()V" >
				<lines><line number="69"  hits="1" /></lines>
			</method>
			<method name="(anonymous_8)"  hits="2"  signature="()V" >
				<lines><line number="83"  hits="2" /></lines>
			</method>
			<method name="(anonymous_9)"  hits="2"  signature="()V" >
				<lines><line number="84"  hits="2" /></lines>
			</method>
			<method name="(anonymous_10)"  hits="7"  signature="()V" >
				<lines><line number="98"  hits="7" /></lines>
			</method>
			<method name="(anonymous_11)"  hits="6"  signature="()V" >
				<lines><line number="106"  hits="6" /></lines>
			</method>
		</methods>
		<lines>
			<line number="6"  hits="1"  branch="false" />
			<line number="15"  hits="1"  branch="false" />
			<line number="16"  hits="5"  branch="false" />
			<line number="17"  hits="5"  branch="false" />
			<line number="19"  hits="5"  branch="false" />
			<line number="20"  hits="5"  branch="true"  condition-coverage="100% (2/2)" />
			<line number="21"  hits="1"  branch="false" />
			<line number="25"  hits="4"  branch="false" />
			<line number="33"  hits="1"  branch="false" />
			<line number="35"  hits="2"  branch="true"  condition-coverage="50% (1/2)" />
			<line number="39"  hits="2"  branch="true"  condition-coverage="66.66666666666666% (2/3)" />
			<line number="41"  hits="2"  branch="false" />
			<line number="47"  hits="1"  branch="false" />
			<line number="48"  hits="1"  branch="false" />
			<line number="50"  hits="1"  branch="false" />
			<line number="52"  hits="1"  branch="false" />
			<line number="53"  hits="1"  branch="true"  condition-coverage="50% (1/2)" />
			<line number="54"  hits="0"  branch="false" />
			<line number="58"  hits="1"  branch="false" />
			<line number="66"  hits="1"  branch="false" />
			<line number="67"  hits="1"  branch="false" />
			<line number="69"  hits="1"  branch="false" />
			<line number="70"  hits="1"  branch="true"  condition-coverage="50% (1/2)" />
			<line number="71"  hits="0"  branch="false" />
			<line number="75"  hits="1"  branch="false" />
			<line number="83"  hits="1"  branch="false" />
			<line number="84"  hits="2"  branch="false" />
			<line number="85"  hits="2"  branch="true"  condition-coverage="50% (1/2)" />
			<line number="86"  hits="0"  branch="false" />
			<line number="90"  hits="2"  branch="false" />
			<line number="98"  hits="1"  branch="false" />
			<line number="100"  hits="7"  branch="true"  condition-coverage="100% (2/2)" />
			<line number="101"  hits="1"  branch="false" />
			<line number="106"  hits="6"  branch="false" />
			<line number="107"  hits="6"  branch="true"  condition-coverage="50% (1/2)" />
			<line number="108"  hits="0"  branch="false" />
			<line number="109"  hits="6"  branch="true"  condition-coverage="100% (2/2)" />
			<line number="110"  hits="1"  branch="false" />
			<line number="114"  hits="5"  branch="false" />
			<line number="115"  hits="5"  branch="false" />
		</lines>
		</class>
	</classes>
	</package>
	<package name="mean.modules.blues.server.models"  line-rate="1"  branch-rate="1" >
	<classes>
		<class name="blue.server.model.js"  filename="modules/blues/server/models/blue.server.model.js"  line-rate="1"  branch-rate="1" >
		<methods>
		</methods>
		<lines>
			<line number="6"  hits="1"  branch="false" />
			<line number="12"  hits="1"  branch="false" />
			<line number="29"  hits="1"  branch="false" />
		</lines>
		</class>
	</classes>
	</package>
	<package name="mean.modules.blues.server.policies"  line-rate="0.9286"  branch-rate="0.9167000000000001" >
	<classes>
		<class name="blues.server.policy.js"  filename="modules/blues/server/policies/blues.server.policy.js"  line-rate="0.9286"  branch-rate="0.9167000000000001" >
		<methods>
			<method name="(anonymous_1)"  hits="4"  signature="()V" >
				<lines><line number="14"  hits="4" /></lines>
			</method>
			<method name="(anonymous_2)"  hits="13"  signature="()V" >
				<lines><line number="48"  hits="13" /></lines>
			</method>
			<method name="(anonymous_3)"  hits="11"  signature="()V" >
				<lines><line number="57"  hits="11" /></lines>
			</method>
		</methods>
		<lines>
			<line number="6"  hits="1"  branch="false" />
			<line number="9"  hits="1"  branch="false" />
			<line number="14"  hits="1"  branch="false" />
			<line number="15"  hits="4"  branch="false" />
			<line number="48"  hits="1"  branch="false" />
			<line number="49"  hits="13"  branch="true"  condition-coverage="100% (2/2)" />
			<line number="52"  hits="13"  branch="true"  condition-coverage="100% (6/6)" />
			<line number="53"  hits="2"  branch="false" />
			<line number="57"  hits="11"  branch="false" />
			<line number="58"  hits="11"  branch="true"  condition-coverage="50% (1/2)" />
			<line number="60"  hits="0"  branch="false" />
			<line number="62"  hits="11"  branch="true"  condition-coverage="100% (2/2)" />
			<line number="64"  hits="9"  branch="false" />
			<line number="66"  hits="2"  branch="false" />
		</lines>
		</class>
	</classes>
	</package>
	<package name="mean.modules.blues.server.routes"  line-rate="1"  branch-rate="1" >
	<classes>
		<class name="blues.server.routes.js"  filename="modules/blues/server/routes/blues.server.routes.js"  line-rate="1"  branch-rate="1" >
		<methods>
			<method name="(anonymous_1)"  hits="4"  signature="()V" >
				<lines><line number="9"  hits="4" /></lines>
			</method>
		</methods>
		<lines>
			<line number="6"  hits="1"  branch="false" />
			<line number="9"  hits="1"  branch="false" />
			<line number="11"  hits="4"  branch="false" />
			<line number="15"  hits="4"  branch="false" />
			<line number="21"  hits="4"  branch="false" />
		</lines>
		</class>
	</classes>
	</package>
	<package name="mean.modules.core.server.controllers"  line-rate="0.6570999999999999"  branch-rate="0.5455" >
	<classes>
		<class name="core.server.controller.js"  filename="modules/core/server/controllers/core.server.controller.js"  line-rate="0.3077"  branch-rate="0" >
		<methods>
			<method name="(anonymous_1)"  hits="0"  signature="()V" >
				<lines><line number="8"  hits="0" /></lines>
			</method>
			<method name="(anonymous_2)"  hits="0"  signature="()V" >
				<lines><line number="34"  hits="0" /></lines>
			</method>
			<method name="(anonymous_3)"  hits="0"  signature="()V" >
				<lines><line number="44"  hits="0" /></lines>
			</method>
			<method name="(anonymous_4)"  hits="0"  signature="()V" >
				<lines><line number="47"  hits="0" /></lines>
			</method>
			<method name="(anonymous_5)"  hits="0"  signature="()V" >
				<lines><line number="52"  hits="0" /></lines>
			</method>
			<method name="(anonymous_6)"  hits="0"  signature="()V" >
				<lines><line number="57"  hits="0" /></lines>
			</method>
		</methods>
		<lines>
			<line number="3"  hits="1"  branch="false" />
			<line number="8"  hits="1"  branch="false" />
			<line number="10"  hits="0"  branch="false" />
			<line number="11"  hits="0"  branch="true"  condition-coverage="0% (0/2)" />
			<line number="12"  hits="0"  branch="false" />
			<line number="26"  hits="0"  branch="false" />
			<line number="34"  hits="1"  branch="false" />
			<line number="35"  hits="0"  branch="false" />
			<line number="44"  hits="1"  branch="false" />
			<line number="46"  hits="0"  branch="false" />
			<line number="48"  hits="0"  branch="false" />
			<line number="53"  hits="0"  branch="false" />
			<line number="58"  hits="0"  branch="false" />
		</lines>
		</class>
		<class name="errors.server.controller.js"  filename="modules/core/server/controllers/errors.server.controller.js"  line-rate="0.8636"  branch-rate="0.6667000000000001" >
		<methods>
			<method name="(anonymous_1)"  hits="2"  signature="()V" >
				<lines><line number="6"  hits="2" /></lines>
			</method>
			<method name="(anonymous_2)"  hits="4"  signature="()V" >
				<lines><line number="33"  hits="4" /></lines>
			</method>
		</methods>
		<lines>
			<line number="6"  hits="1"  branch="false" />
			<line number="7"  hits="2"  branch="false" />
			<line number="9"  hits="2"  branch="false" />
			<line number="10"  hits="2"  branch="false" />
			<line number="11"  hits="2"  branch="true"  condition-coverage="50% (1/2)" />
			<line number="14"  hits="0"  branch="false" />
			<line number="18"  hits="2"  branch="false" />
			<line number="20"  hits="2"  branch="false" />
			<line number="21"  hits="2"  branch="false" />
			<line number="24"  hits="0"  branch="false" />
			<line number="27"  hits="2"  branch="false" />
			<line number="33"  hits="1"  branch="false" />
			<line number="34"  hits="4"  branch="false" />
			<line number="36"  hits="4"  branch="true"  condition-coverage="100% (2/2)" />
			<line number="37"  hits="2"  branch="true"  condition-coverage="66.66666666666666% (2/3)" />
			<line number="40"  hits="2"  branch="false" />
			<line number="41"  hits="2"  branch="false" />
			<line number="43"  hits="0"  branch="false" />
			<line number="46"  hits="2"  branch="false" />
			<line number="47"  hits="2"  branch="true"  condition-coverage="50% (1/2)" />
			<line number="48"  hits="2"  branch="false" />
			<line number="53"  hits="4"  branch="false" />
		</lines>
		</class>
	</classes>
	</package>
	<package name="mean.modules.core.server.routes"  line-rate="1"  branch-rate="1" >
	<classes>
		<class name="core.server.routes.js"  filename="modules/core/server/routes/core.server.routes.js"  line-rate="1"  branch-rate="1" >
		<methods>
			<method name="(anonymous_1)"  hits="4"  signature="()V" >
				<lines><line number="3"  hits="4" /></lines>
			</method>
		</methods>
		<lines>
			<line number="3"  hits="1"  branch="false" />
			<line number="5"  hits="4"  branch="false" />
			<line number="8"  hits="4"  branch="false" />
			<line number="11"  hits="4"  branch="false" />
			<line number="14"  hits="4"  branch="false" />
		</lines>
		</class>
	</classes>
	</package>
	<package name="mean.modules.users.server.config"  line-rate="1"  branch-rate="1" >
	<classes>
		<class name="users.server.config.js"  filename="modules/users/server/config/users.server.config.js"  line-rate="1"  branch-rate="1" >
		<methods>
			<method name="(anonymous_1)"  hits="4"  signature="()V" >
				<lines><line number="14"  hits="4" /></lines>
			</method>
			<method name="(anonymous_2)"  hits="37"  signature="()V" >
				<lines><line number="16"  hits="37" /></lines>
			</method>
			<method name="(anonymous_3)"  hits="68"  signature="()V" >
				<lines><line number="21"  hits="68" /></lines>
			</method>
			<method name="(anonymous_4)"  hits="68"  signature="()V" >
				<lines><line number="24"  hits="68" /></lines>
			</method>
			<method name="(anonymous_5)"  hits="28"  signature="()V" >
				<lines><line number="30"  hits="28" /></lines>
			</method>
		</methods>
		<lines>
			<line number="6"  hits="1"  branch="false" />
			<line number="14"  hits="1"  branch="false" />
			<line number="16"  hits="4"  branch="false" />
			<line number="17"  hits="37"  branch="false" />
			<line number="21"  hits="4"  branch="false" />
			<line number="22"  hits="68"  branch="false" />
			<line number="25"  hits="68"  branch="false" />
			<line number="30"  hits="4"  branch="false" />
			<line number="31"  hits="28"  branch="false" />
			<line number="35"  hits="4"  branch="false" />
			<line number="36"  hits="4"  branch="false" />
		</lines>
		</class>
	</classes>
	</package>
	<package name="mean.modules.users.server.config.strategies"  line-rate="0.3611"  branch-rate="0.10529999999999999" >
	<classes>
		<class name="facebook.js"  filename="modules/users/server/config/strategies/facebook.js"  line-rate="0.2667"  branch-rate="0" >
		<methods>
			<method name="(anonymous_1)"  hits="4"  signature="()V" >
				<lines><line number="10"  hits="4" /></lines>
			</method>
			<method name="(anonymous_2)"  hits="0"  signature="()V" >
				<lines><line number="19"  hits="0" /></lines>
			</method>
			<method name="generateUsername"  hits="0"  signature="()V" >
				<lines><line number="41"  hits="0" /></lines>
			</method>
		</methods>
		<lines>
			<line number="6"  hits="1"  branch="false" />
			<line number="10"  hits="1"  branch="false" />
			<line number="12"  hits="4"  branch="false" />
			<line number="21"  hits="0"  branch="false" />
			<line number="22"  hits="0"  branch="false" />
			<line number="23"  hits="0"  branch="false" />
			<line number="26"  hits="0"  branch="false" />
			<line number="39"  hits="0"  branch="false" />
			<line number="41"  hits="1"  branch="false" />
			<line number="42"  hits="0"  branch="false" />
			<line number="44"  hits="0"  branch="true"  condition-coverage="0% (0/2)" />
			<line number="45"  hits="0"  branch="false" />
			<line number="46"  hits="0"  branch="true"  condition-coverage="0% (0/2)" />
			<line number="47"  hits="0"  branch="false" />
			<line number="50"  hits="0"  branch="true"  condition-coverage="0% (0/2)" />
		</lines>
		</class>
		<class name="github.js"  filename="modules/users/server/config/strategies/github.js"  line-rate="0.25"  branch-rate="0" >
		<methods>
			<method name="(anonymous_1)"  hits="4"  signature="()V" >
				<lines><line number="10"  hits="4" /></lines>
			</method>
			<method name="(anonymous_2)"  hits="0"  signature="()V" >
				<lines><line number="18"  hits="0" /></lines>
			</method>
		</methods>
		<lines>
			<line number="6"  hits="1"  branch="false" />
			<line number="10"  hits="1"  branch="false" />
			<line number="12"  hits="4"  branch="false" />
			<line number="20"  hits="0"  branch="false" />
			<line number="21"  hits="0"  branch="false" />
			<line number="22"  hits="0"  branch="false" />
			<line number="25"  hits="0"  branch="true"  condition-coverage="0% (0/2)" />
			<line number="26"  hits="0"  branch="false" />
			<line number="27"  hits="0"  branch="true"  condition-coverage="0% (0/2)" />
			<line number="28"  hits="0"  branch="true"  condition-coverage="0% (0/2)" />
			<line number="30"  hits="0"  branch="false" />
			<line number="45"  hits="0"  branch="false" />
		</lines>
		</class>
		<class name="google.js"  filename="modules/users/server/config/strategies/google.js"  line-rate="0.375"  branch-rate="0" >
		<methods>
			<method name="(anonymous_1)"  hits="4"  signature="()V" >
				<lines><line number="10"  hits="4" /></lines>
			</method>
			<method name="(anonymous_2)"  hits="0"  signature="()V" >
				<lines><line number="18"  hits="0" /></lines>
			</method>
		</methods>
		<lines>
			<line number="6"  hits="1"  branch="false" />
			<line number="10"  hits="1"  branch="false" />
			<line number="12"  hits="4"  branch="false" />
			<line number="20"  hits="0"  branch="false" />
			<line number="21"  hits="0"  branch="false" />
			<line number="22"  hits="0"  branch="false" />
			<line number="25"  hits="0"  branch="false" />
			<line number="38"  hits="0"  branch="false" />
		</lines>
		</class>
		<class name="linkedin.js"  filename="modules/users/server/config/strategies/linkedin.js"  line-rate="0.375"  branch-rate="0" >
		<methods>
			<method name="(anonymous_1)"  hits="4"  signature="()V" >
				<lines><line number="10"  hits="4" /></lines>
			</method>
			<method name="(anonymous_2)"  hits="0"  signature="()V" >
				<lines><line number="19"  hits="0" /></lines>
			</method>
		</methods>
		<lines>
			<line number="6"  hits="1"  branch="false" />
			<line number="10"  hits="1"  branch="false" />
			<line number="12"  hits="4"  branch="false" />
			<line number="21"  hits="0"  branch="false" />
			<line number="22"  hits="0"  branch="false" />
			<line number="23"  hits="0"  branch="false" />
			<line number="26"  hits="0"  branch="false" />
			<line number="39"  hits="0"  branch="false" />
		</lines>
		</class>
		<class name="local.js"  filename="modules/users/server/config/strategies/local.js"  line-rate="0.7778"  branch-rate="0.6667000000000001" >
		<methods>
			<method name="(anonymous_1)"  hits="4"  signature="()V" >
				<lines><line number="10"  hits="4" /></lines>
			</method>
			<method name="(anonymous_2)"  hits="32"  signature="()V" >
				<lines><line number="16"  hits="32" /></lines>
			</method>
			<method name="(anonymous_3)"  hits="32"  signature="()V" >
				<lines><line number="19"  hits="32" /></lines>
			</method>
		</methods>
		<lines>
			<line number="6"  hits="1"  branch="false" />
			<line number="10"  hits="1"  branch="false" />
			<line number="12"  hits="4"  branch="false" />
			<line number="17"  hits="32"  branch="false" />
			<line number="20"  hits="32"  branch="true"  condition-coverage="50% (1/2)" />
			<line number="21"  hits="0"  branch="false" />
			<line number="23"  hits="32"  branch="true"  condition-coverage="75% (3/4)" />
			<line number="24"  hits="0"  branch="false" />
			<line number="29"  hits="32"  branch="false" />
		</lines>
		</class>
		<class name="paypal.js"  filename="modules/users/server/config/strategies/paypal.js"  line-rate="0.375"  branch-rate="1" >
		<methods>
			<method name="(anonymous_1)"  hits="4"  signature="()V" >
				<lines><line number="10"  hits="4" /></lines>
			</method>
			<method name="(anonymous_2)"  hits="0"  signature="()V" >
				<lines><line number="20"  hits="0" /></lines>
			</method>
		</methods>
		<lines>
			<line number="6"  hits="1"  branch="false" />
			<line number="10"  hits="1"  branch="false" />
			<line number="11"  hits="4"  branch="false" />
			<line number="22"  hits="0"  branch="false" />
			<line number="23"  hits="0"  branch="false" />
			<line number="24"  hits="0"  branch="false" />
			<line number="27"  hits="0"  branch="false" />
			<line number="39"  hits="0"  branch="false" />
		</lines>
		</class>
		<class name="twitter.js"  filename="modules/users/server/config/strategies/twitter.js"  line-rate="0.25"  branch-rate="0" >
		<methods>
			<method name="(anonymous_1)"  hits="4"  signature="()V" >
				<lines><line number="10"  hits="4" /></lines>
			</method>
			<method name="(anonymous_2)"  hits="0"  signature="()V" >
				<lines><line number="18"  hits="0" /></lines>
			</method>
		</methods>
		<lines>
			<line number="6"  hits="1"  branch="false" />
			<line number="10"  hits="1"  branch="false" />
			<line number="12"  hits="4"  branch="false" />
			<line number="20"  hits="0"  branch="false" />
			<line number="21"  hits="0"  branch="false" />
			<line number="22"  hits="0"  branch="false" />
			<line number="25"  hits="0"  branch="false" />
			<line number="26"  hits="0"  branch="false" />
			<line number="27"  hits="0"  branch="true"  condition-coverage="0% (0/2)" />
			<line number="28"  hits="0"  branch="true"  condition-coverage="0% (0/2)" />
			<line number="30"  hits="0"  branch="false" />
			<line number="42"  hits="0"  branch="false" />
		</lines>
		</class>
	</classes>
	</package>
	<package name="mean.modules.users.server.controllers"  line-rate="0.8332999999999999"  branch-rate="0.5" >
	<classes>
		<class name="admin.server.controller.js"  filename="modules/users/server/controllers/admin.server.controller.js"  line-rate="0.8234999999999999"  branch-rate="0.5" >
		<methods>
			<method name="(anonymous_1)"  hits="1"  signature="()V" >
				<lines><line number="14"  hits="1" /></lines>
			</method>
			<method name="(anonymous_2)"  hits="1"  signature="()V" >
				<lines><line number="21"  hits="1" /></lines>
			</method>
			<method name="(anonymous_3)"  hits="1"  signature="()V" >
				<lines><line number="30"  hits="1" /></lines>
			</method>
			<method name="(anonymous_4)"  hits="1"  signature="()V" >
				<lines><line number="44"  hits="1" /></lines>
			</method>
			<method name="(anonymous_5)"  hits="1"  signature="()V" >
				<lines><line number="47"  hits="1" /></lines>
			</method>
			<method name="(anonymous_6)"  hits="1"  signature="()V" >
				<lines><line number="61"  hits="1" /></lines>
			</method>
			<method name="(anonymous_7)"  hits="1"  signature="()V" >
				<lines><line number="62"  hits="1" /></lines>
			</method>
			<method name="(anonymous_8)"  hits="3"  signature="()V" >
				<lines><line number="76"  hits="3" /></lines>
			</method>
			<method name="(anonymous_9)"  hits="3"  signature="()V" >
				<lines><line number="83"  hits="3" /></lines>
			</method>
		</methods>
		<lines>
			<line number="6"  hits="1"  branch="false" />
			<line number="14"  hits="1"  branch="false" />
			<line number="15"  hits="1"  branch="false" />
			<line number="21"  hits="1"  branch="false" />
			<line number="22"  hits="1"  branch="false" />
			<line number="25"  hits="1"  branch="false" />
			<line number="26"  hits="1"  branch="false" />
			<line number="27"  hits="1"  branch="false" />
			<line number="28"  hits="1"  branch="false" />
			<line number="30"  hits="1"  branch="false" />
			<line number="31"  hits="1"  branch="true"  condition-coverage="50% (1/2)" />
			<line number="32"  hits="0"  branch="false" />
			<line number="37"  hits="1"  branch="false" />
			<line number="44"  hits="1"  branch="false" />
			<line number="45"  hits="1"  branch="false" />
			<line number="47"  hits="1"  branch="false" />
			<line number="48"  hits="1"  branch="true"  condition-coverage="50% (1/2)" />
			<line number="49"  hits="0"  branch="false" />
			<line number="54"  hits="1"  branch="false" />
			<line number="61"  hits="1"  branch="false" />
			<line number="62"  hits="1"  branch="false" />
			<line number="63"  hits="1"  branch="true"  condition-coverage="50% (1/2)" />
			<line number="64"  hits="0"  branch="false" />
			<line number="69"  hits="1"  branch="false" />
			<line number="76"  hits="1"  branch="false" />
			<line number="77"  hits="3"  branch="true"  condition-coverage="50% (1/2)" />
			<line number="78"  hits="0"  branch="false" />
			<line number="83"  hits="3"  branch="false" />
			<line number="84"  hits="3"  branch="true"  condition-coverage="50% (1/2)" />
			<line number="85"  hits="0"  branch="false" />
			<line number="86"  hits="3"  branch="true"  condition-coverage="50% (1/2)" />
			<line number="87"  hits="0"  branch="false" />
			<line number="90"  hits="3"  branch="false" />
			<line number="91"  hits="3"  branch="false" />
		</lines>
		</class>
		<class name="users.server.controller.js"  filename="modules/users/server/controllers/users.server.controller.js"  line-rate="1"  branch-rate="1" >
		<methods>
		</methods>
		<lines>
			<line number="6"  hits="1"  branch="false" />
			<line number="11"  hits="1"  branch="false" />
		</lines>
		</class>
	</classes>
	</package>
	<package name="mean.modules.users.server.controllers.users"  line-rate="0.5422"  branch-rate="0.42369999999999997" >
	<classes>
		<class name="users.authentication.server.controller.js"  filename="modules/users/server/controllers/users/users.authentication.server.controller.js"  line-rate="0.3333"  branch-rate="0.125" >
		<methods>
			<method name="(anonymous_1)"  hits="1"  signature="()V" >
				<lines><line number="21"  hits="1" /></lines>
			</method>
			<method name="(anonymous_2)"  hits="1"  signature="()V" >
				<lines><line number="31"  hits="1" /></lines>
			</method>
			<method name="(anonymous_3)"  hits="1"  signature="()V" >
				<lines><line number="41"  hits="1" /></lines>
			</method>
			<method name="(anonymous_4)"  hits="32"  signature="()V" >
				<lines><line number="55"  hits="32" /></lines>
			</method>
			<method name="(anonymous_5)"  hits="32"  signature="()V" >
				<lines><line number="56"  hits="32" /></lines>
			</method>
			<method name="(anonymous_6)"  hits="32"  signature="()V" >
				<lines><line number="64"  hits="32" /></lines>
			</method>
			<method name="(anonymous_7)"  hits="1"  signature="()V" >
				<lines><line number="78"  hits="1" /></lines>
			</method>
			<method name="(anonymous_8)"  hits="24"  signature="()V" >
				<lines><line number="86"  hits="24" /></lines>
			</method>
			<method name="(anonymous_9)"  hits="0"  signature="()V" >
				<lines><line number="87"  hits="0" /></lines>
			</method>
			<method name="(anonymous_10)"  hits="24"  signature="()V" >
				<lines><line number="101"  hits="24" /></lines>
			</method>
			<method name="(anonymous_11)"  hits="0"  signature="()V" >
				<lines><line number="102"  hits="0" /></lines>
			</method>
			<method name="(anonymous_12)"  hits="0"  signature="()V" >
				<lines><line number="107"  hits="0" /></lines>
			</method>
			<method name="(anonymous_13)"  hits="0"  signature="()V" >
				<lines><line number="114"  hits="0" /></lines>
			</method>
			<method name="(anonymous_14)"  hits="0"  signature="()V" >
				<lines><line number="128"  hits="0" /></lines>
			</method>
			<method name="(anonymous_15)"  hits="0"  signature="()V" >
				<lines><line number="148"  hits="0" /></lines>
			</method>
			<method name="(anonymous_16)"  hits="0"  signature="()V" >
				<lines><line number="155"  hits="0" /></lines>
			</method>
			<method name="(anonymous_17)"  hits="0"  signature="()V" >
				<lines><line number="168"  hits="0" /></lines>
			</method>
			<method name="(anonymous_18)"  hits="0"  signature="()V" >
				<lines><line number="194"  hits="0" /></lines>
			</method>
			<method name="(anonymous_19)"  hits="0"  signature="()V" >
				<lines><line number="206"  hits="0" /></lines>
			</method>
			<method name="(anonymous_20)"  hits="0"  signature="()V" >
				<lines><line number="226"  hits="0" /></lines>
			</method>
			<method name="(anonymous_21)"  hits="0"  signature="()V" >
				<lines><line number="232"  hits="0" /></lines>
			</method>
		</methods>
		<lines>
			<line number="6"  hits="1"  branch="false" />
			<line number="13"  hits="1"  branch="false" />
			<line number="21"  hits="1"  branch="false" />
			<line number="23"  hits="1"  branch="false" />
			<line number="26"  hits="1"  branch="false" />
			<line number="27"  hits="1"  branch="false" />
			<line number="28"  hits="1"  branch="false" />
			<line number="31"  hits="1"  branch="false" />
			<line number="32"  hits="1"  branch="true"  condition-coverage="50% (1/2)" />
			<line number="33"  hits="0"  branch="false" />
			<line number="38"  hits="1"  branch="false" />
			<line number="39"  hits="1"  branch="false" />
			<line number="41"  hits="1"  branch="false" />
			<line number="42"  hits="1"  branch="true"  condition-coverage="50% (1/2)" />
			<line number="43"  hits="0"  branch="false" />
			<line number="45"  hits="1"  branch="false" />
			<line number="55"  hits="1"  branch="false" />
			<line number="56"  hits="32"  branch="false" />
			<line number="57"  hits="32"  branch="true"  condition-coverage="75% (3/4)" />
			<line number="58"  hits="0"  branch="false" />
			<line number="61"  hits="32"  branch="false" />
			<line number="62"  hits="32"  branch="false" />
			<line number="64"  hits="32"  branch="false" />
			<line number="65"  hits="32"  branch="true"  condition-coverage="50% (1/2)" />
			<line number="66"  hits="0"  branch="false" />
			<line number="68"  hits="32"  branch="false" />
			<line number="78"  hits="1"  branch="false" />
			<line number="79"  hits="1"  branch="false" />
			<line number="80"  hits="1"  branch="false" />
			<line number="86"  hits="1"  branch="false" />
			<line number="87"  hits="24"  branch="false" />
			<line number="90"  hits="0"  branch="true"  condition-coverage="0% (0/2)" />
			<line number="91"  hits="0"  branch="false" />
			<line number="94"  hits="0"  branch="false" />
			<line number="101"  hits="1"  branch="false" />
			<line number="102"  hits="24"  branch="false" />
			<line number="104"  hits="0"  branch="false" />
			<line number="105"  hits="0"  branch="false" />
			<line number="107"  hits="0"  branch="false" />
			<line number="108"  hits="0"  branch="true"  condition-coverage="0% (0/2)" />
			<line number="109"  hits="0"  branch="false" />
			<line number="111"  hits="0"  branch="true"  condition-coverage="0% (0/2)" />
			<line number="112"  hits="0"  branch="false" />
			<line number="114"  hits="0"  branch="false" />
			<line number="115"  hits="0"  branch="true"  condition-coverage="0% (0/2)" />
			<line number="116"  hits="0"  branch="false" />
			<line number="119"  hits="0"  branch="true"  condition-coverage="0% (0/3)" />
			<line number="128"  hits="1"  branch="false" />
			<line number="129"  hits="0"  branch="true"  condition-coverage="0% (0/2)" />
			<line number="131"  hits="0"  branch="false" />
			<line number="132"  hits="0"  branch="false" />
			<line number="135"  hits="0"  branch="false" />
			<line number="136"  hits="0"  branch="false" />
			<line number="137"  hits="0"  branch="false" />
			<line number="140"  hits="0"  branch="false" />
			<line number="141"  hits="0"  branch="false" />
			<line number="144"  hits="0"  branch="false" />
			<line number="148"  hits="0"  branch="false" />
			<line number="149"  hits="0"  branch="true"  condition-coverage="0% (0/2)" />
			<line number="150"  hits="0"  branch="false" />
			<line number="152"  hits="0"  branch="true"  condition-coverage="0% (0/2)" />
			<line number="153"  hits="0"  branch="true"  condition-coverage="0% (0/4)" />
			<line number="155"  hits="0"  branch="false" />
			<line number="156"  hits="0"  branch="false" />
			<line number="168"  hits="0"  branch="false" />
			<line number="169"  hits="0"  branch="false" />
			<line number="173"  hits="0"  branch="false" />
			<line number="179"  hits="0"  branch="false" />
			<line number="182"  hits="0"  branch="true"  condition-coverage="0% (0/5)" />
			<line number="184"  hits="0"  branch="true"  condition-coverage="0% (0/2)" />
			<line number="185"  hits="0"  branch="false" />
			<line number="188"  hits="0"  branch="false" />
			<line number="191"  hits="0"  branch="false" />
			<line number="194"  hits="0"  branch="false" />
			<line number="195"  hits="0"  branch="false" />
			<line number="198"  hits="0"  branch="false" />
			<line number="206"  hits="1"  branch="false" />
			<line number="207"  hits="0"  branch="false" />
			<line number="208"  hits="0"  branch="false" />
			<line number="210"  hits="0"  branch="true"  condition-coverage="0% (0/2)" />
			<line number="211"  hits="0"  branch="false" />
			<line number="214"  hits="0"  branch="true"  condition-coverage="0% (0/2)" />
			<line number="215"  hits="0"  branch="false" />
			<line number="219"  hits="0"  branch="true"  condition-coverage="0% (0/2)" />
			<line number="220"  hits="0"  branch="false" />
			<line number="223"  hits="0"  branch="false" />
			<line number="226"  hits="0"  branch="false" />
			<line number="227"  hits="0"  branch="true"  condition-coverage="0% (0/2)" />
			<line number="228"  hits="0"  branch="false" />
			<line number="232"  hits="0"  branch="false" />
			<line number="233"  hits="0"  branch="true"  condition-coverage="0% (0/2)" />
			<line number="234"  hits="0"  branch="false" />
			<line number="236"  hits="0"  branch="false" />
		</lines>
		</class>
		<class name="users.authorization.server.controller.js"  filename="modules/users/server/controllers/users/users.authorization.server.controller.js"  line-rate="0.7273000000000001"  branch-rate="0.5" >
		<methods>
			<method name="(anonymous_1)"  hits="6"  signature="()V" >
				<lines><line number="13"  hits="6" /></lines>
			</method>
			<method name="(anonymous_2)"  hits="6"  signature="()V" >
				<lines><line number="22"  hits="6" /></lines>
			</method>
		</methods>
		<lines>
			<line number="6"  hits="1"  branch="false" />
			<line number="13"  hits="1"  branch="false" />
			<line number="14"  hits="6"  branch="true"  condition-coverage="50% (1/2)" />
			<line number="15"  hits="0"  branch="false" />
			<line number="20"  hits="6"  branch="false" />
			<line number="23"  hits="6"  branch="true"  condition-coverage="50% (1/2)" />
			<line number="24"  hits="0"  branch="false" />
			<line number="25"  hits="6"  branch="true"  condition-coverage="50% (1/2)" />
			<line number="26"  hits="0"  branch="false" />
			<line number="29"  hits="6"  branch="false" />
			<line number="30"  hits="6"  branch="false" />
		</lines>
		</class>
		<class name="users.password.server.controller.js"  filename="modules/users/server/controllers/users/users.password.server.controller.js"  line-rate="0.5882000000000001"  branch-rate="0.5832999999999999" >
		<methods>
			<method name="(anonymous_1)"  hits="6"  signature="()V" >
				<lines><line number="20"  hits="6" /></lines>
			</method>
			<method name="(anonymous_2)"  hits="6"  signature="()V" >
				<lines><line number="23"  hits="6" /></lines>
			</method>
			<method name="(anonymous_3)"  hits="6"  signature="()V" >
				<lines><line number="24"  hits="6" /></lines>
			</method>
			<method name="(anonymous_4)"  hits="6"  signature="()V" >
				<lines><line number="30"  hits="6" /></lines>
			</method>
			<method name="(anonymous_5)"  hits="5"  signature="()V" >
				<lines><line number="34"  hits="5" /></lines>
			</method>
			<method name="(anonymous_6)"  hits="3"  signature="()V" >
				<lines><line number="47"  hits="3" /></lines>
			</method>
			<method name="(anonymous_7)"  hits="3"  signature="()V" >
				<lines><line number="58"  hits="3" /></lines>
			</method>
			<method name="(anonymous_8)"  hits="3"  signature="()V" >
				<lines><line number="68"  hits="3" /></lines>
			</method>
			<method name="(anonymous_9)"  hits="3"  signature="()V" >
				<lines><line number="73"  hits="3" /></lines>
			</method>
			<method name="(anonymous_10)"  hits="3"  signature="()V" >
				<lines><line number="80"  hits="3" /></lines>
			</method>
			<method name="(anonymous_11)"  hits="0"  signature="()V" >
				<lines><line number="94"  hits="0" /></lines>
			</method>
			<method name="(anonymous_12)"  hits="2"  signature="()V" >
				<lines><line number="104"  hits="2" /></lines>
			</method>
			<method name="(anonymous_13)"  hits="2"  signature="()V" >
				<lines><line number="110"  hits="2" /></lines>
			</method>
			<method name="(anonymous_14)"  hits="0"  signature="()V" >
				<lines><line number="122"  hits="0" /></lines>
			</method>
			<method name="(anonymous_15)"  hits="0"  signature="()V" >
				<lines><line number="128"  hits="0" /></lines>
			</method>
			<method name="(anonymous_16)"  hits="0"  signature="()V" >
				<lines><line number="134"  hits="0" /></lines>
			</method>
			<method name="(anonymous_17)"  hits="0"  signature="()V" >
				<lines><line number="141"  hits="0" /></lines>
			</method>
			<method name="(anonymous_18)"  hits="0"  signature="()V" >
				<lines><line number="147"  hits="0" /></lines>
			</method>
			<method name="(anonymous_19)"  hits="0"  signature="()V" >
				<lines><line number="174"  hits="0" /></lines>
			</method>
			<method name="(anonymous_20)"  hits="0"  signature="()V" >
				<lines><line number="178"  hits="0" /></lines>
			</method>
			<method name="(anonymous_21)"  hits="0"  signature="()V" >
				<lines><line number="183"  hits="0" /></lines>
			</method>
			<method name="(anonymous_22)"  hits="0"  signature="()V" >
				<lines><line number="191"  hits="0" /></lines>
			</method>
			<method name="(anonymous_23)"  hits="0"  signature="()V" >
				<lines><line number="195"  hits="0" /></lines>
			</method>
			<method name="(anonymous_24)"  hits="5"  signature="()V" >
				<lines><line number="205"  hits="5" /></lines>
			</method>
			<method name="(anonymous_25)"  hits="3"  signature="()V" >
				<lines><line number="211"  hits="3" /></lines>
			</method>
			<method name="(anonymous_26)"  hits="1"  signature="()V" >
				<lines><line number="217"  hits="1" /></lines>
			</method>
			<method name="(anonymous_27)"  hits="1"  signature="()V" >
				<lines><line number="223"  hits="1" /></lines>
			</method>
		</methods>
		<lines>
			<line number="6"  hits="1"  branch="false" />
			<line number="15"  hits="1"  branch="false" />
			<line number="20"  hits="1"  branch="false" />
			<line number="21"  hits="6"  branch="false" />
			<line number="24"  hits="6"  branch="false" />
			<line number="25"  hits="6"  branch="false" />
			<line number="26"  hits="6"  branch="false" />
			<line number="31"  hits="6"  branch="true"  condition-coverage="100% (2/2)" />
			<line number="32"  hits="5"  branch="false" />
			<line number="35"  hits="5"  branch="true"  condition-coverage="100% (4/4)" />
			<line number="36"  hits="1"  branch="false" />
			<line number="39"  hits="4"  branch="true"  condition-coverage="100% (2/2)" />
			<line number="40"  hits="1"  branch="false" />
			<line number="44"  hits="3"  branch="false" />
			<line number="45"  hits="3"  branch="false" />
			<line number="47"  hits="3"  branch="false" />
			<line number="48"  hits="3"  branch="false" />
			<line number="53"  hits="1"  branch="false" />
			<line number="60"  hits="3"  branch="false" />
			<line number="61"  hits="3"  branch="true"  condition-coverage="50% (2/4)" />
			<line number="62"  hits="0"  branch="false" />
			<line number="64"  hits="3"  branch="false" />
			<line number="69"  hits="3"  branch="false" />
			<line number="74"  hits="3"  branch="false" />
			<line number="80"  hits="3"  branch="false" />
			<line number="81"  hits="3"  branch="true"  condition-coverage="50% (1/2)" />
			<line number="82"  hits="0"  branch="false" />
			<line number="86"  hits="3"  branch="false" />
			<line number="91"  hits="0"  branch="false" />
			<line number="95"  hits="0"  branch="true"  condition-coverage="0% (0/2)" />
			<line number="96"  hits="0"  branch="false" />
			<line number="104"  hits="1"  branch="false" />
			<line number="105"  hits="2"  branch="false" />
			<line number="111"  hits="2"  branch="true"  condition-coverage="100% (4/4)" />
			<line number="112"  hits="1"  branch="false" />
			<line number="115"  hits="1"  branch="false" />
			<line number="122"  hits="1"  branch="false" />
			<line number="124"  hits="0"  branch="false" />
			<line number="126"  hits="0"  branch="false" />
			<line number="129"  hits="0"  branch="false" />
			<line number="135"  hits="0"  branch="true"  condition-coverage="0% (0/4)" />
			<line number="136"  hits="0"  branch="true"  condition-coverage="0% (0/2)" />
			<line number="137"  hits="0"  branch="false" />
			<line number="138"  hits="0"  branch="false" />
			<line number="139"  hits="0"  branch="false" />
			<line number="141"  hits="0"  branch="false" />
			<line number="142"  hits="0"  branch="true"  condition-coverage="0% (0/2)" />
			<line number="143"  hits="0"  branch="false" />
			<line number="147"  hits="0"  branch="false" />
			<line number="148"  hits="0"  branch="true"  condition-coverage="0% (0/2)" />
			<line number="149"  hits="0"  branch="false" />
			<line number="152"  hits="0"  branch="false" />
			<line number="153"  hits="0"  branch="false" />
			<line number="155"  hits="0"  branch="false" />
			<line number="157"  hits="0"  branch="false" />
			<line number="163"  hits="0"  branch="false" />
			<line number="168"  hits="0"  branch="false" />
			<line number="175"  hits="0"  branch="false" />
			<line number="179"  hits="0"  branch="false" />
			<line number="184"  hits="0"  branch="false" />
			<line number="191"  hits="0"  branch="false" />
			<line number="192"  hits="0"  branch="false" />
			<line number="196"  hits="0"  branch="true"  condition-coverage="0% (0/2)" />
			<line number="197"  hits="0"  branch="false" />
			<line number="205"  hits="1"  branch="false" />
			<line number="207"  hits="5"  branch="false" />
			<line number="209"  hits="5"  branch="true"  condition-coverage="100% (2/2)" />
			<line number="210"  hits="4"  branch="true"  condition-coverage="100% (2/2)" />
			<line number="211"  hits="3"  branch="false" />
			<line number="212"  hits="3"  branch="true"  condition-coverage="75% (3/4)" />
			<line number="213"  hits="3"  branch="true"  condition-coverage="100% (2/2)" />
			<line number="214"  hits="2"  branch="true"  condition-coverage="100% (2/2)" />
			<line number="215"  hits="1"  branch="false" />
			<line number="217"  hits="1"  branch="false" />
			<line number="218"  hits="1"  branch="true"  condition-coverage="50% (1/2)" />
			<line number="219"  hits="0"  branch="false" />
			<line number="223"  hits="1"  branch="false" />
			<line number="224"  hits="1"  branch="true"  condition-coverage="50% (1/2)" />
			<line number="225"  hits="0"  branch="false" />
			<line number="227"  hits="1"  branch="false" />
			<line number="235"  hits="1"  branch="false" />
			<line number="240"  hits="1"  branch="false" />
			<line number="245"  hits="0"  branch="false" />
			<line number="251"  hits="1"  branch="false" />
			<line number="256"  hits="1"  branch="false" />
		</lines>
		</class>
		<class name="users.profile.server.controller.js"  filename="modules/users/server/controllers/users/users.profile.server.controller.js"  line-rate="0.9167000000000001"  branch-rate="0.8125" >
		<methods>
			<method name="(anonymous_1)"  hits="5"  signature="()V" >
				<lines><line number="18"  hits="5" /></lines>
			</method>
			<method name="(anonymous_2)"  hits="4"  signature="()V" >
				<lines><line number="31"  hits="4" /></lines>
			</method>
			<method name="(anonymous_3)"  hits="2"  signature="()V" >
				<lines><line number="37"  hits="2" /></lines>
			</method>
			<method name="(anonymous_4)"  hits="3"  signature="()V" >
				<lines><line number="56"  hits="3" /></lines>
			</method>
			<method name="(anonymous_5)"  hits="2"  signature="()V" >
				<lines><line number="65"  hits="2" /></lines>
			</method>
			<method name="(anonymous_6)"  hits="1"  signature="()V" >
				<lines><line number="73"  hits="1" /></lines>
			</method>
			<method name="(anonymous_7)"  hits="1"  signature="()V" >
				<lines><line number="79"  hits="1" /></lines>
			</method>
			<method name="(anonymous_8)"  hits="2"  signature="()V" >
				<lines><line number="100"  hits="2" /></lines>
			</method>
		</methods>
		<lines>
			<line number="6"  hits="1"  branch="false" />
			<line number="18"  hits="1"  branch="false" />
			<line number="20"  hits="5"  branch="false" />
			<line number="23"  hits="5"  branch="false" />
			<line number="25"  hits="5"  branch="true"  condition-coverage="100% (2/2)" />
			<line number="27"  hits="4"  branch="false" />
			<line number="28"  hits="4"  branch="false" />
			<line number="29"  hits="4"  branch="false" />
			<line number="31"  hits="4"  branch="false" />
			<line number="32"  hits="4"  branch="true"  condition-coverage="100% (2/2)" />
			<line number="33"  hits="2"  branch="false" />
			<line number="37"  hits="2"  branch="false" />
			<line number="38"  hits="2"  branch="true"  condition-coverage="50% (1/2)" />
			<line number="39"  hits="0"  branch="false" />
			<line number="41"  hits="2"  branch="false" />
			<line number="47"  hits="1"  branch="false" />
			<line number="56"  hits="1"  branch="false" />
			<line number="57"  hits="3"  branch="false" />
			<line number="58"  hits="3"  branch="false" />
			<line number="59"  hits="3"  branch="false" />
			<line number="62"  hits="3"  branch="false" />
			<line number="64"  hits="3"  branch="true"  condition-coverage="100% (2/2)" />
			<line number="65"  hits="2"  branch="false" />
			<line number="66"  hits="2"  branch="true"  condition-coverage="100% (2/2)" />
			<line number="67"  hits="1"  branch="false" />
			<line number="71"  hits="1"  branch="false" />
			<line number="73"  hits="1"  branch="false" />
			<line number="74"  hits="1"  branch="true"  condition-coverage="50% (1/2)" />
			<line number="75"  hits="0"  branch="false" />
			<line number="79"  hits="1"  branch="false" />
			<line number="80"  hits="1"  branch="true"  condition-coverage="50% (1/2)" />
			<line number="81"  hits="0"  branch="false" />
			<line number="83"  hits="1"  branch="false" />
			<line number="91"  hits="1"  branch="false" />
			<line number="100"  hits="1"  branch="false" />
			<line number="101"  hits="2"  branch="true"  condition-coverage="100% (2/2)" />
		</lines>
		</class>
	</classes>
	</package>
	<package name="mean.modules.users.server.models"  line-rate="0.7726999999999999"  branch-rate="0.6970000000000001" >
	<classes>
		<class name="user.server.model.js"  filename="modules/users/server/models/user.server.model.js"  line-rate="0.7726999999999999"  branch-rate="0.6970000000000001" >
		<methods>
			<method name="(anonymous_1)"  hits="255"  signature="()V" >
				<lines><line number="16"  hits="255" /></lines>
			</method>
			<method name="(anonymous_2)"  hits="125"  signature="()V" >
				<lines><line number="23"  hits="125" /></lines>
			</method>
			<method name="(anonymous_3)"  hits="117"  signature="()V" >
				<lines><line number="109"  hits="117" /></lines>
			</method>
			<method name="(anonymous_4)"  hits="144"  signature="()V" >
				<lines><line number="121"  hits="144" /></lines>
			</method>
			<method name="(anonymous_5)"  hits="125"  signature="()V" >
				<lines><line number="136"  hits="125" /></lines>
			</method>
			<method name="(anonymous_6)"  hits="35"  signature="()V" >
				<lines><line number="147"  hits="35" /></lines>
			</method>
			<method name="(anonymous_7)"  hits="0"  signature="()V" >
				<lines><line number="154"  hits="0" /></lines>
			</method>
			<method name="(anonymous_8)"  hits="0"  signature="()V" >
				<lines><line number="160"  hits="0" /></lines>
			</method>
			<method name="(anonymous_9)"  hits="11"  signature="()V" >
				<lines><line number="178"  hits="11" /></lines>
			</method>
			<method name="(anonymous_10)"  hits="11"  signature="()V" >
				<lines><line number="179"  hits="11" /></lines>
			</method>
		</methods>
		<lines>
			<line number="6"  hits="1"  branch="false" />
			<line number="16"  hits="1"  branch="false" />
			<line number="17"  hits="255"  branch="true"  condition-coverage="100% (3/3)" />
			<line number="23"  hits="1"  branch="false" />
			<line number="24"  hits="125"  branch="true"  condition-coverage="100% (3/3)" />
			<line number="30"  hits="1"  branch="false" />
			<line number="109"  hits="1"  branch="false" />
			<line number="110"  hits="117"  branch="true"  condition-coverage="100% (4/4)" />
			<line number="111"  hits="90"  branch="false" />
			<line number="112"  hits="90"  branch="false" />
			<line number="115"  hits="117"  branch="false" />
			<line number="121"  hits="1"  branch="false" />
			<line number="122"  hits="144"  branch="true"  condition-coverage="100% (5/5)" />
			<line number="123"  hits="110"  branch="false" />
			<line number="124"  hits="110"  branch="true"  condition-coverage="100% (2/2)" />
			<line number="125"  hits="6"  branch="false" />
			<line number="126"  hits="6"  branch="false" />
			<line number="130"  hits="144"  branch="false" />
			<line number="136"  hits="1"  branch="false" />
			<line number="137"  hits="125"  branch="true"  condition-coverage="75% (3/4)" />
			<line number="138"  hits="125"  branch="false" />
			<line number="140"  hits="0"  branch="false" />
			<line number="147"  hits="1"  branch="false" />
			<line number="148"  hits="35"  branch="false" />
			<line number="154"  hits="1"  branch="false" />
			<line number="155"  hits="0"  branch="false" />
			<line number="156"  hits="0"  branch="true"  condition-coverage="0% (0/2)" />
			<line number="158"  hits="0"  branch="false" />
			<line number="161"  hits="0"  branch="true"  condition-coverage="0% (0/2)" />
			<line number="162"  hits="0"  branch="true"  condition-coverage="0% (0/2)" />
			<line number="163"  hits="0"  branch="false" />
			<line number="165"  hits="0"  branch="true"  condition-coverage="0% (0/2)" />
			<line number="168"  hits="0"  branch="false" />
			<line number="178"  hits="1"  branch="false" />
			<line number="179"  hits="11"  branch="false" />
			<line number="180"  hits="11"  branch="false" />
			<line number="181"  hits="11"  branch="false" />
			<line number="185"  hits="11"  branch="true"  condition-coverage="100% (2/2)" />
			<line number="187"  hits="11"  branch="false" />
			<line number="196"  hits="11"  branch="false" />
			<line number="200"  hits="11"  branch="true"  condition-coverage="50% (1/2)" />
			<line number="201"  hits="0"  branch="false" />
			<line number="204"  hits="11"  branch="false" />
			<line number="209"  hits="1"  branch="false" />
		</lines>
		</class>
	</classes>
	</package>
	<package name="mean.modules.users.server.policies"  line-rate="0.9167000000000001"  branch-rate="0.6667000000000001" >
	<classes>
		<class name="admin.server.policy.js"  filename="modules/users/server/policies/admin.server.policy.js"  line-rate="0.9167000000000001"  branch-rate="0.6667000000000001" >
		<methods>
			<method name="(anonymous_1)"  hits="4"  signature="()V" >
				<lines><line number="14"  hits="4" /></lines>
			</method>
			<method name="(anonymous_2)"  hits="5"  signature="()V" >
				<lines><line number="30"  hits="5" /></lines>
			</method>
			<method name="(anonymous_3)"  hits="5"  signature="()V" >
				<lines><line number="34"  hits="5" /></lines>
			</method>
		</methods>
		<lines>
			<line number="6"  hits="1"  branch="false" />
			<line number="9"  hits="1"  branch="false" />
			<line number="14"  hits="1"  branch="false" />
			<line number="15"  hits="4"  branch="false" />
			<line number="30"  hits="1"  branch="false" />
			<line number="31"  hits="5"  branch="true"  condition-coverage="50% (1/2)" />
			<line number="34"  hits="5"  branch="false" />
			<line number="35"  hits="5"  branch="true"  condition-coverage="50% (1/2)" />
			<line number="37"  hits="0"  branch="false" />
			<line number="39"  hits="5"  branch="true"  condition-coverage="100% (2/2)" />
			<line number="41"  hits="4"  branch="false" />
			<line number="43"  hits="1"  branch="false" />
		</lines>
		</class>
	</classes>
	</package>
	<package name="mean.modules.users.server.routes"  line-rate="1"  branch-rate="1" >
	<classes>
		<class name="admin.server.routes.js"  filename="modules/users/server/routes/admin.server.routes.js"  line-rate="1"  branch-rate="1" >
		<methods>
			<method name="(anonymous_1)"  hits="4"  signature="()V" >
				<lines><line number="9"  hits="4" /></lines>
			</method>
		</methods>
		<lines>
			<line number="6"  hits="1"  branch="false" />
			<line number="9"  hits="1"  branch="false" />
			<line number="11"  hits="4"  branch="false" />
			<line number="14"  hits="4"  branch="false" />
			<line number="18"  hits="4"  branch="false" />
			<line number="24"  hits="4"  branch="false" />
		</lines>
		</class>
		<class name="auth.server.routes.js"  filename="modules/users/server/routes/auth.server.routes.js"  line-rate="1"  branch-rate="1" >
		<methods>
			<method name="(anonymous_1)"  hits="4"  signature="()V" >
				<lines><line number="8"  hits="4" /></lines>
			</method>
		</methods>
		<lines>
			<line number="6"  hits="1"  branch="false" />
			<line number="8"  hits="1"  branch="false" />
			<line number="10"  hits="4"  branch="false" />
			<line number="13"  hits="4"  branch="false" />
			<line number="14"  hits="4"  branch="false" />
			<line number="15"  hits="4"  branch="false" />
			<line number="18"  hits="4"  branch="false" />
			<line number="19"  hits="4"  branch="false" />
			<line number="20"  hits="4"  branch="false" />
			<line number="23"  hits="4"  branch="false" />
			<line number="26"  hits="4"  branch="false" />
			<line number="29"  hits="4"  branch="false" />
			<line number="30"  hits="4"  branch="false" />
			<line number="33"  hits="4"  branch="false" />
			<line number="39"  hits="4"  branch="false" />
			<line number="42"  hits="4"  branch="false" />
			<line number="48"  hits="4"  branch="false" />
			<line number="51"  hits="4"  branch="false" />
			<line number="52"  hits="4"  branch="false" />
			<line number="55"  hits="4"  branch="false" />
			<line number="56"  hits="4"  branch="false" />
		</lines>
		</class>
		<class name="users.server.routes.js"  filename="modules/users/server/routes/users.server.routes.js"  line-rate="1"  branch-rate="1" >
		<methods>
			<method name="(anonymous_1)"  hits="8"  signature="()V" >
				<lines><line number="3"  hits="8" /></lines>
			</method>
		</methods>
		<lines>
			<line number="3"  hits="1"  branch="false" />
			<line number="5"  hits="8"  branch="false" />
			<line number="8"  hits="8"  branch="false" />
			<line number="9"  hits="8"  branch="false" />
			<line number="10"  hits="8"  branch="false" />
			<line number="11"  hits="8"  branch="false" />
			<line number="12"  hits="8"  branch="false" />
			<line number="15"  hits="8"  branch="false" />
		</lines>
		</class>
	</classes>
	</package>
</packages>
</coverage>
