{"/Users/Verbal/edmond/mean/test.js":{"path":"/Users/Verbal/edmond/mean/test.js","s":{"1":1,"2":1,"3":1,"4":1},"b":{},"f":{"1":1},"fnMap":{"1":{"name":"(anonymous_1)","line":10,"loc":{"start":{"line":10,"column":9},"end":{"line":10,"column":21}}}},"statementMap":{"1":{"start":{"line":7,"column":0},"end":{"line":7,"column":27}},"2":{"start":{"line":8,"column":0},"end":{"line":8,"column":52}},"3":{"start":{"line":10,"column":0},"end":{"line":12,"column":3}},"4":{"start":{"line":11,"column":2},"end":{"line":11,"column":45}}},"branchMap":{}},"/Users/Verbal/edmond/mean/config/lib/app.js":{"path":"/Users/Verbal/edmond/mean/config/lib/app.js","s":{"1":1,"2":1,"3":1,"4":0,"5":0,"6":1,"7":1,"8":0,"9":1,"10":1,"11":1,"12":1,"13":1,"14":1,"15":0,"16":0,"17":0,"18":0,"19":0,"20":0,"21":0,"22":0,"23":0,"24":0,"25":0,"26":0,"27":0,"28":0,"29":0,"30":0},"b":{"1":[0,1],"2":[1,1],"3":[1,0],"4":[0,0],"5":[0,0],"6":[0,0]},"f":{"1":1,"2":0,"3":1,"4":1,"5":0,"6":0,"7":0},"fnMap":{"1":{"name":"seedDB","line":12,"loc":{"start":{"line":12,"column":0},"end":{"line":12,"column":18}}},"2":{"name":"loadModels","line":22,"loc":{"start":{"line":22,"column":28},"end":{"line":22,"column":50}}},"3":{"name":"init","line":26,"loc":{"start":{"line":26,"column":22},"end":{"line":26,"column":46}}},"4":{"name":"(anonymous_4)","line":27,"loc":{"start":{"line":27,"column":19},"end":{"line":27,"column":33}}},"5":{"name":"start","line":35,"loc":{"start":{"line":35,"column":23},"end":{"line":35,"column":48}}},"6":{"name":"(anonymous_6)","line":38,"loc":{"start":{"line":38,"column":13},"end":{"line":38,"column":40}}},"7":{"name":"(anonymous_7)","line":41,"loc":{"start":{"line":41,"column":41},"end":{"line":41,"column":53}}}},"statementMap":{"1":{"start":{"line":6,"column":0},"end":{"line":10,"column":27}},"2":{"start":{"line":12,"column":0},"end":{"line":17,"column":1}},"3":{"start":{"line":13,"column":2},"end":{"line":16,"column":3}},"4":{"start":{"line":14,"column":4},"end":{"line":14,"column":75}},"5":{"start":{"line":15,"column":4},"end":{"line":15,"column":17}},"6":{"start":{"line":20,"column":0},"end":{"line":20,"column":28}},"7":{"start":{"line":22,"column":0},"end":{"line":24,"column":2}},"8":{"start":{"line":23,"column":2},"end":{"line":23,"column":24}},"9":{"start":{"line":26,"column":0},"end":{"line":33,"column":2}},"10":{"start":{"line":27,"column":2},"end":{"line":32,"column":5}},"11":{"start":{"line":29,"column":4},"end":{"line":29,"column":31}},"12":{"start":{"line":30,"column":4},"end":{"line":30,"column":44}},"13":{"start":{"line":30,"column":18},"end":{"line":30,"column":44}},"14":{"start":{"line":35,"column":0},"end":{"line":61,"column":2}},"15":{"start":{"line":36,"column":2},"end":{"line":36,"column":19}},"16":{"start":{"line":38,"column":2},"end":{"line":59,"column":5}},"17":{"start":{"line":41,"column":4},"end":{"line":57,"column":7}},"18":{"start":{"line":43,"column":6},"end":{"line":43,"column":114}},"19":{"start":{"line":45,"column":6},"end":{"line":45,"column":24}},"20":{"start":{"line":46,"column":6},"end":{"line":46,"column":49}},"21":{"start":{"line":47,"column":6},"end":{"line":47,"column":20}},"22":{"start":{"line":48,"column":6},"end":{"line":48,"column":75}},"23":{"start":{"line":49,"column":6},"end":{"line":49,"column":61}},"24":{"start":{"line":50,"column":6},"end":{"line":50,"column":68}},"25":{"start":{"line":51,"column":6},"end":{"line":51,"column":76}},"26":{"start":{"line":52,"column":6},"end":{"line":53,"column":88}},"27":{"start":{"line":53,"column":8},"end":{"line":53,"column":88}},"28":{"start":{"line":54,"column":6},"end":{"line":54,"column":24}},"29":{"start":{"line":56,"column":6},"end":{"line":56,"column":46}},"30":{"start":{"line":56,"column":20},"end":{"line":56,"column":46}}},"branchMap":{"1":{"line":13,"type":"if","locations":[{"start":{"line":13,"column":2},"end":{"line":13,"column":2}},{"start":{"line":13,"column":2},"end":{"line":13,"column":2}}]},"2":{"line":13,"type":"binary-expr","locations":[{"start":{"line":13,"column":6},"end":{"line":13,"column":19}},{"start":{"line":13,"column":23},"end":{"line":13,"column":41}}]},"3":{"line":30,"type":"if","locations":[{"start":{"line":30,"column":4},"end":{"line":30,"column":4}},{"start":{"line":30,"column":4},"end":{"line":30,"column":4}}]},"4":{"line":43,"type":"cond-expr","locations":[{"start":{"line":43,"column":56},"end":{"line":43,"column":66}},{"start":{"line":43,"column":69},"end":{"line":43,"column":78}}]},"5":{"line":52,"type":"if","locations":[{"start":{"line":52,"column":6},"end":{"line":52,"column":6}},{"start":{"line":52,"column":6},"end":{"line":52,"column":6}}]},"6":{"line":56,"type":"if","locations":[{"start":{"line":56,"column":6},"end":{"line":56,"column":6}},{"start":{"line":56,"column":6},"end":{"line":56,"column":6}}]}}},"/Users/Verbal/edmond/mean/config/config.js":{"path":"/Users/Verbal/edmond/mean/config/config.js","s":{"1":1,"2":1,"3":37,"4":37,"5":37,"6":6,"7":22,"8":31,"9":30,"10":0,"11":30,"12":30,"13":20,"14":78,"15":60,"16":60,"17":60,"18":18,"19":78,"20":30,"21":37,"22":1,"23":1,"24":1,"25":1,"26":0,"27":0,"28":0,"29":0,"30":1,"31":1,"32":1,"33":1,"34":0,"35":0,"36":0,"37":0,"38":0,"39":0,"40":0,"41":1,"42":5,"43":3,"44":2,"45":1,"46":0,"47":0,"48":0,"49":0,"50":1,"51":1,"52":1,"53":1,"54":1,"55":1,"56":1,"57":1,"58":1,"59":1,"60":1,"61":1,"62":1,"63":1,"64":1,"65":1,"66":1,"67":1,"68":1,"69":1,"70":1,"71":1,"72":1,"73":1,"74":1,"75":1,"76":1,"77":1,"78":1,"79":1,"80":1,"81":1,"82":1},"b":{"1":[6,31],"2":[30,1],"3":[0,30],"4":[20,10],"5":[60,18],"6":[60,0],"7":[0,1],"8":[0,0],"9":[1,0],"10":[1,0],"11":[0,0],"12":[0,0],"13":[3,2],"14":[1,1],"15":[0,1],"16":[1,0],"17":[1,0],"18":[1,0,1]},"f":{"1":37,"2":22,"3":78,"4":1,"5":1,"6":5,"7":1,"8":1,"9":1},"fnMap":{"1":{"name":"(anonymous_1)","line":15,"loc":{"start":{"line":15,"column":22},"end":{"line":15,"column":56}}},"2":{"name":"(anonymous_2)","line":24,"loc":{"start":{"line":24,"column":25},"end":{"line":24,"column":48}}},"3":{"name":"(anonymous_3)","line":33,"loc":{"start":{"line":33,"column":26},"end":{"line":33,"column":42}}},"4":{"name":"(anonymous_4)","line":56,"loc":{"start":{"line":56,"column":34},"end":{"line":56,"column":46}}},"5":{"name":"(anonymous_5)","line":75,"loc":{"start":{"line":75,"column":25},"end":{"line":75,"column":43}}},"6":{"name":"(anonymous_6)","line":95,"loc":{"start":{"line":95,"column":28},"end":{"line":95,"column":55}}},"7":{"name":"(anonymous_7)","line":117,"loc":{"start":{"line":117,"column":30},"end":{"line":117,"column":56}}},"8":{"name":"(anonymous_8)","line":131,"loc":{"start":{"line":131,"column":28},"end":{"line":131,"column":54}}},"9":{"name":"(anonymous_9)","line":166,"loc":{"start":{"line":166,"column":23},"end":{"line":166,"column":35}}}},"statementMap":{"1":{"start":{"line":6,"column":0},"end":{"line":10,"column":25}},"2":{"start":{"line":15,"column":0},"end":{"line":51,"column":2}},"3":{"start":{"line":17,"column":2},"end":{"line":17,"column":54}},"4":{"start":{"line":20,"column":2},"end":{"line":20,"column":18}},"5":{"start":{"line":23,"column":2},"end":{"line":48,"column":3}},"6":{"start":{"line":24,"column":4},"end":{"line":26,"column":7}},"7":{"start":{"line":25,"column":6},"end":{"line":25,"column":71}},"8":{"start":{"line":27,"column":9},"end":{"line":48,"column":3}},"9":{"start":{"line":28,"column":4},"end":{"line":47,"column":5}},"10":{"start":{"line":29,"column":6},"end":{"line":29,"column":32}},"11":{"start":{"line":31,"column":6},"end":{"line":31,"column":42}},"12":{"start":{"line":32,"column":6},"end":{"line":45,"column":7}},"13":{"start":{"line":33,"column":8},"end":{"line":44,"column":11}},"14":{"start":{"line":34,"column":10},"end":{"line":42,"column":11}},"15":{"start":{"line":35,"column":12},"end":{"line":39,"column":13}},"16":{"start":{"line":36,"column":14},"end":{"line":38,"column":15}},"17":{"start":{"line":37,"column":16},"end":{"line":37,"column":53}},"18":{"start":{"line":41,"column":12},"end":{"line":41,"column":46}},"19":{"start":{"line":43,"column":10},"end":{"line":43,"column":22}},"20":{"start":{"line":46,"column":6},"end":{"line":46,"column":38}},"21":{"start":{"line":50,"column":2},"end":{"line":50,"column":16}},"22":{"start":{"line":56,"column":0},"end":{"line":69,"column":2}},"23":{"start":{"line":57,"column":2},"end":{"line":57,"column":83}},"24":{"start":{"line":58,"column":2},"end":{"line":58,"column":16}},"25":{"start":{"line":59,"column":2},"end":{"line":66,"column":3}},"26":{"start":{"line":60,"column":4},"end":{"line":64,"column":5}},"27":{"start":{"line":61,"column":6},"end":{"line":61,"column":144}},"28":{"start":{"line":63,"column":6},"end":{"line":63,"column":106}},"29":{"start":{"line":65,"column":4},"end":{"line":65,"column":41}},"30":{"start":{"line":68,"column":2},"end":{"line":68,"column":31}},"31":{"start":{"line":75,"column":0},"end":{"line":90,"column":2}},"32":{"start":{"line":77,"column":2},"end":{"line":79,"column":3}},"33":{"start":{"line":78,"column":4},"end":{"line":78,"column":16}},"34":{"start":{"line":81,"column":2},"end":{"line":81,"column":73}},"35":{"start":{"line":82,"column":2},"end":{"line":82,"column":75}},"36":{"start":{"line":84,"column":2},"end":{"line":89,"column":3}},"37":{"start":{"line":85,"column":4},"end":{"line":85,"column":109}},"38":{"start":{"line":86,"column":4},"end":{"line":86,"column":125}},"39":{"start":{"line":87,"column":4},"end":{"line":87,"column":18}},"40":{"start":{"line":88,"column":4},"end":{"line":88,"column":30}},"41":{"start":{"line":95,"column":0},"end":{"line":112,"column":2}},"42":{"start":{"line":97,"column":2},"end":{"line":99,"column":3}},"43":{"start":{"line":98,"column":4},"end":{"line":98,"column":16}},"44":{"start":{"line":101,"column":2},"end":{"line":111,"column":3}},"45":{"start":{"line":102,"column":4},"end":{"line":107,"column":5}},"46":{"start":{"line":103,"column":6},"end":{"line":103,"column":136}},"47":{"start":{"line":104,"column":6},"end":{"line":104,"column":121}},"48":{"start":{"line":105,"column":6},"end":{"line":105,"column":86}},"49":{"start":{"line":106,"column":6},"end":{"line":106,"column":20}},"50":{"start":{"line":108,"column":4},"end":{"line":108,"column":17}},"51":{"start":{"line":110,"column":4},"end":{"line":110,"column":16}},"52":{"start":{"line":117,"column":0},"end":{"line":126,"column":2}},"53":{"start":{"line":119,"column":2},"end":{"line":122,"column":4}},"54":{"start":{"line":125,"column":2},"end":{"line":125,"column":136}},"55":{"start":{"line":131,"column":0},"end":{"line":161,"column":2}},"56":{"start":{"line":133,"column":2},"end":{"line":136,"column":4}},"57":{"start":{"line":139,"column":2},"end":{"line":139,"column":69}},"58":{"start":{"line":142,"column":2},"end":{"line":142,"column":69}},"59":{"start":{"line":145,"column":2},"end":{"line":145,"column":70}},"60":{"start":{"line":148,"column":2},"end":{"line":148,"column":71}},"61":{"start":{"line":151,"column":2},"end":{"line":151,"column":73}},"62":{"start":{"line":154,"column":2},"end":{"line":154,"column":131}},"63":{"start":{"line":157,"column":2},"end":{"line":157,"column":134}},"64":{"start":{"line":160,"column":2},"end":{"line":160,"column":67}},"65":{"start":{"line":166,"column":0},"end":{"line":214,"column":2}},"66":{"start":{"line":168,"column":2},"end":{"line":168,"column":32}},"67":{"start":{"line":171,"column":2},"end":{"line":171,"column":81}},"68":{"start":{"line":174,"column":2},"end":{"line":174,"column":106}},"69":{"start":{"line":177,"column":2},"end":{"line":177,"column":57}},"70":{"start":{"line":180,"column":2},"end":{"line":180,"column":78}},"71":{"start":{"line":183,"column":2},"end":{"line":183,"column":103}},"72":{"start":{"line":186,"column":2},"end":{"line":186,"column":57}},"73":{"start":{"line":189,"column":2},"end":{"line":189,"column":52}},"74":{"start":{"line":190,"column":2},"end":{"line":190,"column":22}},"75":{"start":{"line":193,"column":2},"end":{"line":193,"column":217}},"76":{"start":{"line":196,"column":2},"end":{"line":196,"column":40}},"77":{"start":{"line":199,"column":2},"end":{"line":199,"column":42}},"78":{"start":{"line":202,"column":2},"end":{"line":202,"column":29}},"79":{"start":{"line":205,"column":2},"end":{"line":205,"column":32}},"80":{"start":{"line":208,"column":2},"end":{"line":211,"column":4}},"81":{"start":{"line":213,"column":2},"end":{"line":213,"column":16}},"82":{"start":{"line":219,"column":0},"end":{"line":219,"column":36}}},"branchMap":{"1":{"line":23,"type":"if","locations":[{"start":{"line":23,"column":2},"end":{"line":23,"column":2}},{"start":{"line":23,"column":2},"end":{"line":23,"column":2}}]},"2":{"line":27,"type":"if","locations":[{"start":{"line":27,"column":9},"end":{"line":27,"column":9}},{"start":{"line":27,"column":9},"end":{"line":27,"column":9}}]},"3":{"line":28,"type":"if","locations":[{"start":{"line":28,"column":4},"end":{"line":28,"column":4}},{"start":{"line":28,"column":4},"end":{"line":28,"column":4}}]},"4":{"line":32,"type":"if","locations":[{"start":{"line":32,"column":6},"end":{"line":32,"column":6}},{"start":{"line":32,"column":6},"end":{"line":32,"column":6}}]},"5":{"line":34,"type":"if","locations":[{"start":{"line":34,"column":10},"end":{"line":34,"column":10}},{"start":{"line":34,"column":10},"end":{"line":34,"column":10}}]},"6":{"line":36,"type":"if","locations":[{"start":{"line":36,"column":14},"end":{"line":36,"column":14}},{"start":{"line":36,"column":14},"end":{"line":36,"column":14}}]},"7":{"line":59,"type":"if","locations":[{"start":{"line":59,"column":2},"end":{"line":59,"column":2}},{"start":{"line":59,"column":2},"end":{"line":59,"column":2}}]},"8":{"line":60,"type":"if","locations":[{"start":{"line":60,"column":4},"end":{"line":60,"column":4}},{"start":{"line":60,"column":4},"end":{"line":60,"column":4}}]},"9":{"line":77,"type":"if","locations":[{"start":{"line":77,"column":2},"end":{"line":77,"column":2}},{"start":{"line":77,"column":2},"end":{"line":77,"column":2}}]},"10":{"line":77,"type":"binary-expr","locations":[{"start":{"line":77,"column":6},"end":{"line":77,"column":20}},{"start":{"line":77,"column":24},"end":{"line":77,"column":50}}]},"11":{"line":84,"type":"if","locations":[{"start":{"line":84,"column":2},"end":{"line":84,"column":2}},{"start":{"line":84,"column":2},"end":{"line":84,"column":2}}]},"12":{"line":84,"type":"binary-expr","locations":[{"start":{"line":84,"column":6},"end":{"line":84,"column":17}},{"start":{"line":84,"column":21},"end":{"line":84,"column":33}}]},"13":{"line":97,"type":"if","locations":[{"start":{"line":97,"column":2},"end":{"line":97,"column":2}},{"start":{"line":97,"column":2},"end":{"line":97,"column":2}}]},"14":{"line":101,"type":"if","locations":[{"start":{"line":101,"column":2},"end":{"line":101,"column":2}},{"start":{"line":101,"column":2},"end":{"line":101,"column":2}}]},"15":{"line":102,"type":"if","locations":[{"start":{"line":102,"column":4},"end":{"line":102,"column":4}},{"start":{"line":102,"column":4},"end":{"line":102,"column":4}}]},"16":{"line":174,"type":"binary-expr","locations":[{"start":{"line":174,"column":26},"end":{"line":174,"column":99}},{"start":{"line":174,"column":103},"end":{"line":174,"column":105}}]},"17":{"line":183,"type":"binary-expr","locations":[{"start":{"line":183,"column":26},"end":{"line":183,"column":96}},{"start":{"line":183,"column":100},"end":{"line":183,"column":102}}]},"18":{"line":193,"type":"binary-expr","locations":[{"start":{"line":193,"column":28},"end":{"line":193,"column":119}},{"start":{"line":193,"column":123},"end":{"line":193,"column":208}},{"start":{"line":193,"column":213},"end":{"line":193,"column":215}}]}}},"/Users/Verbal/edmond/mean/config/assets/default.js":{"path":"/Users/Verbal/edmond/mean/config/assets/default.js","s":{"1":1},"b":{},"f":{},"fnMap":{},"statementMap":{"1":{"start":{"line":3,"column":0},"end":{"line":65,"column":2}}},"branchMap":{}},"/Users/Verbal/edmond/mean/config/assets/test.js":{"path":"/Users/Verbal/edmond/mean/config/assets/test.js","s":{"1":1},"b":{},"f":{},"fnMap":{},"statementMap":{"1":{"start":{"line":3,"column":0},"end":{"line":9,"column":2}}},"branchMap":{}},"/Users/Verbal/edmond/mean/config/env/default.js":{"path":"/Users/Verbal/edmond/mean/config/env/default.js","s":{"1":1},"b":{"1":[1,1],"2":[1,1],"3":[1,1],"4":[1,1]},"f":{},"fnMap":{},"statementMap":{"1":{"start":{"line":3,"column":0},"end":{"line":49,"column":2}}},"branchMap":{"1":{"line":8,"type":"binary-expr","locations":[{"start":{"line":8,"column":31},"end":{"line":8,"column":71}},{"start":{"line":8,"column":75},"end":{"line":8,"column":105}}]},"2":{"line":10,"type":"binary-expr","locations":[{"start":{"line":10,"column":8},"end":{"line":10,"column":24}},{"start":{"line":10,"column":28},"end":{"line":10,"column":32}}]},"3":{"line":11,"type":"binary-expr","locations":[{"start":{"line":11,"column":8},"end":{"line":11,"column":24}},{"start":{"line":11,"column":28},"end":{"line":11,"column":37}}]},"4":{"line":26,"type":"binary-expr","locations":[{"start":{"line":26,"column":17},"end":{"line":26,"column":43}},{"start":{"line":26,"column":47},"end":{"line":26,"column":53}}]}}},"/Users/Verbal/edmond/mean/config/env/test.js":{"path":"/Users/Verbal/edmond/mean/config/env/test.js","s":{"1":1,"2":1},"b":{"1":[1,1,1],"2":[1,1],"3":[1,1],"4":[1,1],"5":[1,1],"6":[1,1],"7":[1,1],"8":[1,1],"9":[1,1],"10":[1,1],"11":[1,1],"12":[1,1],"13":[1,1],"14":[1,1],"15":[1,1],"16":[1,1],"17":[1,1],"18":[1,1],"19":[1,1],"20":[1,1],"21":[1,1],"22":[1,1],"23":[1,1],"24":[1,1],"25":[1,1]},"f":{},"fnMap":{},"statementMap":{"1":{"start":{"line":3,"column":0},"end":{"line":3,"column":44}},"2":{"start":{"line":5,"column":0},"end":{"line":98,"column":2}}},"branchMap":{"1":{"line":7,"type":"binary-expr","locations":[{"start":{"line":7,"column":9},"end":{"line":7,"column":32}},{"start":{"line":7,"column":36},"end":{"line":7,"column":60}},{"start":{"line":7,"column":64},"end":{"line":7,"column":147}}]},"2":{"line":7,"type":"binary-expr","locations":[{"start":{"line":7,"column":80},"end":{"line":7,"column":116}},{"start":{"line":7,"column":120},"end":{"line":7,"column":131}}]},"3":{"line":13,"type":"binary-expr","locations":[{"start":{"line":13,"column":11},"end":{"line":13,"column":36}},{"start":{"line":13,"column":40},"end":{"line":13,"column":45}}]},"4":{"line":27,"type":"binary-expr","locations":[{"start":{"line":27,"column":8},"end":{"line":27,"column":24}},{"start":{"line":27,"column":28},"end":{"line":27,"column":32}}]},"5":{"line":32,"type":"binary-expr","locations":[{"start":{"line":32,"column":14},"end":{"line":32,"column":37}},{"start":{"line":32,"column":41},"end":{"line":32,"column":49}}]},"6":{"line":33,"type":"binary-expr","locations":[{"start":{"line":33,"column":18},"end":{"line":33,"column":45}},{"start":{"line":33,"column":49},"end":{"line":33,"column":61}}]},"7":{"line":37,"type":"binary-expr","locations":[{"start":{"line":37,"column":14},"end":{"line":37,"column":37}},{"start":{"line":37,"column":41},"end":{"line":37,"column":55}}]},"8":{"line":38,"type":"binary-expr","locations":[{"start":{"line":38,"column":18},"end":{"line":38,"column":44}},{"start":{"line":38,"column":48},"end":{"line":38,"column":65}}]},"9":{"line":42,"type":"binary-expr","locations":[{"start":{"line":42,"column":14},"end":{"line":42,"column":35}},{"start":{"line":42,"column":39},"end":{"line":42,"column":47}}]},"10":{"line":43,"type":"binary-expr","locations":[{"start":{"line":43,"column":18},"end":{"line":43,"column":43}},{"start":{"line":43,"column":47},"end":{"line":43,"column":59}}]},"11":{"line":47,"type":"binary-expr","locations":[{"start":{"line":47,"column":14},"end":{"line":47,"column":37}},{"start":{"line":47,"column":41},"end":{"line":47,"column":49}}]},"12":{"line":48,"type":"binary-expr","locations":[{"start":{"line":48,"column":18},"end":{"line":48,"column":45}},{"start":{"line":48,"column":49},"end":{"line":48,"column":61}}]},"13":{"line":52,"type":"binary-expr","locations":[{"start":{"line":52,"column":14},"end":{"line":52,"column":35}},{"start":{"line":52,"column":39},"end":{"line":52,"column":47}}]},"14":{"line":53,"type":"binary-expr","locations":[{"start":{"line":53,"column":18},"end":{"line":53,"column":43}},{"start":{"line":53,"column":47},"end":{"line":53,"column":59}}]},"15":{"line":57,"type":"binary-expr","locations":[{"start":{"line":57,"column":14},"end":{"line":57,"column":35}},{"start":{"line":57,"column":39},"end":{"line":57,"column":50}}]},"16":{"line":58,"type":"binary-expr","locations":[{"start":{"line":58,"column":18},"end":{"line":58,"column":43}},{"start":{"line":58,"column":47},"end":{"line":58,"column":62}}]},"17":{"line":63,"type":"binary-expr","locations":[{"start":{"line":63,"column":10},"end":{"line":63,"column":33}},{"start":{"line":63,"column":37},"end":{"line":63,"column":50}}]},"18":{"line":65,"type":"binary-expr","locations":[{"start":{"line":65,"column":15},"end":{"line":65,"column":50}},{"start":{"line":65,"column":54},"end":{"line":65,"column":79}}]},"19":{"line":67,"type":"binary-expr","locations":[{"start":{"line":67,"column":14},"end":{"line":67,"column":41}},{"start":{"line":67,"column":45},"end":{"line":67,"column":62}}]},"20":{"line":68,"type":"binary-expr","locations":[{"start":{"line":68,"column":14},"end":{"line":68,"column":41}},{"start":{"line":68,"column":45},"end":{"line":68,"column":62}}]},"21":{"line":77,"type":"binary-expr","locations":[{"start":{"line":77,"column":18},"end":{"line":77,"column":54}},{"start":{"line":77,"column":58},"end":{"line":77,"column":64}}]},"22":{"line":79,"type":"binary-expr","locations":[{"start":{"line":79,"column":15},"end":{"line":79,"column":48}},{"start":{"line":79,"column":52},"end":{"line":79,"column":72}}]},"23":{"line":86,"type":"binary-expr","locations":[{"start":{"line":86,"column":18},"end":{"line":86,"column":55}},{"start":{"line":86,"column":59},"end":{"line":86,"column":66}}]},"24":{"line":88,"type":"binary-expr","locations":[{"start":{"line":88,"column":15},"end":{"line":88,"column":49}},{"start":{"line":88,"column":53},"end":{"line":88,"column":74}}]},"25":{"line":97,"type":"binary-expr","locations":[{"start":{"line":97,"column":12},"end":{"line":97,"column":32}},{"start":{"line":97,"column":36},"end":{"line":97,"column":41}}]}}},"/Users/Verbal/edmond/mean/config/lib/mongoose.js":{"path":"/Users/Verbal/edmond/mean/config/lib/mongoose.js","s":{"1":1,"2":1,"3":1,"4":3,"5":1,"6":1,"7":1,"8":1,"9":1,"10":1,"11":0,"12":0,"13":1,"14":1,"15":1,"16":1,"17":0,"18":0,"19":0},"b":{"1":[1,0],"2":[0,1],"3":[1,0]},"f":{"1":1,"2":3,"3":1,"4":1,"5":0,"6":0},"fnMap":{"1":{"name":"(anonymous_1)","line":12,"loc":{"start":{"line":12,"column":28},"end":{"line":12,"column":48}}},"2":{"name":"(anonymous_2)","line":14,"loc":{"start":{"line":14,"column":37},"end":{"line":14,"column":58}}},"3":{"name":"(anonymous_3)","line":22,"loc":{"start":{"line":22,"column":25},"end":{"line":22,"column":39}}},"4":{"name":"(anonymous_4)","line":25,"loc":{"start":{"line":25,"column":62},"end":{"line":25,"column":77}}},"5":{"name":"(anonymous_5)","line":41,"loc":{"start":{"line":41,"column":28},"end":{"line":41,"column":42}}},"6":{"name":"(anonymous_6)","line":42,"loc":{"start":{"line":42,"column":22},"end":{"line":42,"column":37}}}},"statementMap":{"1":{"start":{"line":6,"column":0},"end":{"line":9,"column":33}},"2":{"start":{"line":12,"column":0},"end":{"line":19,"column":2}},"3":{"start":{"line":14,"column":2},"end":{"line":16,"column":5}},"4":{"start":{"line":15,"column":4},"end":{"line":15,"column":37}},"5":{"start":{"line":18,"column":2},"end":{"line":18,"column":27}},"6":{"start":{"line":18,"column":16},"end":{"line":18,"column":27}},"7":{"start":{"line":22,"column":0},"end":{"line":39,"column":2}},"8":{"start":{"line":23,"column":2},"end":{"line":23,"column":19}},"9":{"start":{"line":25,"column":2},"end":{"line":38,"column":5}},"10":{"start":{"line":27,"column":4},"end":{"line":37,"column":5}},"11":{"start":{"line":28,"column":6},"end":{"line":28,"column":64}},"12":{"start":{"line":29,"column":6},"end":{"line":29,"column":23}},"13":{"start":{"line":33,"column":6},"end":{"line":33,"column":45}},"14":{"start":{"line":36,"column":6},"end":{"line":36,"column":21}},"15":{"start":{"line":36,"column":14},"end":{"line":36,"column":21}},"16":{"start":{"line":41,"column":0},"end":{"line":46,"column":2}},"17":{"start":{"line":42,"column":2},"end":{"line":45,"column":5}},"18":{"start":{"line":43,"column":4},"end":{"line":43,"column":61}},"19":{"start":{"line":44,"column":4},"end":{"line":44,"column":12}}},"branchMap":{"1":{"line":18,"type":"if","locations":[{"start":{"line":18,"column":2},"end":{"line":18,"column":2}},{"start":{"line":18,"column":2},"end":{"line":18,"column":2}}]},"2":{"line":27,"type":"if","locations":[{"start":{"line":27,"column":4},"end":{"line":27,"column":4}},{"start":{"line":27,"column":4},"end":{"line":27,"column":4}}]},"3":{"line":36,"type":"if","locations":[{"start":{"line":36,"column":6},"end":{"line":36,"column":6}},{"start":{"line":36,"column":6},"end":{"line":36,"column":6}}]}}},"/Users/Verbal/edmond/mean/config/lib/express.js":{"path":"/Users/Verbal/edmond/mean/config/lib/express.js","s":{"1":1,"2":1,"3":4,"4":4,"5":4,"6":0,"7":4,"8":4,"9":4,"10":4,"11":4,"12":4,"13":4,"14":4,"15":4,"16":97,"17":97,"18":97,"19":1,"20":4,"21":4,"22":4,"23":97,"24":4,"25":4,"26":0,"27":4,"28":0,"29":4,"30":0,"31":4,"32":4,"33":4,"34":4,"35":4,"36":1,"37":4,"38":4,"39":4,"40":1,"41":4,"42":4,"43":1,"44":4,"45":12,"46":1,"47":4,"48":4,"49":4,"50":4,"51":4,"52":4,"53":4,"54":1,"55":4,"56":4,"57":20,"58":1,"59":4,"60":12,"61":1,"62":4,"63":24,"64":1,"65":4,"66":0,"67":0,"68":0,"69":0,"70":1,"71":4,"72":4,"73":1,"74":4,"75":4,"76":4,"77":4,"78":4,"79":4,"80":4,"81":4,"82":4,"83":4,"84":4,"85":4,"86":4},"b":{"1":[0,4],"2":[4,0],"3":[0,4],"4":[0,4],"5":[0,4],"6":[4,0],"7":[0,0]},"f":{"1":4,"2":97,"3":4,"4":97,"5":4,"6":4,"7":4,"8":12,"9":4,"10":4,"11":20,"12":4,"13":12,"14":4,"15":24,"16":4,"17":0,"18":4,"19":4},"fnMap":{"1":{"name":"(anonymous_1)","line":27,"loc":{"start":{"line":27,"column":36},"end":{"line":27,"column":51}}},"2":{"name":"(anonymous_2)","line":44,"loc":{"start":{"line":44,"column":10},"end":{"line":44,"column":36}}},"3":{"name":"(anonymous_3)","line":54,"loc":{"start":{"line":54,"column":32},"end":{"line":54,"column":47}}},"4":{"name":"(anonymous_4)","line":63,"loc":{"start":{"line":63,"column":12},"end":{"line":63,"column":32}}},"5":{"name":"(anonymous_5)","line":100,"loc":{"start":{"line":100,"column":32},"end":{"line":100,"column":47}}},"6":{"name":"(anonymous_6)","line":112,"loc":{"start":{"line":112,"column":29},"end":{"line":112,"column":48}}},"7":{"name":"(anonymous_7)","line":137,"loc":{"start":{"line":137,"column":42},"end":{"line":137,"column":61}}},"8":{"name":"(anonymous_8)","line":138,"loc":{"start":{"line":138,"column":38},"end":{"line":138,"column":60}}},"9":{"name":"(anonymous_9)","line":146,"loc":{"start":{"line":146,"column":35},"end":{"line":146,"column":50}}},"10":{"name":"(anonymous_10)","line":164,"loc":{"start":{"line":164,"column":41},"end":{"line":164,"column":56}}},"11":{"name":"(anonymous_11)","line":169,"loc":{"start":{"line":169,"column":32},"end":{"line":169,"column":54}}},"12":{"name":"(anonymous_12)","line":177,"loc":{"start":{"line":177,"column":43},"end":{"line":177,"column":58}}},"13":{"name":"(anonymous_13)","line":179,"loc":{"start":{"line":179,"column":39},"end":{"line":179,"column":61}}},"14":{"name":"(anonymous_14)","line":187,"loc":{"start":{"line":187,"column":41},"end":{"line":187,"column":56}}},"15":{"name":"(anonymous_15)","line":189,"loc":{"start":{"line":189,"column":37},"end":{"line":189,"column":58}}},"16":{"name":"(anonymous_16)","line":197,"loc":{"start":{"line":197,"column":33},"end":{"line":197,"column":48}}},"17":{"name":"(anonymous_17)","line":198,"loc":{"start":{"line":198,"column":10},"end":{"line":198,"column":41}}},"18":{"name":"(anonymous_18)","line":215,"loc":{"start":{"line":215,"column":35},"end":{"line":215,"column":54}}},"19":{"name":"(anonymous_19)","line":226,"loc":{"start":{"line":226,"column":22},"end":{"line":226,"column":36}}}},"statementMap":{"1":{"start":{"line":6,"column":0},"end":{"line":22,"column":27}},"2":{"start":{"line":27,"column":0},"end":{"line":49,"column":2}},"3":{"start":{"line":29,"column":2},"end":{"line":29,"column":38}},"4":{"start":{"line":30,"column":2},"end":{"line":30,"column":50}},"5":{"start":{"line":31,"column":2},"end":{"line":33,"column":3}},"6":{"start":{"line":32,"column":4},"end":{"line":32,"column":42}},"7":{"start":{"line":34,"column":2},"end":{"line":34,"column":44}},"8":{"start":{"line":35,"column":2},"end":{"line":35,"column":78}},"9":{"start":{"line":36,"column":2},"end":{"line":36,"column":54}},"10":{"start":{"line":37,"column":2},"end":{"line":37,"column":46}},"11":{"start":{"line":38,"column":2},"end":{"line":38,"column":48}},"12":{"start":{"line":39,"column":2},"end":{"line":39,"column":44}},"13":{"start":{"line":40,"column":2},"end":{"line":40,"column":32}},"14":{"start":{"line":41,"column":2},"end":{"line":41,"column":38}},"15":{"start":{"line":44,"column":2},"end":{"line":48,"column":5}},"16":{"start":{"line":45,"column":4},"end":{"line":45,"column":58}},"17":{"start":{"line":46,"column":4},"end":{"line":46,"column":79}},"18":{"start":{"line":47,"column":4},"end":{"line":47,"column":11}},"19":{"start":{"line":54,"column":0},"end":{"line":95,"column":2}},"20":{"start":{"line":56,"column":2},"end":{"line":56,"column":34}},"21":{"start":{"line":59,"column":2},"end":{"line":59,"column":31}},"22":{"start":{"line":62,"column":2},"end":{"line":67,"column":6}},"23":{"start":{"line":64,"column":6},"end":{"line":64,"column":87}},"24":{"start":{"line":70,"column":2},"end":{"line":70,"column":39}},"25":{"start":{"line":73,"column":2},"end":{"line":75,"column":3}},"26":{"start":{"line":74,"column":4},"end":{"line":74,"column":70}},"27":{"start":{"line":78,"column":2},"end":{"line":83,"column":3}},"28":{"start":{"line":80,"column":4},"end":{"line":80,"column":33}},"29":{"start":{"line":81,"column":9},"end":{"line":83,"column":3}},"30":{"start":{"line":82,"column":4},"end":{"line":82,"column":32}},"31":{"start":{"line":86,"column":2},"end":{"line":88,"column":6}},"32":{"start":{"line":89,"column":2},"end":{"line":89,"column":29}},"33":{"start":{"line":90,"column":2},"end":{"line":90,"column":28}},"34":{"start":{"line":93,"column":2},"end":{"line":93,"column":26}},"35":{"start":{"line":94,"column":2},"end":{"line":94,"column":19}},"36":{"start":{"line":100,"column":0},"end":{"line":107,"column":2}},"37":{"start":{"line":102,"column":2},"end":{"line":102,"column":69}},"38":{"start":{"line":105,"column":2},"end":{"line":105,"column":45}},"39":{"start":{"line":106,"column":2},"end":{"line":106,"column":25}},"40":{"start":{"line":112,"column":0},"end":{"line":132,"column":2}},"41":{"start":{"line":114,"column":2},"end":{"line":128,"column":6}},"42":{"start":{"line":131,"column":2},"end":{"line":131,"column":30}},"43":{"start":{"line":137,"column":0},"end":{"line":141,"column":2}},"44":{"start":{"line":138,"column":2},"end":{"line":140,"column":5}},"45":{"start":{"line":139,"column":4},"end":{"line":139,"column":47}},"46":{"start":{"line":146,"column":0},"end":{"line":159,"column":2}},"47":{"start":{"line":148,"column":2},"end":{"line":148,"column":31}},"48":{"start":{"line":149,"column":2},"end":{"line":149,"column":27}},"49":{"start":{"line":150,"column":2},"end":{"line":150,"column":30}},"50":{"start":{"line":151,"column":2},"end":{"line":151,"column":28}},"51":{"start":{"line":152,"column":2},"end":{"line":152,"column":29}},"52":{"start":{"line":153,"column":2},"end":{"line":157,"column":6}},"53":{"start":{"line":158,"column":2},"end":{"line":158,"column":30}},"54":{"start":{"line":164,"column":0},"end":{"line":172,"column":2}},"55":{"start":{"line":166,"column":2},"end":{"line":166,"column":57}},"56":{"start":{"line":169,"column":2},"end":{"line":171,"column":5}},"57":{"start":{"line":170,"column":4},"end":{"line":170,"column":73}},"58":{"start":{"line":177,"column":0},"end":{"line":182,"column":2}},"59":{"start":{"line":179,"column":2},"end":{"line":181,"column":5}},"60":{"start":{"line":180,"column":4},"end":{"line":180,"column":60}},"61":{"start":{"line":187,"column":0},"end":{"line":192,"column":2}},"62":{"start":{"line":189,"column":2},"end":{"line":191,"column":5}},"63":{"start":{"line":190,"column":4},"end":{"line":190,"column":42}},"64":{"start":{"line":197,"column":0},"end":{"line":210,"column":2}},"65":{"start":{"line":198,"column":2},"end":{"line":209,"column":5}},"66":{"start":{"line":200,"column":4},"end":{"line":202,"column":5}},"67":{"start":{"line":201,"column":6},"end":{"line":201,"column":20}},"68":{"start":{"line":205,"column":4},"end":{"line":205,"column":29}},"69":{"start":{"line":208,"column":4},"end":{"line":208,"column":34}},"70":{"start":{"line":215,"column":0},"end":{"line":221,"column":2}},"71":{"start":{"line":217,"column":2},"end":{"line":217,"column":47}},"72":{"start":{"line":220,"column":2},"end":{"line":220,"column":16}},"73":{"start":{"line":226,"column":0},"end":{"line":264,"column":2}},"74":{"start":{"line":228,"column":2},"end":{"line":228,"column":22}},"75":{"start":{"line":231,"column":2},"end":{"line":231,"column":31}},"76":{"start":{"line":234,"column":2},"end":{"line":234,"column":27}},"77":{"start":{"line":237,"column":2},"end":{"line":237,"column":27}},"78":{"start":{"line":240,"column":2},"end":{"line":240,"column":30}},"79":{"start":{"line":243,"column":2},"end":{"line":243,"column":36}},"80":{"start":{"line":246,"column":2},"end":{"line":246,"column":28}},"81":{"start":{"line":249,"column":2},"end":{"line":249,"column":37}},"82":{"start":{"line":252,"column":2},"end":{"line":252,"column":38}},"83":{"start":{"line":255,"column":2},"end":{"line":255,"column":36}},"84":{"start":{"line":258,"column":2},"end":{"line":258,"column":28}},"85":{"start":{"line":261,"column":2},"end":{"line":261,"column":40}},"86":{"start":{"line":263,"column":2},"end":{"line":263,"column":13}}},"branchMap":{"1":{"line":31,"type":"if","locations":[{"start":{"line":31,"column":2},"end":{"line":31,"column":2}},{"start":{"line":31,"column":2},"end":{"line":31,"column":2}}]},"2":{"line":31,"type":"binary-expr","locations":[{"start":{"line":31,"column":6},"end":{"line":31,"column":19}},{"start":{"line":31,"column":23},"end":{"line":31,"column":49}}]},"3":{"line":73,"type":"if","locations":[{"start":{"line":73,"column":2},"end":{"line":73,"column":2}},{"start":{"line":73,"column":2},"end":{"line":73,"column":2}}]},"4":{"line":78,"type":"if","locations":[{"start":{"line":78,"column":2},"end":{"line":78,"column":2}},{"start":{"line":78,"column":2},"end":{"line":78,"column":2}}]},"5":{"line":81,"type":"if","locations":[{"start":{"line":81,"column":9},"end":{"line":81,"column":9}},{"start":{"line":81,"column":9},"end":{"line":81,"column":9}}]},"6":{"line":121,"type":"binary-expr","locations":[{"start":{"line":121,"column":14},"end":{"line":121,"column":41}},{"start":{"line":121,"column":45},"end":{"line":121,"column":62}}]},"7":{"line":200,"type":"if","locations":[{"start":{"line":200,"column":4},"end":{"line":200,"column":4}},{"start":{"line":200,"column":4},"end":{"line":200,"column":4}}]}}},"/Users/Verbal/edmond/mean/config/lib/logger.js":{"path":"/Users/Verbal/edmond/mean/config/lib/logger.js","s":{"1":1,"2":1,"3":1,"4":1,"5":0,"6":1,"7":1,"8":1,"9":1,"10":0,"11":0,"12":0,"13":0,"14":0,"15":0,"16":0,"17":0,"18":0,"19":0,"20":1,"21":4,"22":4,"23":3,"24":4,"25":4,"26":3,"27":3,"28":1,"29":1,"30":1,"31":1,"32":1,"33":2,"34":2,"35":1,"36":1,"37":0,"38":0,"39":0,"40":2,"41":1,"42":1},"b":{"1":[1,0],"2":[0,0],"3":[0,0],"4":[3,1],"5":[3,1],"6":[4,1],"7":[0,1],"8":[0,1],"9":[0,1],"10":[2,0],"11":[2,2],"12":[1,1],"13":[0,1]},"f":{"1":0,"2":1,"3":4,"4":1,"5":2},"fnMap":{"1":{"name":"(anonymous_1)","line":32,"loc":{"start":{"line":32,"column":9},"end":{"line":32,"column":23}}},"2":{"name":"setupFileLogger","line":42,"loc":{"start":{"line":42,"column":25},"end":{"line":42,"column":59}}},"3":{"name":"getLogOptions","line":75,"loc":{"start":{"line":75,"column":23},"end":{"line":75,"column":61}}},"4":{"name":"getMorganOptions","line":114,"loc":{"start":{"line":114,"column":26},"end":{"line":114,"column":54}}},"5":{"name":"getLogFormat","line":127,"loc":{"start":{"line":127,"column":22},"end":{"line":127,"column":46}}}},"statementMap":{"1":{"start":{"line":3,"column":0},"end":{"line":7,"column":31}},"2":{"start":{"line":10,"column":0},"end":{"line":10,"column":66}},"3":{"start":{"line":14,"column":0},"end":{"line":25,"column":3}},"4":{"start":{"line":31,"column":0},"end":{"line":35,"column":2}},"5":{"start":{"line":33,"column":4},"end":{"line":33,"column":21}},"6":{"start":{"line":42,"column":0},"end":{"line":68,"column":2}},"7":{"start":{"line":44,"column":2},"end":{"line":44,"column":49}},"8":{"start":{"line":45,"column":2},"end":{"line":47,"column":3}},"9":{"start":{"line":46,"column":4},"end":{"line":46,"column":17}},"10":{"start":{"line":49,"column":2},"end":{"line":66,"column":3}},"11":{"start":{"line":52,"column":4},"end":{"line":54,"column":5}},"12":{"start":{"line":53,"column":6},"end":{"line":53,"column":63}},"13":{"start":{"line":56,"column":4},"end":{"line":56,"column":16}},"14":{"start":{"line":58,"column":4},"end":{"line":63,"column":5}},"15":{"start":{"line":59,"column":6},"end":{"line":59,"column":20}},"16":{"start":{"line":60,"column":6},"end":{"line":60,"column":103}},"17":{"start":{"line":61,"column":6},"end":{"line":61,"column":34}},"18":{"start":{"line":62,"column":6},"end":{"line":62,"column":20}},"19":{"start":{"line":65,"column":4},"end":{"line":65,"column":17}},"20":{"start":{"line":75,"column":0},"end":{"line":106,"column":2}},"21":{"start":{"line":77,"column":2},"end":{"line":77,"column":38}},"22":{"start":{"line":78,"column":2},"end":{"line":80,"column":3}},"23":{"start":{"line":79,"column":4},"end":{"line":79,"column":28}},"24":{"start":{"line":82,"column":2},"end":{"line":82,"column":48}},"25":{"start":{"line":84,"column":2},"end":{"line":87,"column":3}},"26":{"start":{"line":85,"column":4},"end":{"line":85,"column":61}},"27":{"start":{"line":86,"column":4},"end":{"line":86,"column":17}},"28":{"start":{"line":89,"column":2},"end":{"line":89,"column":81}},"29":{"start":{"line":91,"column":2},"end":{"line":104,"column":4}},"30":{"start":{"line":114,"column":0},"end":{"line":120,"column":2}},"31":{"start":{"line":116,"column":2},"end":{"line":118,"column":4}},"32":{"start":{"line":127,"column":0},"end":{"line":142,"column":2}},"33":{"start":{"line":128,"column":2},"end":{"line":128,"column":91}},"34":{"start":{"line":131,"column":2},"end":{"line":139,"column":3}},"35":{"start":{"line":132,"column":4},"end":{"line":132,"column":24}},"36":{"start":{"line":134,"column":4},"end":{"line":138,"column":5}},"37":{"start":{"line":135,"column":6},"end":{"line":135,"column":20}},"38":{"start":{"line":136,"column":6},"end":{"line":136,"column":135}},"39":{"start":{"line":137,"column":6},"end":{"line":137,"column":20}},"40":{"start":{"line":141,"column":2},"end":{"line":141,"column":16}},"41":{"start":{"line":144,"column":0},"end":{"line":144,"column":27}},"42":{"start":{"line":146,"column":0},"end":{"line":146,"column":24}}},"branchMap":{"1":{"line":45,"type":"if","locations":[{"start":{"line":45,"column":2},"end":{"line":45,"column":2}},{"start":{"line":45,"column":2},"end":{"line":45,"column":2}}]},"2":{"line":52,"type":"if","locations":[{"start":{"line":52,"column":4},"end":{"line":52,"column":4}},{"start":{"line":52,"column":4},"end":{"line":52,"column":4}}]},"3":{"line":58,"type":"if","locations":[{"start":{"line":58,"column":4},"end":{"line":58,"column":4}},{"start":{"line":58,"column":4},"end":{"line":58,"column":4}}]},"4":{"line":78,"type":"if","locations":[{"start":{"line":78,"column":2},"end":{"line":78,"column":2}},{"start":{"line":78,"column":2},"end":{"line":78,"column":2}}]},"5":{"line":84,"type":"if","locations":[{"start":{"line":84,"column":2},"end":{"line":84,"column":2}},{"start":{"line":84,"column":2},"end":{"line":84,"column":2}}]},"6":{"line":84,"type":"binary-expr","locations":[{"start":{"line":84,"column":6},"end":{"line":84,"column":53}},{"start":{"line":84,"column":57},"end":{"line":84,"column":99}}]},"7":{"line":96,"type":"cond-expr","locations":[{"start":{"line":96,"column":40},"end":{"line":96,"column":64}},{"start":{"line":96,"column":67},"end":{"line":96,"column":75}}]},"8":{"line":97,"type":"cond-expr","locations":[{"start":{"line":97,"column":42},"end":{"line":97,"column":67}},{"start":{"line":97,"column":70},"end":{"line":97,"column":71}}]},"9":{"line":98,"type":"cond-expr","locations":[{"start":{"line":98,"column":46},"end":{"line":98,"column":67}},{"start":{"line":98,"column":70},"end":{"line":98,"column":75}}]},"10":{"line":128,"type":"cond-expr","locations":[{"start":{"line":128,"column":49},"end":{"line":128,"column":77}},{"start":{"line":128,"column":80},"end":{"line":128,"column":90}}]},"11":{"line":128,"type":"binary-expr","locations":[{"start":{"line":128,"column":15},"end":{"line":128,"column":25}},{"start":{"line":128,"column":29},"end":{"line":128,"column":46}}]},"12":{"line":131,"type":"if","locations":[{"start":{"line":131,"column":2},"end":{"line":131,"column":2}},{"start":{"line":131,"column":2},"end":{"line":131,"column":2}}]},"13":{"line":134,"type":"if","locations":[{"start":{"line":134,"column":4},"end":{"line":134,"column":4}},{"start":{"line":134,"column":4},"end":{"line":134,"column":4}}]}}},"/Users/Verbal/edmond/mean/config/lib/seed.js":{"path":"/Users/Verbal/edmond/mean/config/lib/seed.js","s":{"1":1,"2":1,"3":1,"4":7,"5":7,"6":7,"7":7,"8":0,"9":7,"10":1,"11":10,"12":9,"13":9,"14":9,"15":1,"16":8,"17":1,"18":3,"19":3,"20":3,"21":3,"22":0,"23":3,"24":2,"25":1,"26":1,"27":10,"28":8,"29":8,"30":0,"31":8,"32":1,"33":11,"34":10,"35":10,"36":10,"37":10,"38":10,"39":3,"40":2,"41":1,"42":7,"43":6,"44":1,"45":1,"46":7,"47":2,"48":0,"49":0,"50":0,"51":2,"52":1,"53":7,"54":7,"55":7,"56":7,"57":2,"58":7,"59":2,"60":7,"61":7,"62":7,"63":7,"64":7,"65":3,"66":2,"67":4,"68":3},"b":{"1":[0,7],"2":[1,8],"3":[0,3],"4":[2,1],"5":[0,8],"6":[3,7],"7":[10,6],"8":[0,2],"9":[7,0],"10":[2,5],"11":[2,5],"12":[3,4]},"f":{"1":7,"2":7,"3":7,"4":10,"5":9,"6":9,"7":9,"8":3,"9":3,"10":3,"11":10,"12":8,"13":8,"14":11,"15":10,"16":10,"17":2,"18":1,"19":6,"20":1,"21":7,"22":2,"23":7,"24":7,"25":2,"26":3},"fnMap":{"1":{"name":"removeUser","line":12,"loc":{"start":{"line":12,"column":0},"end":{"line":12,"column":27}}},"2":{"name":"(anonymous_2)","line":13,"loc":{"start":{"line":13,"column":21},"end":{"line":13,"column":48}}},"3":{"name":"(anonymous_3)","line":15,"loc":{"start":{"line":15,"column":50},"end":{"line":15,"column":65}}},"4":{"name":"saveUser","line":24,"loc":{"start":{"line":24,"column":0},"end":{"line":24,"column":25}}},"5":{"name":"(anonymous_5)","line":25,"loc":{"start":{"line":25,"column":9},"end":{"line":25,"column":20}}},"6":{"name":"(anonymous_6)","line":26,"loc":{"start":{"line":26,"column":23},"end":{"line":26,"column":50}}},"7":{"name":"(anonymous_7)","line":28,"loc":{"start":{"line":28,"column":16},"end":{"line":28,"column":40}}},"8":{"name":"checkUserNotExists","line":39,"loc":{"start":{"line":39,"column":0},"end":{"line":39,"column":35}}},"9":{"name":"(anonymous_9)","line":40,"loc":{"start":{"line":40,"column":21},"end":{"line":40,"column":48}}},"10":{"name":"(anonymous_10)","line":42,"loc":{"start":{"line":42,"column":43},"end":{"line":42,"column":65}}},"11":{"name":"reportSuccess","line":56,"loc":{"start":{"line":56,"column":0},"end":{"line":56,"column":34}}},"12":{"name":"(anonymous_12)","line":57,"loc":{"start":{"line":57,"column":9},"end":{"line":57,"column":25}}},"13":{"name":"(anonymous_13)","line":58,"loc":{"start":{"line":58,"column":23},"end":{"line":58,"column":50}}},"14":{"name":"seedTheUser","line":68,"loc":{"start":{"line":68,"column":0},"end":{"line":68,"column":28}}},"15":{"name":"(anonymous_15)","line":69,"loc":{"start":{"line":69,"column":9},"end":{"line":69,"column":29}}},"16":{"name":"(anonymous_16)","line":70,"loc":{"start":{"line":70,"column":23},"end":{"line":70,"column":50}}},"17":{"name":"(anonymous_17)","line":81,"loc":{"start":{"line":81,"column":16},"end":{"line":81,"column":28}}},"18":{"name":"(anonymous_18)","line":84,"loc":{"start":{"line":84,"column":17},"end":{"line":84,"column":32}}},"19":{"name":"(anonymous_19)","line":91,"loc":{"start":{"line":91,"column":16},"end":{"line":91,"column":28}}},"20":{"name":"(anonymous_20)","line":94,"loc":{"start":{"line":94,"column":17},"end":{"line":94,"column":32}}},"21":{"name":"reportError","line":103,"loc":{"start":{"line":103,"column":0},"end":{"line":103,"column":30}}},"22":{"name":"(anonymous_22)","line":104,"loc":{"start":{"line":104,"column":9},"end":{"line":104,"column":24}}},"23":{"name":"start","line":114,"loc":{"start":{"line":114,"column":23},"end":{"line":114,"column":47}}},"24":{"name":"(anonymous_24)","line":133,"loc":{"start":{"line":133,"column":21},"end":{"line":133,"column":48}}},"25":{"name":"(anonymous_25)","line":142,"loc":{"start":{"line":142,"column":14},"end":{"line":142,"column":26}}},"26":{"name":"(anonymous_26)","line":153,"loc":{"start":{"line":153,"column":14},"end":{"line":153,"column":26}}}},"statementMap":{"1":{"start":{"line":3,"column":0},"end":{"line":7,"column":29}},"2":{"start":{"line":10,"column":0},"end":{"line":10,"column":21}},"3":{"start":{"line":12,"column":0},"end":{"line":22,"column":1}},"4":{"start":{"line":13,"column":2},"end":{"line":21,"column":5}},"5":{"start":{"line":14,"column":4},"end":{"line":14,"column":38}},"6":{"start":{"line":15,"column":4},"end":{"line":20,"column":7}},"7":{"start":{"line":16,"column":6},"end":{"line":18,"column":7}},"8":{"start":{"line":17,"column":8},"end":{"line":17,"column":69}},"9":{"start":{"line":19,"column":6},"end":{"line":19,"column":16}},"10":{"start":{"line":24,"column":0},"end":{"line":37,"column":1}},"11":{"start":{"line":25,"column":2},"end":{"line":36,"column":4}},"12":{"start":{"line":26,"column":4},"end":{"line":35,"column":7}},"13":{"start":{"line":28,"column":6},"end":{"line":34,"column":9}},"14":{"start":{"line":29,"column":8},"end":{"line":33,"column":9}},"15":{"start":{"line":30,"column":10},"end":{"line":30,"column":68}},"16":{"start":{"line":32,"column":10},"end":{"line":32,"column":27}},"17":{"start":{"line":39,"column":0},"end":{"line":54,"column":1}},"18":{"start":{"line":40,"column":2},"end":{"line":53,"column":5}},"19":{"start":{"line":41,"column":4},"end":{"line":41,"column":38}},"20":{"start":{"line":42,"column":4},"end":{"line":52,"column":7}},"21":{"start":{"line":43,"column":6},"end":{"line":45,"column":7}},"22":{"start":{"line":44,"column":8},"end":{"line":44,"column":75}},"23":{"start":{"line":47,"column":6},"end":{"line":51,"column":7}},"24":{"start":{"line":48,"column":8},"end":{"line":48,"column":18}},"25":{"start":{"line":50,"column":8},"end":{"line":50,"column":90}},"26":{"start":{"line":56,"column":0},"end":{"line":65,"column":1}},"27":{"start":{"line":57,"column":2},"end":{"line":64,"column":4}},"28":{"start":{"line":58,"column":4},"end":{"line":63,"column":7}},"29":{"start":{"line":59,"column":6},"end":{"line":61,"column":7}},"30":{"start":{"line":60,"column":8},"end":{"line":60,"column":129}},"31":{"start":{"line":62,"column":6},"end":{"line":62,"column":16}},"32":{"start":{"line":68,"column":0},"end":{"line":100,"column":1}},"33":{"start":{"line":69,"column":2},"end":{"line":99,"column":4}},"34":{"start":{"line":70,"column":4},"end":{"line":98,"column":7}},"35":{"start":{"line":72,"column":6},"end":{"line":72,"column":15}},"36":{"start":{"line":73,"column":6},"end":{"line":73,"column":36}},"37":{"start":{"line":75,"column":6},"end":{"line":75,"column":31}},"38":{"start":{"line":77,"column":6},"end":{"line":97,"column":7}},"39":{"start":{"line":78,"column":8},"end":{"line":86,"column":13}},"40":{"start":{"line":82,"column":12},"end":{"line":82,"column":22}},"41":{"start":{"line":85,"column":12},"end":{"line":85,"column":24}},"42":{"start":{"line":88,"column":8},"end":{"line":96,"column":13}},"43":{"start":{"line":92,"column":12},"end":{"line":92,"column":22}},"44":{"start":{"line":95,"column":12},"end":{"line":95,"column":24}},"45":{"start":{"line":103,"column":0},"end":{"line":112,"column":1}},"46":{"start":{"line":104,"column":2},"end":{"line":111,"column":4}},"47":{"start":{"line":105,"column":4},"end":{"line":109,"column":5}},"48":{"start":{"line":106,"column":6},"end":{"line":106,"column":20}},"49":{"start":{"line":107,"column":6},"end":{"line":107,"column":51}},"50":{"start":{"line":108,"column":6},"end":{"line":108,"column":20}},"51":{"start":{"line":110,"column":4},"end":{"line":110,"column":16}},"52":{"start":{"line":114,"column":0},"end":{"line":159,"column":2}},"53":{"start":{"line":116,"column":2},"end":{"line":116,"column":53}},"54":{"start":{"line":120,"column":2},"end":{"line":122,"column":3}},"55":{"start":{"line":121,"column":4},"end":{"line":121,"column":48}},"56":{"start":{"line":124,"column":2},"end":{"line":126,"column":3}},"57":{"start":{"line":125,"column":4},"end":{"line":125,"column":44}},"58":{"start":{"line":128,"column":2},"end":{"line":130,"column":3}},"59":{"start":{"line":129,"column":4},"end":{"line":129,"column":46}},"60":{"start":{"line":132,"column":2},"end":{"line":132,"column":36}},"61":{"start":{"line":133,"column":2},"end":{"line":158,"column":5}},"62":{"start":{"line":135,"column":4},"end":{"line":135,"column":55}},"63":{"start":{"line":136,"column":4},"end":{"line":136,"column":53}},"64":{"start":{"line":139,"column":4},"end":{"line":157,"column":5}},"65":{"start":{"line":140,"column":6},"end":{"line":145,"column":36}},"66":{"start":{"line":143,"column":10},"end":{"line":143,"column":20}},"67":{"start":{"line":149,"column":6},"end":{"line":156,"column":36}},"68":{"start":{"line":154,"column":10},"end":{"line":154,"column":20}}},"branchMap":{"1":{"line":16,"type":"if","locations":[{"start":{"line":16,"column":6},"end":{"line":16,"column":6}},{"start":{"line":16,"column":6},"end":{"line":16,"column":6}}]},"2":{"line":29,"type":"if","locations":[{"start":{"line":29,"column":8},"end":{"line":29,"column":8}},{"start":{"line":29,"column":8},"end":{"line":29,"column":8}}]},"3":{"line":43,"type":"if","locations":[{"start":{"line":43,"column":6},"end":{"line":43,"column":6}},{"start":{"line":43,"column":6},"end":{"line":43,"column":6}}]},"4":{"line":47,"type":"if","locations":[{"start":{"line":47,"column":6},"end":{"line":47,"column":6}},{"start":{"line":47,"column":6},"end":{"line":47,"column":6}}]},"5":{"line":59,"type":"if","locations":[{"start":{"line":59,"column":6},"end":{"line":59,"column":6}},{"start":{"line":59,"column":6},"end":{"line":59,"column":6}}]},"6":{"line":77,"type":"if","locations":[{"start":{"line":77,"column":6},"end":{"line":77,"column":6}},{"start":{"line":77,"column":6},"end":{"line":77,"column":6}}]},"7":{"line":77,"type":"binary-expr","locations":[{"start":{"line":77,"column":10},"end":{"line":77,"column":58}},{"start":{"line":77,"column":62},"end":{"line":77,"column":99}}]},"8":{"line":105,"type":"if","locations":[{"start":{"line":105,"column":4},"end":{"line":105,"column":4}},{"start":{"line":105,"column":4},"end":{"line":105,"column":4}}]},"9":{"line":120,"type":"if","locations":[{"start":{"line":120,"column":2},"end":{"line":120,"column":2}},{"start":{"line":120,"column":2},"end":{"line":120,"column":2}}]},"10":{"line":124,"type":"if","locations":[{"start":{"line":124,"column":2},"end":{"line":124,"column":2}},{"start":{"line":124,"column":2},"end":{"line":124,"column":2}}]},"11":{"line":128,"type":"if","locations":[{"start":{"line":128,"column":2},"end":{"line":128,"column":2}},{"start":{"line":128,"column":2},"end":{"line":128,"column":2}}]},"12":{"line":139,"type":"if","locations":[{"start":{"line":139,"column":4},"end":{"line":139,"column":4}},{"start":{"line":139,"column":4},"end":{"line":139,"column":4}}]}}},"/Users/Verbal/edmond/mean/modules/articles/server/models/article.server.model.js":{"path":"/Users/Verbal/edmond/mean/modules/articles/server/models/article.server.model.js","s":{"1":1,"2":1,"3":1},"b":{},"f":{},"fnMap":{},"statementMap":{"1":{"start":{"line":6,"column":0},"end":{"line":7,"column":27}},"2":{"start":{"line":12,"column":0},"end":{"line":32,"column":3}},"3":{"start":{"line":34,"column":0},"end":{"line":34,"column":41}}},"branchMap":{}},"/Users/Verbal/edmond/mean/modules/blues/server/models/blue.server.model.js":{"path":"/Users/Verbal/edmond/mean/modules/blues/server/models/blue.server.model.js","s":{"1":1,"2":1,"3":1},"b":{},"f":{},"fnMap":{},"statementMap":{"1":{"start":{"line":6,"column":0},"end":{"line":7,"column":27}},"2":{"start":{"line":12,"column":0},"end":{"line":27,"column":3}},"3":{"start":{"line":29,"column":0},"end":{"line":29,"column":35}}},"branchMap":{}},"/Users/Verbal/edmond/mean/modules/users/server/models/user.server.model.js":{"path":"/Users/Verbal/edmond/mean/modules/users/server/models/user.server.model.js","s":{"1":1,"2":1,"3":255,"4":1,"5":125,"6":1,"7":1,"8":117,"9":90,"10":90,"11":117,"12":1,"13":144,"14":110,"15":110,"16":6,"17":6,"18":144,"19":1,"20":125,"21":125,"22":0,"23":1,"24":35,"25":1,"26":0,"27":0,"28":0,"29":0,"30":0,"31":0,"32":0,"33":0,"34":1,"35":11,"36":11,"37":11,"38":11,"39":11,"40":11,"41":11,"42":0,"43":11,"44":1},"b":{"1":[255,8,247],"2":[125,4,121],"3":[90,27],"4":[117,105],"5":[110,34],"6":[144,138,125],"7":[6,104],"8":[125,0],"9":[125,125],"10":[0,0],"11":[0,0],"12":[0,0],"13":[0,0],"14":[22,11],"15":[0,11]},"f":{"1":255,"2":125,"3":117,"4":144,"5":125,"6":35,"7":0,"8":0,"9":11,"10":11},"fnMap":{"1":{"name":"(anonymous_1)","line":16,"loc":{"start":{"line":16,"column":36},"end":{"line":16,"column":56}}},"2":{"name":"(anonymous_2)","line":23,"loc":{"start":{"line":23,"column":33},"end":{"line":23,"column":50}}},"3":{"name":"(anonymous_3)","line":109,"loc":{"start":{"line":109,"column":23},"end":{"line":109,"column":39}}},"4":{"name":"(anonymous_4)","line":121,"loc":{"start":{"line":121,"column":27},"end":{"line":121,"column":43}}},"5":{"name":"(anonymous_5)","line":136,"loc":{"start":{"line":136,"column":34},"end":{"line":136,"column":54}}},"6":{"name":"(anonymous_6)","line":147,"loc":{"start":{"line":147,"column":34},"end":{"line":147,"column":54}}},"7":{"name":"(anonymous_7)","line":154,"loc":{"start":{"line":154,"column":40},"end":{"line":154,"column":78}}},"8":{"name":"(anonymous_8)","line":160,"loc":{"start":{"line":160,"column":5},"end":{"line":160,"column":26}}},"9":{"name":"(anonymous_9)","line":178,"loc":{"start":{"line":178,"column":46},"end":{"line":178,"column":58}}},"10":{"name":"(anonymous_10)","line":179,"loc":{"start":{"line":179,"column":21},"end":{"line":179,"column":48}}}},"statementMap":{"1":{"start":{"line":6,"column":0},"end":{"line":11,"column":50}},"2":{"start":{"line":16,"column":0},"end":{"line":18,"column":2}},"3":{"start":{"line":17,"column":2},"end":{"line":17,"column":75}},"4":{"start":{"line":23,"column":0},"end":{"line":25,"column":2}},"5":{"start":{"line":24,"column":2},"end":{"line":24,"column":108}},"6":{"start":{"line":30,"column":0},"end":{"line":104,"column":3}},"7":{"start":{"line":109,"column":0},"end":{"line":116,"column":3}},"8":{"start":{"line":110,"column":2},"end":{"line":113,"column":3}},"9":{"start":{"line":111,"column":4},"end":{"line":111,"column":58}},"10":{"start":{"line":112,"column":4},"end":{"line":112,"column":53}},"11":{"start":{"line":115,"column":2},"end":{"line":115,"column":9}},"12":{"start":{"line":121,"column":0},"end":{"line":131,"column":3}},"13":{"start":{"line":122,"column":2},"end":{"line":128,"column":3}},"14":{"start":{"line":123,"column":4},"end":{"line":123,"column":43}},"15":{"start":{"line":124,"column":4},"end":{"line":127,"column":5}},"16":{"start":{"line":125,"column":6},"end":{"line":125,"column":42}},"17":{"start":{"line":126,"column":6},"end":{"line":126,"column":41}},"18":{"start":{"line":130,"column":2},"end":{"line":130,"column":9}},"19":{"start":{"line":136,"column":0},"end":{"line":142,"column":2}},"20":{"start":{"line":137,"column":2},"end":{"line":141,"column":3}},"21":{"start":{"line":138,"column":4},"end":{"line":138,"column":102}},"22":{"start":{"line":140,"column":4},"end":{"line":140,"column":20}},"23":{"start":{"line":147,"column":0},"end":{"line":149,"column":2}},"24":{"start":{"line":148,"column":2},"end":{"line":148,"column":55}},"25":{"start":{"line":154,"column":0},"end":{"line":171,"column":2}},"26":{"start":{"line":155,"column":2},"end":{"line":155,"column":19}},"27":{"start":{"line":156,"column":2},"end":{"line":156,"column":65}},"28":{"start":{"line":158,"column":2},"end":{"line":170,"column":5}},"29":{"start":{"line":161,"column":4},"end":{"line":169,"column":5}},"30":{"start":{"line":162,"column":6},"end":{"line":166,"column":7}},"31":{"start":{"line":163,"column":8},"end":{"line":163,"column":35}},"32":{"start":{"line":165,"column":8},"end":{"line":165,"column":79}},"33":{"start":{"line":168,"column":6},"end":{"line":168,"column":21}},"34":{"start":{"line":178,"column":0},"end":{"line":207,"column":2}},"35":{"start":{"line":179,"column":2},"end":{"line":206,"column":5}},"36":{"start":{"line":180,"column":4},"end":{"line":180,"column":22}},"37":{"start":{"line":181,"column":4},"end":{"line":181,"column":60}},"38":{"start":{"line":185,"column":4},"end":{"line":197,"column":5}},"39":{"start":{"line":187,"column":6},"end":{"line":193,"column":9}},"40":{"start":{"line":196,"column":6},"end":{"line":196,"column":59}},"41":{"start":{"line":200,"column":4},"end":{"line":205,"column":5}},"42":{"start":{"line":201,"column":6},"end":{"line":201,"column":96}},"43":{"start":{"line":204,"column":6},"end":{"line":204,"column":24}},"44":{"start":{"line":209,"column":0},"end":{"line":209,"column":35}}},"branchMap":{"1":{"line":17,"type":"binary-expr","locations":[{"start":{"line":17,"column":11},"end":{"line":17,"column":36}},{"start":{"line":17,"column":40},"end":{"line":17,"column":53}},{"start":{"line":17,"column":58},"end":{"line":17,"column":73}}]},"2":{"line":24,"type":"binary-expr","locations":[{"start":{"line":24,"column":11},"end":{"line":24,"column":36}},{"start":{"line":24,"column":40},"end":{"line":24,"column":53}},{"start":{"line":24,"column":58},"end":{"line":24,"column":106}}]},"3":{"line":110,"type":"if","locations":[{"start":{"line":110,"column":2},"end":{"line":110,"column":2}},{"start":{"line":110,"column":2},"end":{"line":110,"column":2}}]},"4":{"line":110,"type":"binary-expr","locations":[{"start":{"line":110,"column":6},"end":{"line":110,"column":19}},{"start":{"line":110,"column":23},"end":{"line":110,"column":50}}]},"5":{"line":122,"type":"if","locations":[{"start":{"line":122,"column":2},"end":{"line":122,"column":2}},{"start":{"line":122,"column":2},"end":{"line":122,"column":2}}]},"6":{"line":122,"type":"binary-expr","locations":[{"start":{"line":122,"column":6},"end":{"line":122,"column":31}},{"start":{"line":122,"column":35},"end":{"line":122,"column":48}},{"start":{"line":122,"column":52},"end":{"line":122,"column":79}}]},"7":{"line":124,"type":"if","locations":[{"start":{"line":124,"column":4},"end":{"line":124,"column":4}},{"start":{"line":124,"column":4},"end":{"line":124,"column":4}}]},"8":{"line":137,"type":"if","locations":[{"start":{"line":137,"column":2},"end":{"line":137,"column":2}},{"start":{"line":137,"column":2},"end":{"line":137,"column":2}}]},"9":{"line":137,"type":"binary-expr","locations":[{"start":{"line":137,"column":6},"end":{"line":137,"column":15}},{"start":{"line":137,"column":19},"end":{"line":137,"column":27}}]},"10":{"line":156,"type":"binary-expr","locations":[{"start":{"line":156,"column":51},"end":{"line":156,"column":57}},{"start":{"line":156,"column":61},"end":{"line":156,"column":63}}]},"11":{"line":161,"type":"if","locations":[{"start":{"line":161,"column":4},"end":{"line":161,"column":4}},{"start":{"line":161,"column":4},"end":{"line":161,"column":4}}]},"12":{"line":162,"type":"if","locations":[{"start":{"line":162,"column":6},"end":{"line":162,"column":6}},{"start":{"line":162,"column":6},"end":{"line":162,"column":6}}]},"13":{"line":165,"type":"binary-expr","locations":[{"start":{"line":165,"column":51},"end":{"line":165,"column":57}},{"start":{"line":165,"column":61},"end":{"line":165,"column":62}}]},"14":{"line":185,"type":"binary-expr","locations":[{"start":{"line":185,"column":11},"end":{"line":185,"column":31}},{"start":{"line":185,"column":35},"end":{"line":185,"column":69}}]},"15":{"line":200,"type":"if","locations":[{"start":{"line":200,"column":4},"end":{"line":200,"column":4}},{"start":{"line":200,"column":4},"end":{"line":200,"column":4}}]}}},"/Users/Verbal/edmond/mean/modules/articles/server/config/articles.server.config.js":{"path":"/Users/Verbal/edmond/mean/modules/articles/server/config/articles.server.config.js","s":{"1":1,"2":1},"b":{},"f":{"1":4},"fnMap":{"1":{"name":"(anonymous_1)","line":12,"loc":{"start":{"line":12,"column":17},"end":{"line":12,"column":36}}}},"statementMap":{"1":{"start":{"line":6,"column":0},"end":{"line":7,"column":52}},"2":{"start":{"line":12,"column":0},"end":{"line":14,"column":2}}},"branchMap":{}},"/Users/Verbal/edmond/mean/modules/blues/server/config/blues.server.config.js":{"path":"/Users/Verbal/edmond/mean/modules/blues/server/config/blues.server.config.js","s":{"1":1,"2":1},"b":{},"f":{"1":4},"fnMap":{"1":{"name":"(anonymous_1)","line":12,"loc":{"start":{"line":12,"column":17},"end":{"line":12,"column":36}}}},"statementMap":{"1":{"start":{"line":6,"column":0},"end":{"line":7,"column":52}},"2":{"start":{"line":12,"column":0},"end":{"line":14,"column":2}}},"branchMap":{}},"/Users/Verbal/edmond/mean/modules/users/server/config/users.server.config.js":{"path":"/Users/Verbal/edmond/mean/modules/users/server/config/users.server.config.js","s":{"1":1,"2":1,"3":4,"4":37,"5":4,"6":68,"7":68,"8":4,"9":28,"10":4,"11":4},"b":{},"f":{"1":4,"2":37,"3":68,"4":68,"5":28},"fnMap":{"1":{"name":"(anonymous_1)","line":14,"loc":{"start":{"line":14,"column":17},"end":{"line":14,"column":36}}},"2":{"name":"(anonymous_2)","line":16,"loc":{"start":{"line":16,"column":25},"end":{"line":16,"column":47}}},"3":{"name":"(anonymous_3)","line":21,"loc":{"start":{"line":21,"column":27},"end":{"line":21,"column":47}}},"4":{"name":"(anonymous_4)","line":24,"loc":{"start":{"line":24,"column":26},"end":{"line":24,"column":47}}},"5":{"name":"(anonymous_5)","line":30,"loc":{"start":{"line":30,"column":85},"end":{"line":30,"column":105}}}},"statementMap":{"1":{"start":{"line":6,"column":0},"end":{"line":9,"column":52}},"2":{"start":{"line":14,"column":0},"end":{"line":37,"column":2}},"3":{"start":{"line":16,"column":2},"end":{"line":18,"column":5}},"4":{"start":{"line":17,"column":4},"end":{"line":17,"column":24}},"5":{"start":{"line":21,"column":2},"end":{"line":27,"column":5}},"6":{"start":{"line":22,"column":4},"end":{"line":26,"column":7}},"7":{"start":{"line":25,"column":6},"end":{"line":25,"column":22}},"8":{"start":{"line":30,"column":2},"end":{"line":32,"column":5}},"9":{"start":{"line":31,"column":4},"end":{"line":31,"column":44}},"10":{"start":{"line":35,"column":2},"end":{"line":35,"column":33}},"11":{"start":{"line":36,"column":2},"end":{"line":36,"column":30}}},"branchMap":{}},"/Users/Verbal/edmond/mean/modules/users/server/config/strategies/facebook.js":{"path":"/Users/Verbal/edmond/mean/modules/users/server/config/strategies/facebook.js","s":{"1":1,"2":1,"3":4,"4":0,"5":0,"6":0,"7":0,"8":0,"9":1,"10":0,"11":0,"12":0,"13":0,"14":0,"15":0},"b":{"1":[0,0],"2":[0,0],"3":[0,0],"4":[0,0],"5":[0,0],"6":[0,0]},"f":{"1":4,"2":0,"3":0},"fnMap":{"1":{"name":"(anonymous_1)","line":10,"loc":{"start":{"line":10,"column":17},"end":{"line":10,"column":35}}},"2":{"name":"(anonymous_2)","line":19,"loc":{"start":{"line":19,"column":2},"end":{"line":19,"column":59}}},"3":{"name":"generateUsername","line":41,"loc":{"start":{"line":41,"column":4},"end":{"line":41,"column":39}}}},"statementMap":{"1":{"start":{"line":6,"column":0},"end":{"line":8,"column":63}},"2":{"start":{"line":10,"column":0},"end":{"line":53,"column":2}},"3":{"start":{"line":12,"column":2},"end":{"line":52,"column":6}},"4":{"start":{"line":21,"column":4},"end":{"line":21,"column":37}},"5":{"start":{"line":22,"column":4},"end":{"line":22,"column":43}},"6":{"start":{"line":23,"column":4},"end":{"line":23,"column":45}},"7":{"start":{"line":26,"column":4},"end":{"line":36,"column":6}},"8":{"start":{"line":39,"column":4},"end":{"line":39,"column":63}},"9":{"start":{"line":41,"column":4},"end":{"line":51,"column":5}},"10":{"start":{"line":42,"column":6},"end":{"line":42,"column":24}},"11":{"start":{"line":44,"column":6},"end":{"line":48,"column":7}},"12":{"start":{"line":45,"column":8},"end":{"line":45,"column":57}},"13":{"start":{"line":46,"column":13},"end":{"line":48,"column":7}},"14":{"start":{"line":47,"column":8},"end":{"line":47,"column":71}},"15":{"start":{"line":50,"column":6},"end":{"line":50,"column":49}}},"branchMap":{"1":{"line":30,"type":"cond-expr","locations":[{"start":{"line":30,"column":30},"end":{"line":30,"column":53}},{"start":{"line":30,"column":56},"end":{"line":30,"column":65}}]},"2":{"line":31,"type":"binary-expr","locations":[{"start":{"line":31,"column":16},"end":{"line":31,"column":32}},{"start":{"line":31,"column":36},"end":{"line":31,"column":61}}]},"3":{"line":32,"type":"cond-expr","locations":[{"start":{"line":32,"column":38},"end":{"line":32,"column":98}},{"start":{"line":32,"column":101},"end":{"line":32,"column":110}}]},"4":{"line":44,"type":"if","locations":[{"start":{"line":44,"column":6},"end":{"line":44,"column":6}},{"start":{"line":44,"column":6},"end":{"line":44,"column":6}}]},"5":{"line":46,"type":"if","locations":[{"start":{"line":46,"column":13},"end":{"line":46,"column":13}},{"start":{"line":46,"column":13},"end":{"line":46,"column":13}}]},"6":{"line":50,"type":"binary-expr","locations":[{"start":{"line":50,"column":13},"end":{"line":50,"column":35}},{"start":{"line":50,"column":39},"end":{"line":50,"column":48}}]}}},"/Users/Verbal/edmond/mean/modules/users/server/controllers/users.server.controller.js":{"path":"/Users/Verbal/edmond/mean/modules/users/server/controllers/users.server.controller.js","s":{"1":1,"2":1},"b":{},"f":{},"fnMap":{},"statementMap":{"1":{"start":{"line":6,"column":0},"end":{"line":6,"column":26}},"2":{"start":{"line":11,"column":0},"end":{"line":16,"column":2}}},"branchMap":{}},"/Users/Verbal/edmond/mean/modules/users/server/controllers/users/users.authentication.server.controller.js":{"path":"/Users/Verbal/edmond/mean/modules/users/server/controllers/users/users.authentication.server.controller.js","s":{"1":1,"2":1,"3":1,"4":1,"5":1,"6":1,"7":1,"8":1,"9":1,"10":0,"11":1,"12":1,"13":1,"14":1,"15":0,"16":1,"17":1,"18":32,"19":32,"20":0,"21":32,"22":32,"23":32,"24":32,"25":0,"26":32,"27":1,"28":1,"29":1,"30":1,"31":24,"32":0,"33":0,"34":0,"35":1,"36":24,"37":0,"38":0,"39":0,"40":0,"41":0,"42":0,"43":0,"44":0,"45":0,"46":0,"47":0,"48":1,"49":0,"50":0,"51":0,"52":0,"53":0,"54":0,"55":0,"56":0,"57":0,"58":0,"59":0,"60":0,"61":0,"62":0,"63":0,"64":0,"65":0,"66":0,"67":0,"68":0,"69":0,"70":0,"71":0,"72":0,"73":0,"74":0,"75":0,"76":0,"77":1,"78":0,"79":0,"80":0,"81":0,"82":0,"83":0,"84":0,"85":0,"86":0,"87":0,"88":0,"89":0,"90":0,"91":0,"92":0,"93":0},"b":{"1":[0,1],"2":[0,1],"3":[0,32],"4":[32,32],"5":[0,32],"6":[0,0],"7":[0,0],"8":[0,0],"9":[0,0],"10":[0,0,0],"11":[0,0],"12":[0,0],"13":[0,0],"14":[0,0],"15":[0,0],"16":[0,0],"17":[0,0,0],"18":[0,0],"19":[0,0],"20":[0,0],"21":[0,0],"22":[0,0],"23":[0,0]},"f":{"1":1,"2":1,"3":1,"4":32,"5":32,"6":32,"7":1,"8":24,"9":0,"10":24,"11":0,"12":0,"13":0,"14":0,"15":0,"16":0,"17":0,"18":0,"19":0,"20":0,"21":0},"fnMap":{"1":{"name":"(anonymous_1)","line":21,"loc":{"start":{"line":21,"column":17},"end":{"line":21,"column":37}}},"2":{"name":"(anonymous_2)","line":31,"loc":{"start":{"line":31,"column":12},"end":{"line":31,"column":27}}},"3":{"name":"(anonymous_3)","line":41,"loc":{"start":{"line":41,"column":22},"end":{"line":41,"column":37}}},"4":{"name":"(anonymous_4)","line":55,"loc":{"start":{"line":55,"column":17},"end":{"line":55,"column":43}}},"5":{"name":"(anonymous_5)","line":56,"loc":{"start":{"line":56,"column":33},"end":{"line":56,"column":60}}},"6":{"name":"(anonymous_6)","line":64,"loc":{"start":{"line":64,"column":22},"end":{"line":64,"column":37}}},"7":{"name":"(anonymous_7)","line":78,"loc":{"start":{"line":78,"column":18},"end":{"line":78,"column":38}}},"8":{"name":"(anonymous_8)","line":86,"loc":{"start":{"line":86,"column":20},"end":{"line":86,"column":47}}},"9":{"name":"(anonymous_9)","line":87,"loc":{"start":{"line":87,"column":9},"end":{"line":87,"column":35}}},"10":{"name":"(anonymous_10)","line":101,"loc":{"start":{"line":101,"column":24},"end":{"line":101,"column":44}}},"11":{"name":"(anonymous_11)","line":102,"loc":{"start":{"line":102,"column":9},"end":{"line":102,"column":35}}},"12":{"name":"(anonymous_12)","line":107,"loc":{"start":{"line":107,"column":36},"end":{"line":107,"column":70}}},"13":{"name":"(anonymous_13)","line":114,"loc":{"start":{"line":114,"column":22},"end":{"line":114,"column":37}}},"14":{"name":"(anonymous_14)","line":128,"loc":{"start":{"line":128,"column":31},"end":{"line":128,"column":73}}},"15":{"name":"(anonymous_15)","line":148,"loc":{"start":{"line":148,"column":30},"end":{"line":148,"column":51}}},"16":{"name":"(anonymous_16)","line":155,"loc":{"start":{"line":155,"column":58},"end":{"line":155,"column":87}}},"17":{"name":"(anonymous_17)","line":168,"loc":{"start":{"line":168,"column":22},"end":{"line":168,"column":37}}},"18":{"name":"(anonymous_18)","line":194,"loc":{"start":{"line":194,"column":16},"end":{"line":194,"column":31}}},"19":{"name":"(anonymous_19)","line":206,"loc":{"start":{"line":206,"column":30},"end":{"line":206,"column":56}}},"20":{"name":"(anonymous_20)","line":226,"loc":{"start":{"line":226,"column":12},"end":{"line":226,"column":27}}},"21":{"name":"(anonymous_21)","line":232,"loc":{"start":{"line":232,"column":22},"end":{"line":232,"column":37}}}},"statementMap":{"1":{"start":{"line":6,"column":0},"end":{"line":10,"column":32}},"2":{"start":{"line":13,"column":0},"end":{"line":16,"column":2}},"3":{"start":{"line":21,"column":0},"end":{"line":50,"column":2}},"4":{"start":{"line":23,"column":2},"end":{"line":23,"column":24}},"5":{"start":{"line":26,"column":2},"end":{"line":26,"column":32}},"6":{"start":{"line":27,"column":2},"end":{"line":27,"column":26}},"7":{"start":{"line":28,"column":2},"end":{"line":28,"column":58}},"8":{"start":{"line":31,"column":2},"end":{"line":49,"column":5}},"9":{"start":{"line":32,"column":4},"end":{"line":48,"column":5}},"10":{"start":{"line":33,"column":6},"end":{"line":35,"column":9}},"11":{"start":{"line":38,"column":6},"end":{"line":38,"column":32}},"12":{"start":{"line":39,"column":6},"end":{"line":39,"column":28}},"13":{"start":{"line":41,"column":6},"end":{"line":47,"column":9}},"14":{"start":{"line":42,"column":8},"end":{"line":46,"column":9}},"15":{"start":{"line":43,"column":10},"end":{"line":43,"column":36}},"16":{"start":{"line":45,"column":10},"end":{"line":45,"column":25}},"17":{"start":{"line":55,"column":0},"end":{"line":73,"column":2}},"18":{"start":{"line":56,"column":2},"end":{"line":72,"column":21}},"19":{"start":{"line":57,"column":4},"end":{"line":71,"column":5}},"20":{"start":{"line":58,"column":6},"end":{"line":58,"column":33}},"21":{"start":{"line":61,"column":6},"end":{"line":61,"column":32}},"22":{"start":{"line":62,"column":6},"end":{"line":62,"column":28}},"23":{"start":{"line":64,"column":6},"end":{"line":70,"column":9}},"24":{"start":{"line":65,"column":8},"end":{"line":69,"column":9}},"25":{"start":{"line":66,"column":10},"end":{"line":66,"column":36}},"26":{"start":{"line":68,"column":10},"end":{"line":68,"column":25}},"27":{"start":{"line":78,"column":0},"end":{"line":81,"column":2}},"28":{"start":{"line":79,"column":2},"end":{"line":79,"column":15}},"29":{"start":{"line":80,"column":2},"end":{"line":80,"column":20}},"30":{"start":{"line":86,"column":0},"end":{"line":96,"column":2}},"31":{"start":{"line":87,"column":2},"end":{"line":95,"column":4}},"32":{"start":{"line":90,"column":4},"end":{"line":92,"column":5}},"33":{"start":{"line":91,"column":6},"end":{"line":91,"column":54}},"34":{"start":{"line":94,"column":4},"end":{"line":94,"column":59}},"35":{"start":{"line":101,"column":0},"end":{"line":123,"column":2}},"36":{"start":{"line":102,"column":2},"end":{"line":122,"column":4}},"37":{"start":{"line":104,"column":4},"end":{"line":104,"column":53}},"38":{"start":{"line":105,"column":4},"end":{"line":105,"column":35}},"39":{"start":{"line":107,"column":4},"end":{"line":121,"column":23}},"40":{"start":{"line":108,"column":6},"end":{"line":110,"column":7}},"41":{"start":{"line":109,"column":8},"end":{"line":109,"column":115}},"42":{"start":{"line":111,"column":6},"end":{"line":113,"column":7}},"43":{"start":{"line":112,"column":8},"end":{"line":112,"column":54}},"44":{"start":{"line":114,"column":6},"end":{"line":120,"column":9}},"45":{"start":{"line":115,"column":8},"end":{"line":117,"column":9}},"46":{"start":{"line":116,"column":10},"end":{"line":116,"column":56}},"47":{"start":{"line":119,"column":8},"end":{"line":119,"column":70}},"48":{"start":{"line":128,"column":0},"end":{"line":201,"column":2}},"49":{"start":{"line":129,"column":2},"end":{"line":200,"column":3}},"50":{"start":{"line":131,"column":4},"end":{"line":131,"column":106}},"51":{"start":{"line":132,"column":4},"end":{"line":132,"column":160}},"52":{"start":{"line":135,"column":4},"end":{"line":135,"column":37}},"53":{"start":{"line":136,"column":4},"end":{"line":136,"column":68}},"54":{"start":{"line":137,"column":4},"end":{"line":137,"column":143}},"55":{"start":{"line":140,"column":4},"end":{"line":140,"column":43}},"56":{"start":{"line":141,"column":4},"end":{"line":141,"column":155}},"57":{"start":{"line":144,"column":4},"end":{"line":146,"column":6}},"58":{"start":{"line":148,"column":4},"end":{"line":176,"column":7}},"59":{"start":{"line":149,"column":6},"end":{"line":175,"column":7}},"60":{"start":{"line":150,"column":8},"end":{"line":150,"column":25}},"61":{"start":{"line":152,"column":8},"end":{"line":174,"column":9}},"62":{"start":{"line":153,"column":10},"end":{"line":153,"column":142}},"63":{"start":{"line":155,"column":10},"end":{"line":171,"column":13}},"64":{"start":{"line":156,"column":12},"end":{"line":165,"column":15}},"65":{"start":{"line":168,"column":12},"end":{"line":170,"column":15}},"66":{"start":{"line":169,"column":14},"end":{"line":169,"column":37}},"67":{"start":{"line":173,"column":10},"end":{"line":173,"column":33}},"68":{"start":{"line":179,"column":4},"end":{"line":179,"column":24}},"69":{"start":{"line":182,"column":4},"end":{"line":199,"column":5}},"70":{"start":{"line":184,"column":6},"end":{"line":186,"column":7}},"71":{"start":{"line":185,"column":8},"end":{"line":185,"column":42}},"72":{"start":{"line":188,"column":6},"end":{"line":188,"column":100}},"73":{"start":{"line":191,"column":6},"end":{"line":191,"column":51}},"74":{"start":{"line":194,"column":6},"end":{"line":196,"column":9}},"75":{"start":{"line":195,"column":8},"end":{"line":195,"column":53}},"76":{"start":{"line":198,"column":6},"end":{"line":198,"column":84}},"77":{"start":{"line":206,"column":0},"end":{"line":241,"column":2}},"78":{"start":{"line":207,"column":2},"end":{"line":207,"column":22}},"79":{"start":{"line":208,"column":2},"end":{"line":208,"column":36}},"80":{"start":{"line":210,"column":2},"end":{"line":216,"column":3}},"81":{"start":{"line":211,"column":4},"end":{"line":213,"column":7}},"82":{"start":{"line":214,"column":9},"end":{"line":216,"column":3}},"83":{"start":{"line":215,"column":4},"end":{"line":215,"column":34}},"84":{"start":{"line":219,"column":2},"end":{"line":224,"column":3}},"85":{"start":{"line":220,"column":4},"end":{"line":220,"column":50}},"86":{"start":{"line":223,"column":4},"end":{"line":223,"column":49}},"87":{"start":{"line":226,"column":2},"end":{"line":240,"column":5}},"88":{"start":{"line":227,"column":4},"end":{"line":239,"column":5}},"89":{"start":{"line":228,"column":6},"end":{"line":230,"column":9}},"90":{"start":{"line":232,"column":6},"end":{"line":238,"column":9}},"91":{"start":{"line":233,"column":8},"end":{"line":237,"column":9}},"92":{"start":{"line":234,"column":10},"end":{"line":234,"column":43}},"93":{"start":{"line":236,"column":10},"end":{"line":236,"column":32}}},"branchMap":{"1":{"line":32,"type":"if","locations":[{"start":{"line":32,"column":4},"end":{"line":32,"column":4}},{"start":{"line":32,"column":4},"end":{"line":32,"column":4}}]},"2":{"line":42,"type":"if","locations":[{"start":{"line":42,"column":8},"end":{"line":42,"column":8}},{"start":{"line":42,"column":8},"end":{"line":42,"column":8}}]},"3":{"line":57,"type":"if","locations":[{"start":{"line":57,"column":4},"end":{"line":57,"column":4}},{"start":{"line":57,"column":4},"end":{"line":57,"column":4}}]},"4":{"line":57,"type":"binary-expr","locations":[{"start":{"line":57,"column":8},"end":{"line":57,"column":11}},{"start":{"line":57,"column":15},"end":{"line":57,"column":20}}]},"5":{"line":65,"type":"if","locations":[{"start":{"line":65,"column":8},"end":{"line":65,"column":8}},{"start":{"line":65,"column":8},"end":{"line":65,"column":8}}]},"6":{"line":90,"type":"if","locations":[{"start":{"line":90,"column":4},"end":{"line":90,"column":4}},{"start":{"line":90,"column":4},"end":{"line":90,"column":4}}]},"7":{"line":108,"type":"if","locations":[{"start":{"line":108,"column":6},"end":{"line":108,"column":6}},{"start":{"line":108,"column":6},"end":{"line":108,"column":6}}]},"8":{"line":111,"type":"if","locations":[{"start":{"line":111,"column":6},"end":{"line":111,"column":6}},{"start":{"line":111,"column":6},"end":{"line":111,"column":6}}]},"9":{"line":115,"type":"if","locations":[{"start":{"line":115,"column":8},"end":{"line":115,"column":8}},{"start":{"line":115,"column":8},"end":{"line":115,"column":8}}]},"10":{"line":119,"type":"binary-expr","locations":[{"start":{"line":119,"column":28},"end":{"line":119,"column":39}},{"start":{"line":119,"column":43},"end":{"line":119,"column":61}},{"start":{"line":119,"column":65},"end":{"line":119,"column":68}}]},"11":{"line":129,"type":"if","locations":[{"start":{"line":129,"column":2},"end":{"line":129,"column":2}},{"start":{"line":129,"column":2},"end":{"line":129,"column":2}}]},"12":{"line":149,"type":"if","locations":[{"start":{"line":149,"column":6},"end":{"line":149,"column":6}},{"start":{"line":149,"column":6},"end":{"line":149,"column":6}}]},"13":{"line":152,"type":"if","locations":[{"start":{"line":152,"column":8},"end":{"line":152,"column":8}},{"start":{"line":152,"column":8},"end":{"line":152,"column":8}}]},"14":{"line":153,"type":"binary-expr","locations":[{"start":{"line":153,"column":33},"end":{"line":153,"column":61}},{"start":{"line":153,"column":66},"end":{"line":153,"column":140}}]},"15":{"line":153,"type":"cond-expr","locations":[{"start":{"line":153,"column":96},"end":{"line":153,"column":135}},{"start":{"line":153,"column":138},"end":{"line":153,"column":140}}]},"16":{"line":182,"type":"if","locations":[{"start":{"line":182,"column":4},"end":{"line":182,"column":4}},{"start":{"line":182,"column":4},"end":{"line":182,"column":4}}]},"17":{"line":182,"type":"binary-expr","locations":[{"start":{"line":182,"column":8},"end":{"line":182,"column":54}},{"start":{"line":182,"column":59},"end":{"line":182,"column":88}},{"start":{"line":182,"column":92},"end":{"line":182,"column":151}}]},"18":{"line":184,"type":"if","locations":[{"start":{"line":184,"column":6},"end":{"line":184,"column":6}},{"start":{"line":184,"column":6},"end":{"line":184,"column":6}}]},"19":{"line":210,"type":"if","locations":[{"start":{"line":210,"column":2},"end":{"line":210,"column":2}},{"start":{"line":210,"column":2},"end":{"line":210,"column":2}}]},"20":{"line":214,"type":"if","locations":[{"start":{"
[...]
rt":{"line":58,"column":6},"end":{"line":58,"column":22}},"20":{"start":{"line":66,"column":0},"end":{"line":78,"column":2}},"21":{"start":{"line":67,"column":2},"end":{"line":67,"column":22}},"22":{"start":{"line":69,"column":2},"end":{"line":77,"column":5}},"23":{"start":{"line":70,"column":4},"end":{"line":76,"column":5}},"24":{"start":{"line":71,"column":6},"end":{"line":73,"column":9}},"25":{"start":{"line":75,"column":6},"end":{"line":75,"column":22}},"26":{"start":{"line":83,"column":0},"end":{"line":93,"column":2}},"27":{"start":{"line":84,"column":2},"end":{"line":92,"column":5}},"28":{"start":{"line":85,"column":4},"end":{"line":91,"column":5}},"29":{"start":{"line":86,"column":6},"end":{"line":88,"column":9}},"30":{"start":{"line":90,"column":6},"end":{"line":90,"column":23}},"31":{"start":{"line":98,"column":0},"end":{"line":117,"column":2}},"32":{"start":{"line":100,"column":2},"end":{"line":104,"column":3}},"33":{"start":{"line":101,"column":4},"end":{"line":103,"column":7}},"34":{"start":{"line":106,"column":2},"end":{"line":116,"column":5}},"35":{"start":{"line":107,"column":4},"end":{"line":113,"column":5}},"36":{"start":{"line":108,"column":6},"end":{"line":108,"column":23}},"37":{"start":{"line":109,"column":11},"end":{"line":113,"column":5}},"38":{"start":{"line":110,"column":6},"end":{"line":112,"column":9}},"39":{"start":{"line":114,"column":4},"end":{"line":114,"column":20}},"40":{"start":{"line":115,"column":4},"end":{"line":115,"column":11}}},"branchMap":{"1":{"line":20,"type":"if","locations":[{"start":{"line":20,"column":4},"end":{"line":20,"column":4}},{"start":{"line":20,"column":4},"end":{"line":20,"column":4}}]},"2":{"line":35,"type":"cond-expr","locations":[{"start":{"line":35,"column":24},"end":{"line":35,"column":41}},{"start":{"line":35,"column":44},"end":{"line":35,"column":46}}]},"3":{"line":39,"type":"binary-expr","locations":[{"start":{"line":39,"column":28},"end":{"line":39,"column":36}},{"start":{"line":39,"column":40},"end":{"line":39,"column":49}},{"start":{"line":39,"column":53},"end":{"line":39,"column":105}}]},"4":{"line":53,"type":"if","locations":[{"start":{"line":53,"column":4},"end":{"line":53,"column":4}},{"start":{"line":53,"column":4},"end":{"line":53,"column":4}}]},"5":{"line":70,"type":"if","locations":[{"start":{"line":70,"column":4},"end":{"line":70,"column":4}},{"start":{"line":70,"column":4},"end":{"line":70,"column":4}}]},"6":{"line":85,"type":"if","locations":[{"start":{"line":85,"column":4},"end":{"line":85,"column":4}},{"start":{"line":85,"column":4},"end":{"line":85,"column":4}}]},"7":{"line":100,"type":"if","locations":[{"start":{"line":100,"column":2},"end":{"line":100,"column":2}},{"start":{"line":100,"column":2},"end":{"line":100,"column":2}}]},"8":{"line":107,"type":"if","locations":[{"start":{"line":107,"column":4},"end":{"line":107,"column":4}},{"start":{"line":107,"column":4},"end":{"line":107,"column":4}}]},"9":{"line":109,"type":"if","locations":[{"start":{"line":109,"column":11},"end":{"line":109,"column":11}},{"start":{"line":109,"column":11},"end":{"line":109,"column":11}}]}}},"/Users/Verbal/edmond/mean/modules/users/server/routes/admin.server.routes.js":{"path":"/Users/Verbal/edmond/mean/modules/users/server/routes/admin.server.routes.js","s":{"1":1,"2":1,"3":4,"4":4,"5":4,"6":4},"b":{},"f":{"1":4},"fnMap":{"1":{"name":"(anonymous_1)","line":9,"loc":{"start":{"line":9,"column":17},"end":{"line":9,"column":32}}}},"statementMap":{"1":{"start":{"line":6,"column":0},"end":{"line":7,"column":60}},"2":{"start":{"line":9,"column":0},"end":{"line":25,"column":2}},"3":{"start":{"line":11,"column":2},"end":{"line":11,"column":43}},"4":{"start":{"line":14,"column":2},"end":{"line":15,"column":44}},"5":{"start":{"line":18,"column":2},"end":{"line":21,"column":49}},"6":{"start":{"line":24,"column":2},"end":{"line":24,"column":38}}},"branchMap":{}},"/Users/Verbal/edmond/mean/modules/users/server/controllers/admin.server.controller.js":{"path":"/Users/Verbal/edmond/mean/modules/users/server/controllers/admin.server.controller.js","s":{"1":1,"2":1,"3":1,"4":1,"5":1,"6":1,"7":1,"8":1,"9":1,"10":1,"11":1,"12":0,"13":1,"14":1,"15":1,"16":1,"17":1,"18":0,"19":1,"20":1,"21":1,"22":1,"23":0,"24":1,"25":1,"26":3,"27":0,"28":3,"29":3,"30":0,"31":3,"32":0,"33":3,"34":3},"b":{"1":[0,1],"2":[0,1],"3":[0,1],"4":[0,3],"5":[0,3],"6":[0,3]},"f":{"1":1,"2":1,"3":1,"4":1,"5":1,"6":1,"7":1,"8":3,"9":3},"fnMap":{"1":{"name":"(anonymous_1)","line":14,"loc":{"start":{"line":14,"column":15},"end":{"line":14,"column":35}}},"2":{"name":"(anonymous_2)","line":21,"loc":{"start":{"line":21,"column":17},"end":{"line":21,"column":37}}},"3":{"name":"(anonymous_3)","line":30,"loc":{"start":{"line":30,"column":12},"end":{"line":30,"column":27}}},"4":{"name":"(anonymous_4)","line":44,"loc":{"start":{"line":44,"column":17},"end":{"line":44,"column":37}}},"5":{"name":"(anonymous_5)","line":47,"loc":{"start":{"line":47,"column":14},"end":{"line":47,"column":29}}},"6":{"name":"(anonymous_6)","line":61,"loc":{"start":{"line":61,"column":15},"end":{"line":61,"column":35}}},"7":{"name":"(anonymous_7)","line":62,"loc":{"start":{"line":62,"column":89},"end":{"line":62,"column":111}}},"8":{"name":"(anonymous_8)","line":76,"loc":{"start":{"line":76,"column":19},"end":{"line":76,"column":49}}},"9":{"name":"(anonymous_9)","line":83,"loc":{"start":{"line":83,"column":44},"end":{"line":83,"column":65}}}},"statementMap":{"1":{"start":{"line":6,"column":0},"end":{"line":9,"column":101}},"2":{"start":{"line":14,"column":0},"end":{"line":16,"column":2}},"3":{"start":{"line":15,"column":2},"end":{"line":15,"column":22}},"4":{"start":{"line":21,"column":0},"end":{"line":39,"column":2}},"5":{"start":{"line":22,"column":2},"end":{"line":22,"column":23}},"6":{"start":{"line":25,"column":2},"end":{"line":25,"column":38}},"7":{"start":{"line":26,"column":2},"end":{"line":26,"column":36}},"8":{"start":{"line":27,"column":2},"end":{"line":27,"column":58}},"9":{"start":{"line":28,"column":2},"end":{"line":28,"column":30}},"10":{"start":{"line":30,"column":2},"end":{"line":38,"column":5}},"11":{"start":{"line":31,"column":4},"end":{"line":35,"column":5}},"12":{"start":{"line":32,"column":6},"end":{"line":34,"column":9}},"13":{"start":{"line":37,"column":4},"end":{"line":37,"column":19}},"14":{"start":{"line":44,"column":0},"end":{"line":56,"column":2}},"15":{"start":{"line":45,"column":2},"end":{"line":45,"column":23}},"16":{"start":{"line":47,"column":2},"end":{"line":55,"column":5}},"17":{"start":{"line":48,"column":4},"end":{"line":52,"column":5}},"18":{"start":{"line":49,"column":6},"end":{"line":51,"column":9}},"19":{"start":{"line":54,"column":4},"end":{"line":54,"column":19}},"20":{"start":{"line":61,"column":0},"end":{"line":71,"column":2}},"21":{"start":{"line":62,"column":2},"end":{"line":70,"column":5}},"22":{"start":{"line":63,"column":4},"end":{"line":67,"column":5}},"23":{"start":{"line":64,"column":6},"end":{"line":66,"column":9}},"24":{"start":{"line":69,"column":4},"end":{"line":69,"column":20}},"25":{"start":{"line":76,"column":0},"end":{"line":93,"column":2}},"26":{"start":{"line":77,"column":2},"end":{"line":81,"column":3}},"27":{"start":{"line":78,"column":4},"end":{"line":80,"column":7}},"28":{"start":{"line":83,"column":2},"end":{"line":92,"column":5}},"29":{"start":{"line":84,"column":4},"end":{"line":88,"column":5}},"30":{"start":{"line":85,"column":6},"end":{"line":85,"column":23}},"31":{"start":{"line":86,"column":11},"end":{"line":88,"column":5}},"32":{"start":{"line":87,"column":6},"end":{"line":87,"column":58}},"33":{"start":{"line":90,"column":4},"end":{"line":90,"column":21}},"34":{"start":{"line":91,"column":4},"end":{"line":91,"column":11}}},"branchMap":{"1":{"line":31,"type":"if","locations":[{"start":{"line":31,"column":4},"end":{"line":31,"column":4}},{"start":{"line":31,"column":4},"end":{"line":31,"column":4}}]},"2":{"line":48,"type":"if","locations":[{"start":{"line":48,"column":4},"end":{"line":48,"column":4}},{"start":{"line":48,"column":4},"end":{"line":48,"column":4}}]},"3":{"line":63,"type":"if","locations":[{"start":{"line":63,"column":4},"end":{"line":63,"column":4}},{"start":{"line":63,"column":4},"end":{"line":63,"column":4}}]},"4":{"line":77,"type":"if","locations":[{"start":{"line":77,"column":2},"end":{"line":77,"column":2}},{"start":{"line":77,"column":2},"end":{"line":77,"column":2}}]},"5":{"line":84,"type":"if","locations":[{"start":{"line":84,"column":4},"end":{"line":84,"column":4}},{"start":{"line":84,"column":4},"end":{"line":84,"column":4}}]},"6":{"line":86,"type":"if","locations":[{"start":{"line":86,"column":11},"end":{"line":86,"column":11}},{"start":{"line":86,"column":11},"end":{"line":86,"column":11}}]}}},"/Users/Verbal/edmond/mean/modules/users/server/routes/users.server.routes.js":{"path":"/Users/Verbal/edmond/mean/modules/users/server/routes/users.server.routes.js","s":{"1":1,"2":8,"3":8,"4":8,"5":8,"6":8,"7":8,"8":8},"b":{},"f":{"1":8},"fnMap":{"1":{"name":"(anonymous_1)","line":3,"loc":{"start":{"line":3,"column":17},"end":{"line":3,"column":32}}}},"statementMap":{"1":{"start":{"line":3,"column":0},"end":{"line":16,"column":2}},"2":{"start":{"line":5,"column":2},"end":{"line":5,"column":64}},"3":{"start":{"line":8,"column":2},"end":{"line":8,"column":43}},"4":{"start":{"line":9,"column":2},"end":{"line":9,"column":44}},"5":{"start":{"line":10,"column":2},"end":{"line":10,"column":69}},"6":{"start":{"line":11,"column":2},"end":{"line":11,"column":62}},"7":{"start":{"line":12,"column":2},"end":{"line":12,"column":67}},"8":{"start":{"line":15,"column":2},"end":{"line":15,"column":38}}},"branchMap":{}},"/Users/Verbal/edmond/mean/modules/users/server/routes/auth.server.routes.js":{"path":"/Users/Verbal/edmond/mean/modules/users/server/routes/auth.server.routes.js","s":{"1":1,"2":1,"3":4,"4":4,"5":4,"6":4,"7":4,"8":4,"9":4,"10":4,"11":4,"12":4,"13":4,"14":4,"15":4,"16":4,"17":4,"18":4,"19":4,"20":4,"21":4},"b":{},"f":{"1":4},"fnMap":{"1":{"name":"(anonymous_1)","line":8,"loc":{"start":{"line":8,"column":17},"end":{"line":8,"column":32}}}},"statementMap":{"1":{"start":{"line":6,"column":0},"end":{"line":6,"column":35}},"2":{"start":{"line":8,"column":0},"end":{"line":57,"column":2}},"3":{"start":{"line":10,"column":2},"end":{"line":10,"column":64}},"4":{"start":{"line":13,"column":2},"end":{"line":13,"column":51}},"5":{"start":{"line":14,"column":2},"end":{"line":14,"column":68}},"6":{"start":{"line":15,"column":2},"end":{"line":15,"column":56}},"7":{"start":{"line":18,"column":2},"end":{"line":18,"column":51}},"8":{"start":{"line":19,"column":2},"end":{"line":19,"column":51}},"9":{"start":{"line":20,"column":2},"end":{"line":20,"column":52}},"10":{"start":{"line":23,"column":2},"end":{"line":25,"column":6}},"11":{"start":{"line":26,"column":2},"end":{"line":26,"column":80}},"12":{"start":{"line":29,"column":2},"end":{"line":29,"column":65}},"13":{"start":{"line":30,"column":2},"end":{"line":30,"column":78}},"14":{"start":{"line":33,"column":2},"end":{"line":38,"column":6}},"15":{"start":{"line":39,"column":2},"end":{"line":39,"column":76}},"16":{"start":{"line":42,"column":2},"end":{"line":47,"column":6}},"17":{"start":{"line":48,"column":2},"end":{"line":48,"column":80}},"18":{"start":{"line":51,"column":2},"end":{"line":51,"column":63}},"19":{"start":{"line":52,"column":2},"end":{"line":52,"column":76}},"20":{"start":{"line":55,"column":2},"end":{"line":55,"column":63}},"21":{"start":{"line":56,"column":2},"end":{"line":56,"column":76}}},"branchMap":{}},"/Users/Verbal/edmond/mean/modules/core/server/routes/core.server.routes.js":{"path":"/Users/Verbal/edmond/mean/modules/core/server/routes/core.server.routes.js","s":{"1":1,"2":4,"3":4,"4":4,"5":4},"b":{},"f":{"1":4},"fnMap":{"1":{"name":"(anonymous_1)","line":3,"loc":{"start":{"line":3,"column":17},"end":{"line":3,"column":32}}}},"statementMap":{"1":{"start":{"line":3,"column":0},"end":{"line":15,"column":2}},"2":{"start":{"line":5,"column":2},"end":{"line":5,"column":62}},"3":{"start":{"line":8,"column":2},"end":{"line":8,"column":57}},"4":{"start":{"line":11,"column":2},"end":{"line":11,"column":65}},"5":{"start":{"line":14,"column":2},"end":{"line":14,"column":40}}},"branchMap":{}},"/Users/Verbal/edmond/mean/modules/core/server/controllers/core.server.controller.js":{"path":"/Users/Verbal/edmond/mean/modules/core/server/controllers/core.server.controller.js","s":{"1":1,"2":1,"3":0,"4":0,"5":0,"6":0,"7":1,"8":0,"9":1,"10":0,"11":0,"12":0,"13":0},"b":{"1":[0,0]},"f":{"1":0,"2":0,"3":0,"4":0,"5":0,"6":0},"fnMap":{"1":{"name":"(anonymous_1)","line":8,"loc":{"start":{"line":8,"column":22},"end":{"line":8,"column":42}}},"2":{"name":"(anonymous_2)","line":34,"loc":{"start":{"line":34,"column":28},"end":{"line":34,"column":48}}},"3":{"name":"(anonymous_3)","line":44,"loc":{"start":{"line":44,"column":25},"end":{"line":44,"column":45}}},"4":{"name":"(anonymous_4)","line":47,"loc":{"start":{"line":47,"column":17},"end":{"line":47,"column":29}}},"5":{"name":"(anonymous_5)","line":52,"loc":{"start":{"line":52,"column":24},"end":{"line":52,"column":36}}},"6":{"name":"(anonymous_6)","line":57,"loc":{"start":{"line":57,"column":15},"end":{"line":57,"column":27}}}},"statementMap":{"1":{"start":{"line":3,"column":0},"end":{"line":3,"column":37}},"2":{"start":{"line":8,"column":0},"end":{"line":29,"column":2}},"3":{"start":{"line":10,"column":2},"end":{"line":10,"column":28}},"4":{"start":{"line":11,"column":2},"end":{"line":24,"column":3}},"5":{"start":{"line":12,"column":4},"end":{"line":23,"column":6}},"6":{"start":{"line":26,"column":2},"end":{"line":28,"column":5}},"7":{"start":{"line":34,"column":0},"end":{"line":38,"column":2}},"8":{"start":{"line":35,"column":2},"end":{"line":37,"column":5}},"9":{"start":{"line":44,"column":0},"end":{"line":61,"column":2}},"10":{"start":{"line":46,"column":2},"end":{"line":60,"column":5}},"11":{"start":{"line":48,"column":6},"end":{"line":50,"column":9}},"12":{"start":{"line":53,"column":6},"end":{"line":55,"column":9}},"13":{"start":{"line":58,"column":6},"end":{"line":58,"column":33}}},"branchMap":{"1":{"line":11,"type":"if","locations":[{"start":{"line":11,"column":2},"end":{"line":11,"column":2}},{"start":{"line":11,"column":2},"end":{"line":11,"column":2}}]}}},"/Users/Verbal/edmond/mean/config/lib/socket.io.js":{"path":"/Users/Verbal/edmond/mean/config/lib/socket.io.js","s":{"1":1,"2":1,"3":4,"4":4,"5":0,"6":0,"7":0,"8":0,"9":4,"10":4,"11":4,"12":4,"13":0,"14":0,"15":0,"16":0,"17":0,"18":0,"19":0,"20":0,"21":0,"22":0,"23":0,"24":0,"25":0,"26":0,"27":0,"28":4,"29":0,"30":0,"31":4},"b":{"1":[0,4],"2":[4,0],"3":[0,0],"4":[0,0],"5":[0,0],"6":[0,0],"7":[0,0]},"f":{"1":4,"2":0,"3":0,"4":0,"5":0,"6":0,"7":0,"8":0},"fnMap":{"1":{"name":"(anonymous_1)","line":16,"loc":{"start":{"line":16,"column":17},"end":{"line":16,"column":36}}},"2":{"name":"(anonymous_2)","line":70,"loc":{"start":{"line":70,"column":9},"end":{"line":70,"column":33}}},"3":{"name":"(anonymous_3)","line":72,"loc":{"start":{"line":72,"column":59},"end":{"line":72,"column":74}}},"4":{"name":"(anonymous_4)","line":79,"loc":{"start":{"line":79,"column":32},"end":{"line":79,"column":56}}},"5":{"name":"(anonymous_5)","line":87,"loc":{"start":{"line":87,"column":50},"end":{"line":87,"column":62}}},"6":{"name":"(anonymous_6)","line":88,"loc":{"start":{"line":88,"column":49},"end":{"line":88,"column":61}}},"7":{"name":"(anonymous_7)","line":101,"loc":{"start":{"line":101,"column":22},"end":{"line":101,"column":40}}},"8":{"name":"(anonymous_8)","line":102,"loc":{"start":{"line":102,"column":40},"end":{"line":102,"column":71}}}},"statementMap":{"1":{"start":{"line":4,"column":0},"end":{"line":13,"column":49}},"2":{"start":{"line":16,"column":0},"end":{"line":108,"column":2}},"3":{"start":{"line":17,"column":2},"end":{"line":17,"column":13}},"4":{"start":{"line":18,"column":2},"end":{"line":59,"column":3}},"5":{"start":{"line":20,"column":4},"end":{"line":20,"column":85}},"6":{"start":{"line":21,"column":4},"end":{"line":21,"column":87}},"7":{"start":{"line":22,"column":4},"end":{"line":52,"column":6}},"8":{"start":{"line":55,"column":4},"end":{"line":55,"column":46}},"9":{"start":{"line":58,"column":4},"end":{"line":58,"column":36}},"10":{"start":{"line":61,"column":2},"end":{"line":61,"column":35}},"11":{"start":{"line":64,"column":2},"end":{"line":67,"column":5}},"12":{"start":{"line":70,"column":2},"end":{"line":98,"column":5}},"13":{"start":{"line":72,"column":4},"end":{"line":97,"column":7}},"14":{"start":{"line":74,"column":6},"end":{"line":74,"column":113}},"15":{"start":{"line":76,"column":6},"end":{"line":76,"column":97}},"16":{"start":{"line":76,"column":22},"end":{"line":76,"column":97}},"17":{"start":{"line":79,"column":6},"end":{"line":96,"column":9}},"18":{"start":{"line":80,"column":8},"end":{"line":80,"column":41}},"19":{"start":{"line":80,"column":17},"end":{"line":80,"column":41}},"20":{"start":{"line":81,"column":8},"end":{"line":81,"column":94}},"21":{"start":{"line":81,"column":22},"end":{"line":81,"column":94}},"22":{"start":{"line":84,"column":8},"end":{"line":84,"column":41}},"23":{"start":{"line":87,"column":8},"end":{"line":95,"column":11}},"24":{"start":{"line":88,"column":10},"end":{"line":94,"column":13}},"25":{"start":{"line":89,"column":12},"end":{"line":93,"column":13}},"26":{"start":{"line":90,"column":14},"end":{"line":90,"column":31}},"27":{"start":{"line":92,"column":14},"end":{"line":92,"column":66}},"28":{"start":{"line":101,"column":2},"end":{"line":105,"column":5}},"29":{"start":{"line":102,"column":4},"end":{"line":104,"column":7}},"30":{"start":{"line":103,"column":6},"end":{"line":103,"column":61}},"31":{"start":{"line":107,"column":2},"end":{"line":107,"column":16}}},"branchMap":{"1":{"line":18,"type":"if","locations":[{"start":{"line":18,"column":2},"end":{"line":18,"column":2}},{"start":{"line":18,"column":2},"end":{"line":18,"column":2}}]},"2":{"line":18,"type":"binary-expr","locations":[{"start":{"line":18,"column":6},"end":{"line":18,"column":19}},{"start":{"line":18,"column":23},"end":{"line":18,"column":49}}]},"3":{"line":74,"type":"cond-expr","locations":[{"start":{"line":74,"column":53},"end":{"line":74,"column":100}},{"start":{"line":74,"column":103},"end":{"line":74,"column":112}}]},"4":{"line":76,"type":"if","locations":[{"start":{"line":76,"column":6},"end":{"line":76,"column":6}},{"start":{"line":76,"column":6},"end":{"line":76,"column":6}}]},"5":{"line":80,"type":"if","locations":[{"start":{"line":80,"column":8},"end":{"line":80,"column":8}},{"start":{"line":80,"column":8},"end":{"line":80,"column":8}}]},"6":{"line":81,"type":"if","locations":[{"start":{"line":81,"column":8},"end":{"line":81,"column":8}},{"start":{"line":81,"column":8},"end":{"line":81,"column":8}}]},"7":{"line":89,"type":"if","locations":[{"start":{"line":89,"column":12},"end":{"line":89,"column":12}},{"start":{"line":89,"column":12},"end":{"line":89,"column":12}}]}}},"/Users/Verbal/edmond/mean/config/lib/multer.js":{"path":"/Users/Verbal/edmond/mean/config/lib/multer.js","s":{"1":1,"2":0,"3":0,"4":0},"b":{"1":[0,0],"2":[0,0,0,0]},"f":{"1":0},"fnMap":{"1":{"name":"(anonymous_1)","line":3,"loc":{"start":{"line":3,"column":41},"end":{"line":3,"column":66}}}},"statementMap":{"1":{"start":{"line":3,"column":0},"end":{"line":8,"column":2}},"2":{"start":{"line":4,"column":2},"end":{"line":6,"column":3}},"3":{"start":{"line":5,"column":4},"end":{"line":5,"column":65}},"4":{"start":{"line":7,"column":2},"end":{"line":7,"column":17}}},"branchMap":{"1":{"line":4,"type":"if","locations":[{"start":{"line":4,"column":2},"end":{"line":4,"column":2}},{"start":{"line":4,"column":2},"end":{"line":4,"column":2}}]},"2":{"line":4,"type":"binary-expr","locations":[{"start":{"line":4,"column":6},"end":{"line":4,"column":35}},{"start":{"line":4,"column":39},"end":{"line":4,"column":68}},{"start":{"line":4,"column":72},"end":{"line":4,"column":102}},{"start":{"line":4,"column":106},"end":{"line":4,"column":135}}]}}}}