TN:
SF:/Users/Verbal/edmond/mean/test.js
FN:10,(anonymous_1)
FNF:1
FNH:1
FNDA:1,(anonymous_1)
DA:7,1
DA:8,1
DA:10,1
DA:11,1
LF:4
LH:4
BRF:0
BRH:0
end_of_record
TN:
SF:/Users/Verbal/edmond/mean/config/lib/app.js
FN:12,seedDB
FN:22,loadModels
FN:26,init
FN:27,(anonymous_4)
FN:35,start
FN:38,(anonymous_6)
FN:41,(anonymous_7)
FNF:7
FNH:3
FNDA:1,seedDB
FNDA:0,loadModels
FNDA:1,init
FNDA:1,(anonymous_4)
FNDA:0,start
FNDA:0,(anonymous_6)
FNDA:0,(anonymous_7)
DA:6,1
DA:12,1
DA:13,1
DA:14,0
DA:15,0
DA:20,1
DA:22,1
DA:23,0
DA:26,1
DA:27,1
DA:29,1
DA:30,1
DA:35,1
DA:36,0
DA:38,0
DA:41,0
DA:43,0
DA:45,0
DA:46,0
DA:47,0
DA:48,0
DA:49,0
DA:50,0
DA:51,0
DA:52,0
DA:53,0
DA:54,0
DA:56,0
LF:28
LH:10
BRDA:13,1,0,0
BRDA:13,1,1,1
BRDA:13,2,0,1
BRDA:13,2,1,1
BRDA:30,3,0,1
BRDA:30,3,1,0
BRDA:43,4,0,0
BRDA:43,4,1,0
BRDA:52,5,0,0
BRDA:52,5,1,0
BRDA:56,6,0,0
BRDA:56,6,1,0
BRF:12
BRH:4
end_of_record
TN:
SF:/Users/Verbal/edmond/mean/config/config.js
FN:15,(anonymous_1)
FN:24,(anonymous_2)
FN:33,(anonymous_3)
FN:56,(anonymous_4)
FN:75,(anonymous_5)
FN:95,(anonymous_6)
FN:117,(anonymous_7)
FN:131,(anonymous_8)
FN:166,(anonymous_9)
FNF:9
FNH:9
FNDA:37,(anonymous_1)
FNDA:22,(anonymous_2)
FNDA:78,(anonymous_3)
FNDA:1,(anonymous_4)
FNDA:1,(anonymous_5)
FNDA:5,(anonymous_6)
FNDA:1,(anonymous_7)
FNDA:1,(anonymous_8)
FNDA:1,(anonymous_9)
DA:6,1
DA:15,1
DA:17,37
DA:20,37
DA:23,37
DA:24,6
DA:25,22
DA:27,31
DA:28,30
DA:29,0
DA:31,30
DA:32,30
DA:33,20
DA:34,78
DA:35,60
DA:36,60
DA:37,60
DA:41,18
DA:43,78
DA:46,30
DA:50,37
DA:56,1
DA:57,1
DA:58,1
DA:59,1
DA:60,0
DA:61,0
DA:63,0
DA:65,0
DA:68,1
DA:75,1
DA:77,1
DA:78,1
DA:81,0
DA:82,0
DA:84,0
DA:85,0
DA:86,0
DA:87,0
DA:88,0
DA:95,1
DA:97,5
DA:98,3
DA:101,2
DA:102,1
DA:103,0
DA:104,0
DA:105,0
DA:106,0
DA:108,1
DA:110,1
DA:117,1
DA:119,1
DA:125,1
DA:131,1
DA:133,1
DA:139,1
DA:142,1
DA:145,1
DA:148,1
DA:151,1
DA:154,1
DA:157,1
DA:160,1
DA:166,1
DA:168,1
DA:171,1
DA:174,1
DA:177,1
DA:180,1
DA:183,1
DA:186,1
DA:189,1
DA:190,1
DA:193,1
DA:196,1
DA:199,1
DA:202,1
DA:205,1
DA:208,1
DA:213,1
DA:219,1
LF:82
LH:66
BRDA:23,1,0,6
BRDA:23,1,1,31
BRDA:27,2,0,30
BRDA:27,2,1,1
BRDA:28,3,0,0
BRDA:28,3,1,30
BRDA:32,4,0,20
BRDA:32,4,1,10
BRDA:34,5,0,60
BRDA:34,5,1,18
BRDA:36,6,0,60
BRDA:36,6,1,0
BRDA:59,7,0,0
BRDA:59,7,1,1
BRDA:60,8,0,0
BRDA:60,8,1,0
BRDA:77,9,0,1
BRDA:77,9,1,0
BRDA:77,10,0,1
BRDA:77,10,1,0
BRDA:84,11,0,0
BRDA:84,11,1,0
BRDA:84,12,0,0
BRDA:84,12,1,0
BRDA:97,13,0,3
BRDA:97,13,1,2
BRDA:101,14,0,1
BRDA:101,14,1,1
BRDA:102,15,0,0
BRDA:102,15,1,1
BRDA:174,16,0,1
BRDA:174,16,1,0
BRDA:183,17,0,1
BRDA:183,17,1,0
BRDA:193,18,0,1
BRDA:193,18,1,0
BRDA:193,18,2,1
BRF:37
BRH:22
end_of_record
TN:
SF:/Users/Verbal/edmond/mean/config/assets/default.js
FNF:0
FNH:0
DA:3,1
LF:1
LH:1
BRF:0
BRH:0
end_of_record
TN:
SF:/Users/Verbal/edmond/mean/config/assets/test.js
FNF:0
FNH:0
DA:3,1
LF:1
LH:1
BRF:0
BRH:0
end_of_record
TN:
SF:/Users/Verbal/edmond/mean/config/env/default.js
FNF:0
FNH:0
DA:3,1
LF:1
LH:1
BRDA:8,1,0,1
BRDA:8,1,1,1
BRDA:10,2,0,1
BRDA:10,2,1,1
BRDA:11,3,0,1
BRDA:11,3,1,1
BRDA:26,4,0,1
BRDA:26,4,1,1
BRF:8
BRH:8
end_of_record
TN:
SF:/Users/Verbal/edmond/mean/config/env/test.js
FNF:0
FNH:0
DA:3,1
DA:5,1
LF:2
LH:2
BRDA:7,1,0,1
BRDA:7,1,1,1
BRDA:7,1,2,1
BRDA:7,2,0,1
BRDA:7,2,1,1
BRDA:13,3,0,1
BRDA:13,3,1,1
BRDA:27,4,0,1
BRDA:27,4,1,1
BRDA:32,5,0,1
BRDA:32,5,1,1
BRDA:33,6,0,1
BRDA:33,6,1,1
BRDA:37,7,0,1
BRDA:37,7,1,1
BRDA:38,8,0,1
BRDA:38,8,1,1
BRDA:42,9,0,1
BRDA:42,9,1,1
BRDA:43,10,0,1
BRDA:43,10,1,1
BRDA:47,11,0,1
BRDA:47,11,1,1
BRDA:48,12,0,1
BRDA:48,12,1,1
BRDA:52,13,0,1
BRDA:52,13,1,1
BRDA:53,14,0,1
BRDA:53,14,1,1
BRDA:57,15,0,1
BRDA:57,15,1,1
BRDA:58,16,0,1
BRDA:58,16,1,1
BRDA:63,17,0,1
BRDA:63,17,1,1
BRDA:65,18,0,1
BRDA:65,18,1,1
BRDA:67,19,0,1
BRDA:67,19,1,1
BRDA:68,20,0,1
BRDA:68,20,1,1
BRDA:77,21,0,1
BRDA:77,21,1,1
BRDA:79,22,0,1
BRDA:79,22,1,1
BRDA:86,23,0,1
BRDA:86,23,1,1
BRDA:88,24,0,1
BRDA:88,24,1,1
BRDA:97,25,0,1
BRDA:97,25,1,1
BRF:51
BRH:51
end_of_record
TN:
SF:/Users/Verbal/edmond/mean/config/lib/mongoose.js
FN:12,(anonymous_1)
FN:14,(anonymous_2)
FN:22,(anonymous_3)
FN:25,(anonymous_4)
FN:41,(anonymous_5)
FN:42,(anonymous_6)
FNF:6
FNH:4
FNDA:1,(anonymous_1)
FNDA:3,(anonymous_2)
FNDA:1,(anonymous_3)
FNDA:1,(anonymous_4)
FNDA:0,(anonymous_5)
FNDA:0,(anonymous_6)
DA:6,1
DA:12,1
DA:14,1
DA:15,3
DA:18,1
DA:22,1
DA:23,1
DA:25,1
DA:27,1
DA:28,0
DA:29,0
DA:33,1
DA:36,1
DA:41,1
DA:42,0
DA:43,0
DA:44,0
LF:17
LH:12
BRDA:18,1,0,1
BRDA:18,1,1,0
BRDA:27,2,0,0
BRDA:27,2,1,1
BRDA:36,3,0,1
BRDA:36,3,1,0
BRF:6
BRH:3
end_of_record
TN:
SF:/Users/Verbal/edmond/mean/config/lib/express.js
FN:27,(anonymous_1)
FN:44,(anonymous_2)
FN:54,(anonymous_3)
FN:63,(anonymous_4)
FN:100,(anonymous_5)
FN:112,(anonymous_6)
FN:137,(anonymous_7)
FN:138,(anonymous_8)
FN:146,(anonymous_9)
FN:164,(anonymous_10)
FN:169,(anonymous_11)
FN:177,(anonymous_12)
FN:179,(anonymous_13)
FN:187,(anonymous_14)
FN:189,(anonymous_15)
FN:197,(anonymous_16)
FN:198,(anonymous_17)
FN:215,(anonymous_18)
FN:226,(anonymous_19)
FNF:19
FNH:18
FNDA:4,(anonymous_1)
FNDA:97,(anonymous_2)
FNDA:4,(anonymous_3)
FNDA:97,(anonymous_4)
FNDA:4,(anonymous_5)
FNDA:4,(anonymous_6)
FNDA:4,(anonymous_7)
FNDA:12,(anonymous_8)
FNDA:4,(anonymous_9)
FNDA:4,(anonymous_10)
FNDA:20,(anonymous_11)
FNDA:4,(anonymous_12)
FNDA:12,(anonymous_13)
FNDA:4,(anonymous_14)
FNDA:24,(anonymous_15)
FNDA:4,(anonymous_16)
FNDA:0,(anonymous_17)
FNDA:4,(anonymous_18)
FNDA:4,(anonymous_19)
DA:6,1
DA:27,1
DA:29,4
DA:30,4
DA:31,4
DA:32,0
DA:34,4
DA:35,4
DA:36,4
DA:37,4
DA:38,4
DA:39,4
DA:40,4
DA:41,4
DA:44,4
DA:45,97
DA:46,97
DA:47,97
DA:54,1
DA:56,4
DA:59,4
DA:62,4
DA:64,97
DA:70,4
DA:73,4
DA:74,0
DA:78,4
DA:80,0
DA:81,4
DA:82,0
DA:86,4
DA:89,4
DA:90,4
DA:93,4
DA:94,4
DA:100,1
DA:102,4
DA:105,4
DA:106,4
DA:112,1
DA:114,4
DA:131,4
DA:137,1
DA:138,4
DA:139,12
DA:146,1
DA:148,4
DA:149,4
DA:150,4
DA:151,4
DA:152,4
DA:153,4
DA:158,4
DA:164,1
DA:166,4
DA:169,4
DA:170,20
DA:177,1
DA:179,4
DA:180,12
DA:187,1
DA:189,4
DA:190,24
DA:197,1
DA:198,4
DA:200,0
DA:201,0
DA:205,0
DA:208,0
DA:215,1
DA:217,4
DA:220,4
DA:226,1
DA:228,4
DA:231,4
DA:234,4
DA:237,4
DA:240,4
DA:243,4
DA:246,4
DA:249,4
DA:252,4
DA:255,4
DA:258,4
DA:261,4
DA:263,4
LF:86
LH:78
BRDA:31,1,0,0
BRDA:31,1,1,4
BRDA:31,2,0,4
BRDA:31,2,1,0
BRDA:73,3,0,0
BRDA:73,3,1,4
BRDA:78,4,0,0
BRDA:78,4,1,4
BRDA:81,5,0,0
BRDA:81,5,1,4
BRDA:121,6,0,4
BRDA:121,6,1,0
BRDA:200,7,0,0
BRDA:200,7,1,0
BRF:14
BRH:6
end_of_record
TN:
SF:/Users/Verbal/edmond/mean/config/lib/logger.js
FN:32,(anonymous_1)
FN:42,setupFileLogger
FN:75,getLogOptions
FN:114,getMorganOptions
FN:127,getLogFormat
FNF:5
FNH:4
FNDA:0,(anonymous_1)
FNDA:1,setupFileLogger
FNDA:4,getLogOptions
FNDA:1,getMorganOptions
FNDA:2,getLogFormat
DA:3,1
DA:10,1
DA:14,1
DA:31,1
DA:33,0
DA:42,1
DA:44,1
DA:45,1
DA:46,1
DA:49,0
DA:52,0
DA:53,0
DA:56,0
DA:58,0
DA:59,0
DA:60,0
DA:61,0
DA:62,0
DA:65,0
DA:75,1
DA:77,4
DA:78,4
DA:79,3
DA:82,4
DA:84,4
DA:85,3
DA:86,3
DA:89,1
DA:91,1
DA:114,1
DA:116,1
DA:127,1
DA:128,2
DA:131,2
DA:132,1
DA:134,1
DA:135,0
DA:136,0
DA:137,0
DA:141,2
DA:144,1
DA:146,1
LF:42
LH:28
BRDA:45,1,0,1
BRDA:45,1,1,0
BRDA:52,2,0,0
BRDA:52,2,1,0
BRDA:58,3,0,0
BRDA:58,3,1,0
BRDA:78,4,0,3
BRDA:78,4,1,1
BRDA:84,5,0,3
BRDA:84,5,1,1
BRDA:84,6,0,4
BRDA:84,6,1,1
BRDA:96,7,0,0
BRDA:96,7,1,1
BRDA:97,8,0,0
BRDA:97,8,1,1
BRDA:98,9,0,0
BRDA:98,9,1,1
BRDA:128,10,0,2
BRDA:128,10,1,0
BRDA:128,11,0,2
BRDA:128,11,1,2
BRDA:131,12,0,1
BRDA:131,12,1,1
BRDA:134,13,0,0
BRDA:134,13,1,1
BRF:26
BRH:16
end_of_record
TN:
SF:/Users/Verbal/edmond/mean/config/lib/seed.js
FN:12,removeUser
FN:13,(anonymous_2)
FN:15,(anonymous_3)
FN:24,saveUser
FN:25,(anonymous_5)
FN:26,(anonymous_6)
FN:28,(anonymous_7)
FN:39,checkUserNotExists
FN:40,(anonymous_9)
FN:42,(anonymous_10)
FN:56,reportSuccess
FN:57,(anonymous_12)
FN:58,(anonymous_13)
FN:68,seedTheUser
FN:69,(anonymous_15)
FN:70,(anonymous_16)
FN:81,(anonymous_17)
FN:84,(anonymous_18)
FN:91,(anonymous_19)
FN:94,(anonymous_20)
FN:103,reportError
FN:104,(anonymous_22)
FN:114,start
FN:133,(anonymous_24)
FN:142,(anonymous_25)
FN:153,(anonymous_26)
FNF:26
FNH:26
FNDA:7,removeUser
FNDA:7,(anonymous_2)
FNDA:7,(anonymous_3)
FNDA:10,saveUser
FNDA:9,(anonymous_5)
FNDA:9,(anonymous_6)
FNDA:9,(anonymous_7)
FNDA:3,checkUserNotExists
FNDA:3,(anonymous_9)
FNDA:3,(anonymous_10)
FNDA:10,reportSuccess
FNDA:8,(anonymous_12)
FNDA:8,(anonymous_13)
FNDA:11,seedTheUser
FNDA:10,(anonymous_15)
FNDA:10,(anonymous_16)
FNDA:2,(anonymous_17)
FNDA:1,(anonymous_18)
FNDA:6,(anonymous_19)
FNDA:1,(anonymous_20)
FNDA:7,reportError
FNDA:2,(anonymous_22)
FNDA:7,start
FNDA:7,(anonymous_24)
FNDA:2,(anonymous_25)
FNDA:3,(anonymous_26)
DA:3,1
DA:10,1
DA:12,1
DA:13,7
DA:14,7
DA:15,7
DA:16,7
DA:17,0
DA:19,7
DA:24,1
DA:25,10
DA:26,9
DA:28,9
DA:29,9
DA:30,1
DA:32,8
DA:39,1
DA:40,3
DA:41,3
DA:42,3
DA:43,3
DA:44,0
DA:47,3
DA:48,2
DA:50,1
DA:56,1
DA:57,10
DA:58,8
DA:59,8
DA:60,0
DA:62,8
DA:68,1
DA:69,11
DA:70,10
DA:72,10
DA:73,10
DA:75,10
DA:77,10
DA:78,3
DA:82,2
DA:85,1
DA:88,7
DA:92,6
DA:95,1
DA:103,1
DA:104,7
DA:105,2
DA:106,0
DA:107,0
DA:108,0
DA:110,2
DA:114,1
DA:116,7
DA:120,7
DA:121,7
DA:124,7
DA:125,2
DA:128,7
DA:129,2
DA:132,7
DA:133,7
DA:135,7
DA:136,7
DA:139,7
DA:140,3
DA:143,2
DA:149,4
DA:154,3
LF:68
LH:62
BRDA:16,1,0,0
BRDA:16,1,1,7
BRDA:29,2,0,1
BRDA:29,2,1,8
BRDA:43,3,0,0
BRDA:43,3,1,3
BRDA:47,4,0,2
BRDA:47,4,1,1
BRDA:59,5,0,0
BRDA:59,5,1,8
BRDA:77,6,0,3
BRDA:77,6,1,7
BRDA:77,7,0,10
BRDA:77,7,1,6
BRDA:105,8,0,0
BRDA:105,8,1,2
BRDA:120,9,0,7
BRDA:120,9,1,0
BRDA:124,10,0,2
BRDA:124,10,1,5
BRDA:128,11,0,2
BRDA:128,11,1,5
BRDA:139,12,0,3
BRDA:139,12,1,4
BRF:24
BRH:19
end_of_record
TN:
SF:/Users/Verbal/edmond/mean/modules/articles/server/models/article.server.model.js
FNF:0
FNH:0
DA:6,1
DA:12,1
DA:34,1
LF:3
LH:3
BRF:0
BRH:0
end_of_record
TN:
SF:/Users/Verbal/edmond/mean/modules/blues/server/models/blue.server.model.js
FNF:0
FNH:0
DA:6,1
DA:12,1
DA:29,1
LF:3
LH:3
BRF:0
BRH:0
end_of_record
TN:
SF:/Users/Verbal/edmond/mean/modules/users/server/models/user.server.model.js
FN:16,(anonymous_1)
FN:23,(anonymous_2)
FN:109,(anonymous_3)
FN:121,(anonymous_4)
FN:136,(anonymous_5)
FN:147,(anonymous_6)
FN:154,(anonymous_7)
FN:160,(anonymous_8)
FN:178,(anonymous_9)
FN:179,(anonymous_10)
FNF:10
FNH:8
FNDA:255,(anonymous_1)
FNDA:125,(anonymous_2)
FNDA:117,(anonymous_3)
FNDA:144,(anonymous_4)
FNDA:125,(anonymous_5)
FNDA:35,(anonymous_6)
FNDA:0,(anonymous_7)
FNDA:0,(anonymous_8)
FNDA:11,(anonymous_9)
FNDA:11,(anonymous_10)
DA:6,1
DA:16,1
DA:17,255
DA:23,1
DA:24,125
DA:30,1
DA:109,1
DA:110,117
DA:111,90
DA:112,90
DA:115,117
DA:121,1
DA:122,144
DA:123,110
DA:124,110
DA:125,6
DA:126,6
DA:130,144
DA:136,1
DA:137,125
DA:138,125
DA:140,0
DA:147,1
DA:148,35
DA:154,1
DA:155,0
DA:156,0
DA:158,0
DA:161,0
DA:162,0
DA:163,0
DA:165,0
DA:168,0
DA:178,1
DA:179,11
DA:180,11
DA:181,11
DA:185,11
DA:187,11
DA:196,11
DA:200,11
DA:201,0
DA:204,11
DA:209,1
LF:44
LH:34
BRDA:17,1,0,255
BRDA:17,1,1,8
BRDA:17,1,2,247
BRDA:24,2,0,125
BRDA:24,2,1,4
BRDA:24,2,2,121
BRDA:110,3,0,90
BRDA:110,3,1,27
BRDA:110,4,0,117
BRDA:110,4,1,105
BRDA:122,5,0,110
BRDA:122,5,1,34
BRDA:122,6,0,144
BRDA:122,6,1,138
BRDA:122,6,2,125
BRDA:124,7,0,6
BRDA:124,7,1,104
BRDA:137,8,0,125
BRDA:137,8,1,0
BRDA:137,9,0,125
BRDA:137,9,1,125
BRDA:156,10,0,0
BRDA:156,10,1,0
BRDA:161,11,0,0
BRDA:161,11,1,0
BRDA:162,12,0,0
BRDA:162,12,1,0
BRDA:165,13,0,0
BRDA:165,13,1,0
BRDA:185,14,0,22
BRDA:185,14,1,11
BRDA:200,15,0,0
BRDA:200,15,1,11
BRF:33
BRH:23
end_of_record
TN:
SF:/Users/Verbal/edmond/mean/modules/articles/server/config/articles.server.config.js
FN:12,(anonymous_1)
FNF:1
FNH:1
FNDA:4,(anonymous_1)
DA:6,1
DA:12,1
LF:2
LH:2
BRF:0
BRH:0
end_of_record
TN:
SF:/Users/Verbal/edmond/mean/modules/blues/server/config/blues.server.config.js
FN:12,(anonymous_1)
FNF:1
FNH:1
FNDA:4,(anonymous_1)
DA:6,1
DA:12,1
LF:2
LH:2
BRF:0
BRH:0
end_of_record
TN:
SF:/Users/Verbal/edmond/mean/modules/users/server/config/users.server.config.js
FN:14,(anonymous_1)
FN:16,(anonymous_2)
FN:21,(anonymous_3)
FN:24,(anonymous_4)
FN:30,(anonymous_5)
FNF:5
FNH:5
FNDA:4,(anonymous_1)
FNDA:37,(anonymous_2)
FNDA:68,(anonymous_3)
FNDA:68,(anonymous_4)
FNDA:28,(anonymous_5)
DA:6,1
DA:14,1
DA:16,4
DA:17,37
DA:21,4
DA:22,68
DA:25,68
DA:30,4
DA:31,28
DA:35,4
DA:36,4
LF:11
LH:11
BRF:0
BRH:0
end_of_record
TN:
SF:/Users/Verbal/edmond/mean/modules/users/server/config/strategies/facebook.js
FN:10,(anonymous_1)
FN:19,(anonymous_2)
FN:41,generateUsername
FNF:3
FNH:1
FNDA:4,(anonymous_1)
FNDA:0,(anonymous_2)
FNDA:0,generateUsername
DA:6,1
DA:10,1
DA:12,4
DA:21,0
DA:22,0
DA:23,0
DA:26,0
DA:39,0
DA:41,1
DA:42,0
DA:44,0
DA:45,0
DA:46,0
DA:47,0
DA:50,0
LF:15
LH:4
BRDA:30,1,0,0
BRDA:30,1,1,0
BRDA:31,2,0,0
BRDA:31,2,1,0
BRDA:32,3,0,0
BRDA:32,3,1,0
BRDA:44,4,0,0
BRDA:44,4,1,0
BRDA:46,5,0,0
BRDA:46,5,1,0
BRDA:50,6,0,0
BRDA:50,6,1,0
BRF:12
BRH:0
end_of_record
TN:
SF:/Users/Verbal/edmond/mean/modules/users/server/controllers/users.server.controller.js
FNF:0
FNH:0
DA:6,1
DA:11,1
LF:2
LH:2
BRF:0
BRH:0
end_of_record
TN:
SF:/Users/Verbal/edmond/mean/modules/users/server/controllers/users/users.authentication.server.controller.js
FN:21,(anonymous_1)
FN:31,(anonymous_2)
FN:41,(anonymous_3)
FN:55,(anonymous_4)
FN:56,(anonymous_5)
FN:64,(anonymous_6)
FN:78,(anonymous_7)
FN:86,(anonymous_8)
FN:87,(anonymous_9)
FN:101,(anonymous_10)
FN:102,(anonymous_11)
FN:107,(anonymous_12)
FN:114,(anonymous_13)
FN:128,(anonymous_14)
FN:148,(anonymous_15)
FN:155,(anonymous_16)
FN:168,(anonymous_17)
FN:194,(anonymous_18)
FN:206,(anonymous_19)
FN:226,(anonymous_20)
FN:232,(anonymous_21)
FNF:21
FNH:9
FNDA:1,(anonymous_1)
FNDA:1,(anonymous_2)
FNDA:1,(anonymous_3)
FNDA:32,(anonymous_4)
FNDA:32,(anonymous_5)
FNDA:32,(anonymous_6)
FNDA:1,(anonymous_7)
FNDA:24,(anonymous_8)
FNDA:0,(anonymous_9)
FNDA:24,(anonymous_10)
FNDA:0,(anonymous_11)
FNDA:0,(anonymous_12)
FNDA:0,(anonymous_13)
FNDA:0,(anonymous_14)
FNDA:0,(anonymous_15)
FNDA:0,(anonymous_16)
FNDA:0,(anonymous_17)
FNDA:0,(anonymous_18)
FNDA:0,(anonymous_19)
FNDA:0,(anonymous_20)
FNDA:0,(anonymous_21)
DA:6,1
DA:13,1
DA:21,1
DA:23,1
DA:26,1
DA:27,1
DA:28,1
DA:31,1
DA:32,1
DA:33,0
DA:38,1
DA:39,1
DA:41,1
DA:42,1
DA:43,0
DA:45,1
DA:55,1
DA:56,32
DA:57,32
DA:58,0
DA:61,32
DA:62,32
DA:64,32
DA:65,32
DA:66,0
DA:68,32
DA:78,1
DA:79,1
DA:80,1
DA:86,1
DA:87,24
DA:90,0
DA:91,0
DA:94,0
DA:101,1
DA:102,24
DA:104,0
DA:105,0
DA:107,0
DA:108,0
DA:109,0
DA:111,0
DA:112,0
DA:114,0
DA:115,0
DA:116,0
DA:119,0
DA:128,1
DA:129,0
DA:131,0
DA:132,0
DA:135,0
DA:136,0
DA:137,0
DA:140,0
DA:141,0
DA:144,0
DA:148,0
DA:149,0
DA:150,0
DA:152,0
DA:153,0
DA:155,0
DA:156,0
DA:168,0
DA:169,0
DA:173,0
DA:179,0
DA:182,0
DA:184,0
DA:185,0
DA:188,0
DA:191,0
DA:194,0
DA:195,0
DA:198,0
DA:206,1
DA:207,0
DA:208,0
DA:210,0
DA:211,0
DA:214,0
DA:215,0
DA:219,0
DA:220,0
DA:223,0
DA:226,0
DA:227,0
DA:228,0
DA:232,0
DA:233,0
DA:234,0
DA:236,0
LF:93
LH:31
BRDA:32,1,0,0
BRDA:32,1,1,1
BRDA:42,2,0,0
BRDA:42,2,1,1
BRDA:57,3,0,0
BRDA:57,3,1,32
BRDA:57,4,0,32
BRDA:57,4,1,32
BRDA:65,5,0,0
BRDA:65,5,1,32
BRDA:90,6,0,0
BRDA:90,6,1,0
BRDA:108,7,0,0
BRDA:108,7,1,0
BRDA:111,8,0,0
BRDA:111,8,1,0
BRDA:115,9,0,0
BRDA:115,9,1,0
BRDA:119,10,0,0
BRDA:119,10,1,0
BRDA:119,10,2,0
BRDA:129,11,0,0
BRDA:129,11,1,0
BRDA:149,12,0,0
BRDA:149,12,1,0
BRDA:152,13,0,0
BRDA:152,13,1,0
BRDA:153,14,0,0
BRDA:153,14,1,0
BRDA:153,15,0,0
BRDA:153,15,1,0
BRDA:182,16,0,0
BRDA:182,16,1,0
BRDA:182,17,0,0
BRDA:182,17,1,0
BRDA:182,17,2,0
BRDA:184,18,0,0
BRDA:184,18,1,0
BRDA:210,19,0,0
BRDA:210,19,1,0
BRDA:214,20,0,0
BRDA:214,20,1,0
BRDA:219,21,0,0
BRDA:219,21,1,0
BRDA:227,22,0,0
BRDA:227,22,1,0
BRDA:233,23,0,0
BRDA:233,23,1,0
BRF:48
BRH:6
end_of_record
TN:
SF:/Users/Verbal/edmond/mean/modules/core/server/controllers/errors.server.controller.js
FN:6,(anonymous_1)
FN:33,(anonymous_2)
FNF:2
FNH:2
FNDA:2,(anonymous_1)
FNDA:4,(anonymous_2)
DA:6,1
DA:7,2
DA:9,2
DA:10,2
DA:11,2
DA:14,0
DA:18,2
DA:20,2
DA:21,2
DA:24,0
DA:27,2
DA:33,1
DA:34,4
DA:36,4
DA:37,2
DA:40,2
DA:41,2
DA:43,0
DA:46,2
DA:47,2
DA:48,2
DA:53,4
LF:22
LH:19
BRDA:11,1,0,0
BRDA:11,1,1,2
BRDA:36,2,0,2
BRDA:36,2,1,2
BRDA:37,3,0,2
BRDA:37,3,1,2
BRDA:37,3,2,0
BRDA:47,4,0,2
BRDA:47,4,1,0
BRF:9
BRH:6
end_of_record
TN:
SF:/Users/Verbal/edmond/mean/modules/users/server/controllers/users/users.authorization.server.controller.js
FN:13,(anonymous_1)
FN:22,(anonymous_2)
FNF:2
FNH:2
FNDA:6,(anonymous_1)
FNDA:6,(anonymous_2)
DA:6,1
DA:13,1
DA:14,6
DA:15,0
DA:20,6
DA:23,6
DA:24,0
DA:25,6
DA:26,0
DA:29,6
DA:30,6
LF:11
LH:8
BRDA:14,1,0,0
BRDA:14,1,1,6
BRDA:23,2,0,0
BRDA:23,2,1,6
BRDA:25,3,0,0
BRDA:25,3,1,6
BRF:6
BRH:3
end_of_record
TN:
SF:/Users/Verbal/edmond/mean/modules/users/server/controllers/users/users.password.server.controller.js
FN:20,(anonymous_1)
FN:23,(anonymous_2)
FN:24,(anonymous_3)
FN:30,(anonymous_4)
FN:34,(anonymous_5)
FN:47,(anonymous_6)
FN:58,(anonymous_7)
FN:68,(anonymous_8)
FN:73,(anonymous_9)
FN:80,(anonymous_10)
FN:94,(anonymous_11)
FN:104,(anonymous_12)
FN:110,(anonymous_13)
FN:122,(anonymous_14)
FN:128,(anonymous_15)
FN:134,(anonymous_16)
FN:141,(anonymous_17)
FN:147,(anonymous_18)
FN:174,(anonymous_19)
FN:178,(anonymous_20)
FN:183,(anonymous_21)
FN:191,(anonymous_22)
FN:195,(anonymous_23)
FN:205,(anonymous_24)
FN:211,(anonymous_25)
FN:217,(anonymous_26)
FN:223,(anonymous_27)
FNF:27
FNH:16
FNDA:6,(anonymous_1)
FNDA:6,(anonymous_2)
FNDA:6,(anonymous_3)
FNDA:6,(anonymous_4)
FNDA:5,(anonymous_5)
FNDA:3,(anonymous_6)
FNDA:3,(anonymous_7)
FNDA:3,(anonymous_8)
FNDA:3,(anonymous_9)
FNDA:3,(anonymous_10)
FNDA:0,(anonymous_11)
FNDA:2,(anonymous_12)
FNDA:2,(anonymous_13)
FNDA:0,(anonymous_14)
FNDA:0,(anonymous_15)
FNDA:0,(anonymous_16)
FNDA:0,(anonymous_17)
FNDA:0,(anonymous_18)
FNDA:0,(anonymous_19)
FNDA:0,(anonymous_20)
FNDA:0,(anonymous_21)
FNDA:0,(anonymous_22)
FNDA:0,(anonymous_23)
FNDA:5,(anonymous_24)
FNDA:3,(anonymous_25)
FNDA:1,(anonymous_26)
FNDA:1,(anonymous_27)
DA:6,1
DA:15,1
DA:20,1
DA:21,6
DA:24,6
DA:25,6
DA:26,6
DA:31,6
DA:32,5
DA:35,5
DA:36,1
DA:39,4
DA:40,1
DA:44,3
DA:45,3
DA:47,3
DA:48,3
DA:53,1
DA:60,3
DA:61,3
DA:62,0
DA:64,3
DA:69,3
DA:74,3
DA:80,3
DA:81,3
DA:82,0
DA:86,3
DA:91,0
DA:95,0
DA:96,0
DA:104,1
DA:105,2
DA:111,2
DA:112,1
DA:115,1
DA:122,1
DA:124,0
DA:126,0
DA:129,0
DA:135,0
DA:136,0
DA:137,0
DA:138,0
DA:139,0
DA:141,0
DA:142,0
DA:143,0
DA:147,0
DA:148,0
DA:149,0
DA:152,0
DA:153,0
DA:155,0
DA:157,0
DA:163,0
DA:168,0
DA:175,0
DA:179,0
DA:184,0
DA:191,0
DA:192,0
DA:196,0
DA:197,0
DA:205,1
DA:207,5
DA:209,5
DA:210,4
DA:211,3
DA:212,3
DA:213,3
DA:214,2
DA:215,1
DA:217,1
DA:218,1
DA:219,0
DA:223,1
DA:224,1
DA:225,0
DA:227,1
DA:235,1
DA:240,1
DA:245,0
DA:251,1
DA:256,1
LF:85
LH:50
BRDA:31,1,0,5
BRDA:31,1,1,1
BRDA:35,2,0,1
BRDA:35,2,1,4
BRDA:35,3,0,5
BRDA:35,3,1,5
BRDA:39,4,0,1
BRDA:39,4,1,3
BRDA:61,5,0,0
BRDA:61,5,1,3
BRDA:61,6,0,3
BRDA:61,6,1,0
BRDA:81,7,0,0
BRDA:81,7,1,3
BRDA:95,8,0,0
BRDA:95,8,1,0
BRDA:111,9,0,1
BRDA:111,9,1,1
BRDA:111,10,0,2
BRDA:111,10,1,2
BRDA:135,11,0,0
BRDA:135,11,1,0
BRDA:135,12,0,0
BRDA:135,12,1,0
BRDA:136,13,0,0
BRDA:136,13,1,0
BRDA:142,14,0,0
BRDA:142,14,1,0
BRDA:148,15,0,0
BRDA:148,15,1,0
BRDA:196,16,0,0
BRDA:196,16,1,0
BRDA:209,17,0,4
BRDA:209,17,1,1
BRDA:210,18,0,3
BRDA:210,18,1,1
BRDA:212,19,0,3
BRDA:212,19,1,0
BRDA:212,20,0,3
BRDA:212,20,1,3
BRDA:213,21,0,2
BRDA:213,21,1,1
BRDA:214,22,0,1
BRDA:214,22,1,1
BRDA:218,23,0,0
BRDA:218,23,1,1
BRDA:224,24,0,0
BRDA:224,24,1,1
BRF:48
BRH:28
end_of_record
TN:
SF:/Users/Verbal/edmond/mean/modules/users/server/controllers/users/users.profile.server.controller.js
FN:18,(anonymous_1)
FN:31,(anonymous_2)
FN:37,(anonymous_3)
FN:56,(anonymous_4)
FN:65,(anonymous_5)
FN:73,(anonymous_6)
FN:79,(anonymous_7)
FN:100,(anonymous_8)
FNF:8
FNH:8
FNDA:5,(anonymous_1)
FNDA:4,(anonymous_2)
FNDA:2,(anonymous_3)
FNDA:3,(anonymous_4)
FNDA:2,(anonymous_5)
FNDA:1,(anonymous_6)
FNDA:1,(anonymous_7)
FNDA:2,(anonymous_8)
DA:6,1
DA:18,1
DA:20,5
DA:23,5
DA:25,5
DA:27,4
DA:28,4
DA:29,4
DA:31,4
DA:32,4
DA:33,2
DA:37,2
DA:38,2
DA:39,0
DA:41,2
DA:47,1
DA:56,1
DA:57,3
DA:58,3
DA:59,3
DA:62,3
DA:64,3
DA:65,2
DA:66,2
DA:67,1
DA:71,1
DA:73,1
DA:74,1
DA:75,0
DA:79,1
DA:80,1
DA:81,0
DA:83,1
DA:91,1
DA:100,1
DA:101,2
LF:36
LH:33
BRDA:25,1,0,4
BRDA:25,1,1,1
BRDA:32,2,0,2
BRDA:32,2,1,2
BRDA:38,3,0,0
BRDA:38,3,1,2
BRDA:64,4,0,2
BRDA:64,4,1,1
BRDA:66,5,0,1
BRDA:66,5,1,1
BRDA:74,6,0,0
BRDA:74,6,1,1
BRDA:80,7,0,0
BRDA:80,7,1,1
BRDA:101,8,0,2
BRDA:101,8,1,1
BRF:16
BRH:13
end_of_record
TN:
SF:/Users/Verbal/edmond/mean/modules/users/server/config/strategies/github.js
FN:10,(anonymous_1)
FN:18,(anonymous_2)
FNF:2
FNH:1
FNDA:4,(anonymous_1)
FNDA:0,(anonymous_2)
DA:6,1
DA:10,1
DA:12,4
DA:20,0
DA:21,0
DA:22,0
DA:25,0
DA:26,0
DA:27,0
DA:28,0
DA:30,0
DA:45,0
LF:12
LH:3
BRDA:25,1,0,0
BRDA:25,1,1,0
BRDA:27,2,0,0
BRDA:27,2,1,0
BRDA:28,3,0,0
BRDA:28,3,1,0
BRDA:34,4,0,0
BRDA:34,4,1,0
BRDA:34,5,0,0
BRDA:34,5,1,0
BRDA:37,6,0,0
BRDA:37,6,1,0
BRF:12
BRH:0
end_of_record
TN:
SF:/Users/Verbal/edmond/mean/modules/users/server/config/strategies/google.js
FN:10,(anonymous_1)
FN:18,(anonymous_2)
FNF:2
FNH:1
FNDA:4,(anonymous_1)
FNDA:0,(anonymous_2)
DA:6,1
DA:10,1
DA:12,4
DA:20,0
DA:21,0
DA:22,0
DA:25,0
DA:38,0
LF:8
LH:3
BRDA:31,1,0,0
BRDA:31,1,1,0
BRF:2
BRH:0
end_of_record
TN:
SF:/Users/Verbal/edmond/mean/modules/users/server/config/strategies/linkedin.js
FN:10,(anonymous_1)
FN:19,(anonymous_2)
FNF:2
FNH:1
FNDA:4,(anonymous_1)
FNDA:0,(anonymous_2)
DA:6,1
DA:10,1
DA:12,4
DA:21,0
DA:22,0
DA:23,0
DA:26,0
DA:39,0
LF:8
LH:3
BRDA:32,1,0,0
BRDA:32,1,1,0
BRF:2
BRH:0
end_of_record
TN:
SF:/Users/Verbal/edmond/mean/modules/users/server/config/strategies/local.js
FN:10,(anonymous_1)
FN:16,(anonymous_2)
FN:19,(anonymous_3)
FNF:3
FNH:3
FNDA:4,(anonymous_1)
FNDA:32,(anonymous_2)
FNDA:32,(anonymous_3)
DA:6,1
DA:10,1
DA:12,4
DA:17,32
DA:20,32
DA:21,0
DA:23,32
DA:24,0
DA:29,32
LF:9
LH:7
BRDA:20,1,0,0
BRDA:20,1,1,32
BRDA:23,2,0,0
BRDA:23,2,1,32
BRDA:23,3,0,32
BRDA:23,3,1,32
BRF:6
BRH:4
end_of_record
TN:
SF:/Users/Verbal/edmond/mean/modules/users/server/config/strategies/paypal.js
FN:10,(anonymous_1)
FN:20,(anonymous_2)
FNF:2
FNH:1
FNDA:4,(anonymous_1)
FNDA:0,(anonymous_2)
DA:6,1
DA:10,1
DA:11,4
DA:22,0
DA:23,0
DA:24,0
DA:27,0
DA:39,0
LF:8
LH:3
BRF:0
BRH:0
end_of_record
TN:
SF:/Users/Verbal/edmond/mean/modules/users/server/config/strategies/twitter.js
FN:10,(anonymous_1)
FN:18,(anonymous_2)
FNF:2
FNH:1
FNDA:4,(anonymous_1)
FNDA:0,(anonymous_2)
DA:6,1
DA:10,1
DA:12,4
DA:20,0
DA:21,0
DA:22,0
DA:25,0
DA:26,0
DA:27,0
DA:28,0
DA:30,0
DA:42,0
LF:12
LH:3
BRDA:27,1,0,0
BRDA:27,1,1,0
BRDA:28,2,0,0
BRDA:28,2,1,0
BRF:4
BRH:0
end_of_record
TN:
SF:/Users/Verbal/edmond/mean/modules/articles/server/policies/articles.server.policy.js
FN:14,(anonymous_1)
FN:48,(anonymous_2)
FN:57,(anonymous_3)
FNF:3
FNH:3
FNDA:4,(anonymous_1)
FNDA:18,(anonymous_2)
FNDA:15,(anonymous_3)
DA:6,1
DA:9,1
DA:14,1
DA:15,4
DA:48,1
DA:49,18
DA:52,18
DA:53,3
DA:57,15
DA:58,15
DA:60,0
DA:62,15
DA:64,13
DA:66,2
LF:14
LH:13
BRDA:49,1,0,13
BRDA:49,1,1,5
BRDA:52,2,0,3
BRDA:52,2,1,15
BRDA:52,3,0,18
BRDA:52,3,1,8
BRDA:52,3,2,5
BRDA:52,3,3,4
BRDA:58,4,0,0
BRDA:58,4,1,15
BRDA:62,5,0,13
BRDA:62,5,1,2
BRF:12
BRH:11
end_of_record
TN:
SF:/Users/Verbal/edmond/mean/modules/blues/server/policies/blues.server.policy.js
FN:14,(anonymous_1)
FN:48,(anonymous_2)
FN:57,(anonymous_3)
FNF:3
FNH:3
FNDA:4,(anonymous_1)
FNDA:13,(anonymous_2)
FNDA:11,(anonymous_3)
DA:6,1
DA:9,1
DA:14,1
DA:15,4
DA:48,1
DA:49,13
DA:52,13
DA:53,2
DA:57,11
DA:58,11
DA:60,0
DA:62,11
DA:64,9
DA:66,2
LF:14
LH:13
BRDA:49,1,0,9
BRDA:49,1,1,4
BRDA:52,2,0,2
BRDA:52,2,1,11
BRDA:52,3,0,13
BRDA:52,3,1,5
BRDA:52,3,2,3
BRDA:52,3,3,2
BRDA:58,4,0,0
BRDA:58,4,1,11
BRDA:62,5,0,9
BRDA:62,5,1,2
BRF:12
BRH:11
end_of_record
TN:
SF:/Users/Verbal/edmond/mean/modules/users/server/policies/admin.server.policy.js
FN:14,(anonymous_1)
FN:30,(anonymous_2)
FN:34,(anonymous_3)
FNF:3
FNH:3
FNDA:4,(anonymous_1)
FNDA:5,(anonymous_2)
FNDA:5,(anonymous_3)
DA:6,1
DA:9,1
DA:14,1
DA:15,4
DA:30,1
DA:31,5
DA:34,5
DA:35,5
DA:37,0
DA:39,5
DA:41,4
DA:43,1
LF:12
LH:11
BRDA:31,1,0,5
BRDA:31,1,1,0
BRDA:35,2,0,0
BRDA:35,2,1,5
BRDA:39,3,0,4
BRDA:39,3,1,1
BRF:6
BRH:4
end_of_record
TN:
SF:/Users/Verbal/edmond/mean/modules/articles/server/routes/articles.server.routes.js
FN:9,(anonymous_1)
FNF:1
FNH:1
FNDA:4,(anonymous_1)
DA:6,1
DA:9,1
DA:11,4
DA:16,4
DA:22,4
LF:5
LH:5
BRF:0
BRH:0
end_of_record
TN:
SF:/Users/Verbal/edmond/mean/modules/articles/server/controllers/articles.server.controller.js
FN:14,(anonymous_1)
FN:18,(anonymous_2)
FN:32,(anonymous_3)
FN:46,(anonymous_4)
FN:52,(anonymous_5)
FN:66,(anonymous_6)
FN:69,(anonymous_7)
FN:83,(anonymous_8)
FN:84,(anonymous_9)
FN:98,(anonymous_10)
FN:106,(anonymous_11)
FNF:11
FNH:11
FNDA:7,(anonymous_1)
FNDA:7,(anonymous_2)
FNDA:5,(anonymous_3)
FNDA:1,(anonymous_4)
FNDA:1,(anonymous_5)
FNDA:1,(anonymous_6)
FNDA:1,(anonymous_7)
FNDA:2,(anonymous_8)
FNDA:2,(anonymous_9)
FNDA:10,(anonymous_10)
FNDA:9,(anonymous_11)
DA:6,1
DA:14,1
DA:15,7
DA:16,7
DA:18,7
DA:19,7
DA:20,1
DA:24,6
DA:32,1
DA:34,5
DA:38,5
DA:40,5
DA:46,1
DA:47,1
DA:49,1
DA:50,1
DA:52,1
DA:53,1
DA:54,0
DA:58,1
DA:66,1
DA:67,1
DA:69,1
DA:70,1
DA:71,0
DA:75,1
DA:83,1
DA:84,2
DA:85,2
DA:86,0
DA:90,2
DA:98,1
DA:100,10
DA:101,1
DA:106,9
DA:107,9
DA:108,0
DA:109,9
DA:110,1
DA:114,8
DA:115,8
LF:41
LH:37
BRDA:19,1,0,1
BRDA:19,1,1,6
BRDA:34,2,0,5
BRDA:34,2,1,0
BRDA:38,3,0,5
BRDA:38,3,1,3
BRDA:38,3,2,2
BRDA:53,4,0,0
BRDA:53,4,1,1
BRDA:70,5,0,0
BRDA:70,5,1,1
BRDA:85,6,0,0
BRDA:85,6,1,2
BRDA:100,7,0,1
BRDA:100,7,1,9
BRDA:107,8,0,0
BRDA:107,8,1,9
BRDA:109,9,0,1
BRDA:109,9,1,8
BRF:19
BRH:14
end_of_record
TN:
SF:/Users/Verbal/edmond/mean/modules/blues/server/routes/blues.server.routes.js
FN:9,(anonymous_1)
FNF:1
FNH:1
FNDA:4,(anonymous_1)
DA:6,1
DA:9,1
DA:11,4
DA:15,4
DA:21,4
LF:5
LH:5
BRF:0
BRH:0
end_of_record
TN:
SF:/Users/Verbal/edmond/mean/modules/blues/server/controllers/blues.server.controller.js
FN:15,(anonymous_1)
FN:19,(anonymous_2)
FN:33,(anonymous_3)
FN:47,(anonymous_4)
FN:52,(anonymous_5)
FN:66,(anonymous_6)
FN:69,(anonymous_7)
FN:83,(anonymous_8)
FN:84,(anonymous_9)
FN:98,(anonymous_10)
FN:106,(anonymous_11)
FNF:11
FNH:11
FNDA:5,(anonymous_1)
FNDA:5,(anonymous_2)
FNDA:2,(anonymous_3)
FNDA:1,(anonymous_4)
FNDA:1,(anonymous_5)
FNDA:1,(anonymous_6)
FNDA:1,(anonymous_7)
FNDA:2,(anonymous_8)
FNDA:2,(anonymous_9)
FNDA:7,(anonymous_10)
FNDA:6,(anonymous_11)
DA:6,1
DA:15,1
DA:16,5
DA:17,5
DA:19,5
DA:20,5
DA:21,1
DA:25,4
DA:33,1
DA:35,2
DA:39,2
DA:41,2
DA:47,1
DA:48,1
DA:50,1
DA:52,1
DA:53,1
DA:54,0
DA:58,1
DA:66,1
DA:67,1
DA:69,1
DA:70,1
DA:71,0
DA:75,1
DA:83,1
DA:84,2
DA:85,2
DA:86,0
DA:90,2
DA:98,1
DA:100,7
DA:101,1
DA:106,6
DA:107,6
DA:108,0
DA:109,6
DA:110,1
DA:114,5
DA:115,5
LF:40
LH:36
BRDA:20,1,0,1
BRDA:20,1,1,4
BRDA:35,2,0,2
BRDA:35,2,1,0
BRDA:39,3,0,2
BRDA:39,3,1,1
BRDA:39,3,2,0
BRDA:53,4,0,0
BRDA:53,4,1,1
BRDA:70,5,0,0
BRDA:70,5,1,1
BRDA:85,6,0,0
BRDA:85,6,1,2
BRDA:100,7,0,1
BRDA:100,7,1,6
BRDA:107,8,0,0
BRDA:107,8,1,6
BRDA:109,9,0,1
BRDA:109,9,1,5
BRF:19
BRH:13
end_of_record
TN:
SF:/Users/Verbal/edmond/mean/modules/users/server/routes/admin.server.routes.js
FN:9,(anonymous_1)
FNF:1
FNH:1
FNDA:4,(anonymous_1)
DA:6,1
DA:9,1
DA:11,4
DA:14,4
DA:18,4
DA:24,4
LF:6
LH:6
BRF:0
BRH:0
end_of_record
TN:
SF:/Users/Verbal/edmond/mean/modules/users/server/controllers/admin.server.controller.js
FN:14,(anonymous_1)
FN:21,(anonymous_2)
FN:30,(anonymous_3)
FN:44,(anonymous_4)
FN:47,(anonymous_5)
FN:61,(anonymous_6)
FN:62,(anonymous_7)
FN:76,(anonymous_8)
FN:83,(anonymous_9)
FNF:9
FNH:9
FNDA:1,(anonymous_1)
FNDA:1,(anonymous_2)
FNDA:1,(anonymous_3)
FNDA:1,(anonymous_4)
FNDA:1,(anonymous_5)
FNDA:1,(anonymous_6)
FNDA:1,(anonymous_7)
FNDA:3,(anonymous_8)
FNDA:3,(anonymous_9)
DA:6,1
DA:14,1
DA:15,1
DA:21,1
DA:22,1
DA:25,1
DA:26,1
DA:27,1
DA:28,1
DA:30,1
DA:31,1
DA:32,0
DA:37,1
DA:44,1
DA:45,1
DA:47,1
DA:48,1
DA:49,0
DA:54,1
DA:61,1
DA:62,1
DA:63,1
DA:64,0
DA:69,1
DA:76,1
DA:77,3
DA:78,0
DA:83,3
DA:84,3
DA:85,0
DA:86,3
DA:87,0
DA:90,3
DA:91,3
LF:34
LH:28
BRDA:31,1,0,0
BRDA:31,1,1,1
BRDA:48,2,0,0
BRDA:48,2,1,1
BRDA:63,3,0,0
BRDA:63,3,1,1
BRDA:77,4,0,0
BRDA:77,4,1,3
BRDA:84,5,0,0
BRDA:84,5,1,3
BRDA:86,6,0,0
BRDA:86,6,1,3
BRF:12
BRH:6
end_of_record
TN:
SF:/Users/Verbal/edmond/mean/modules/users/server/routes/users.server.routes.js
FN:3,(anonymous_1)
FNF:1
FNH:1
FNDA:8,(anonymous_1)
DA:3,1
DA:5,8
DA:8,8
DA:9,8
DA:10,8
DA:11,8
DA:12,8
DA:15,8
LF:8
LH:8
BRF:0
BRH:0
end_of_record
TN:
SF:/Users/Verbal/edmond/mean/modules/users/server/routes/auth.server.routes.js
FN:8,(anonymous_1)
FNF:1
FNH:1
FNDA:4,(anonymous_1)
DA:6,1
DA:8,1
DA:10,4
DA:13,4
DA:14,4
DA:15,4
DA:18,4
DA:19,4
DA:20,4
DA:23,4
DA:26,4
DA:29,4
DA:30,4
DA:33,4
DA:39,4
DA:42,4
DA:48,4
DA:51,4
DA:52,4
DA:55,4
DA:56,4
LF:21
LH:21
BRF:0
BRH:0
end_of_record
TN:
SF:/Users/Verbal/edmond/mean/modules/core/server/routes/core.server.routes.js
FN:3,(anonymous_1)
FNF:1
FNH:1
FNDA:4,(anonymous_1)
DA:3,1
DA:5,4
DA:8,4
DA:11,4
DA:14,4
LF:5
LH:5
BRF:0
BRH:0
end_of_record
TN:
SF:/Users/Verbal/edmond/mean/modules/core/server/controllers/core.server.controller.js
FN:8,(anonymous_1)
FN:34,(anonymous_2)
FN:44,(anonymous_3)
FN:47,(anonymous_4)
FN:52,(anonymous_5)
FN:57,(anonymous_6)
FNF:6
FNH:0
FNDA:0,(anonymous_1)
FNDA:0,(anonymous_2)
FNDA:0,(anonymous_3)
FNDA:0,(anonymous_4)
FNDA:0,(anonymous_5)
FNDA:0,(anonymous_6)
DA:3,1
DA:8,1
DA:10,0
DA:11,0
DA:12,0
DA:26,0
DA:34,1
DA:35,0
DA:44,1
DA:46,0
DA:48,0
DA:53,0
DA:58,0
LF:13
LH:4
BRDA:11,1,0,0
BRDA:11,1,1,0
BRF:2
BRH:0
end_of_record
TN:
SF:/Users/Verbal/edmond/mean/config/lib/socket.io.js
FN:16,(anonymous_1)
FN:70,(anonymous_2)
FN:72,(anonymous_3)
FN:79,(anonymous_4)
FN:87,(anonymous_5)
FN:88,(anonymous_6)
FN:101,(anonymous_7)
FN:102,(anonymous_8)
FNF:8
FNH:1
FNDA:4,(anonymous_1)
FNDA:0,(anonymous_2)
FNDA:0,(anonymous_3)
FNDA:0,(anonymous_4)
FNDA:0,(anonymous_5)
FNDA:0,(anonymous_6)
FNDA:0,(anonymous_7)
FNDA:0,(anonymous_8)
DA:4,1
DA:16,1
DA:17,4
DA:18,4
DA:20,0
DA:21,0
DA:22,0
DA:55,0
DA:58,4
DA:61,4
DA:64,4
DA:70,4
DA:72,0
DA:74,0
DA:76,0
DA:79,0
DA:80,0
DA:81,0
DA:84,0
DA:87,0
DA:88,0
DA:89,0
DA:90,0
DA:92,0
DA:101,4
DA:102,0
DA:103,0
DA:107,4
LF:28
LH:10
BRDA:18,1,0,0
BRDA:18,1,1,4
BRDA:18,2,0,4
BRDA:18,2,1,0
BRDA:74,3,0,0
BRDA:74,3,1,0
BRDA:76,4,0,0
BRDA:76,4,1,0
BRDA:80,5,0,0
BRDA:80,5,1,0
BRDA:81,6,0,0
BRDA:81,6,1,0
BRDA:89,7,0,0
BRDA:89,7,1,0
BRF:14
BRH:2
end_of_record
TN:
SF:/Users/Verbal/edmond/mean/config/lib/multer.js
FN:3,(anonymous_1)
FNF:1
FNH:0
FNDA:0,(anonymous_1)
DA:3,1
DA:4,0
DA:5,0
DA:7,0
LF:4
LH:1
BRDA:4,1,0,0
BRDA:4,1,1,0
BRDA:4,2,0,0
BRDA:4,2,1,0
BRDA:4,2,2,0
BRDA:4,2,3,0
BRF:6
BRH:0
end_of_record
